<?xml version="1.0" encoding="utf-8"?>
<CoverageSession>
  <Summary numSequencePoints="1199" visitedSequencePoints="828" numBranchPoints="1199" visitedBranchPoints="828" sequenceCoverage="0,691" branchCoverage="0,691" maxCyclomaticComplexity="332" minCyclomaticComplexity="87" visitedClasses="10" numClasses="23" visitedMethods="84" numMethods="173" />
  <Modules>
    <Module hash="9BD12A0A-12DC-42ED-8A24-59600F87F5C5">
      <ModulePath>System.IO.Paging.LogicalLevel.dll</ModulePath>
      <ModuleTime>2019-02-10T10:11:48</ModuleTime>
      <ModuleName>System.IO.Paging.LogicalLevel</ModuleName>
      <Files>
        <File uid="1" fullPath="d:\git\System.IO.Paging\System.IO.Paging.LogicalLevel\LogicalPageManagerFactory.cs" />
        <File uid="2" fullPath="d:\git\System.IO.Paging\System.IO.Paging.LogicalLevel\Configuration\ExtensionBuilder.cs" />
        <File uid="3" fullPath="d:\git\System.IO.Paging\System.IO.Paging.LogicalLevel\Configuration\LogicalPageManagerConfiguration.cs" />
        <File uid="4" fullPath="d:\git\System.IO.Paging\System.IO.Paging.LogicalLevel\Classes\LogicalPageManager.cs" />
        <File uid="5" fullPath="d:\git\System.IO.Paging\System.IO.Paging.LogicalLevel\Classes\VirtualPageReference.cs" />
        <File uid="6" fullPath="d:\git\System.IO.Paging\System.IO.Paging.LogicalLevel\Classes\Transactions\TransactionContentResource.cs" />
        <File uid="7" fullPath="d:\git\System.IO.Paging\System.IO.Paging.LogicalLevel\Classes\Transactions\TransactionHeaderResource.cs" />
        <File uid="8" fullPath="d:\git\System.IO.Paging\System.IO.Paging.LogicalLevel\Classes\Transactions\TransactionProxyHeaderedPage.cs" />
        <File uid="9" fullPath="d:\git\System.IO.Paging\System.IO.Paging.LogicalLevel\Classes\Transactions\TransactionProxyPage.cs" />
        <File uid="10" fullPath="d:\git\System.IO.Paging\System.IO.Paging.LogicalLevel\Classes\OrderedPage\OrderedLogicalPageConfiguration.cs" />
        <File uid="11" fullPath="d:\git\System.IO.Paging\System.IO.Paging.LogicalLevel\Classes\OrderedPage\OrderedPage.cs" />
        <File uid="12" fullPath="d:\git\System.IO.Paging\System.IO.Paging.LogicalLevel\Classes\OrderedPage\SortStateContoller.cs" />
        <File uid="13" fullPath="d:\git\System.IO.Paging\System.IO.Paging.LogicalLevel\Classes\Factories\LogicalPageFactory.cs" />
        <File uid="14" fullPath="d:\git\System.IO.Paging\System.IO.Paging.LogicalLevel\Classes\ContiniousHeapPage\HeapHeader.cs" />
        <File uid="15" fullPath="d:\git\System.IO.Paging\System.IO.Paging.LogicalLevel\Classes\ContiniousHeapPage\LinkedPageHeaderBase.cs" />
        <File uid="16" fullPath="d:\git\System.IO.Paging\System.IO.Paging.LogicalLevel\Classes\ContiniousHeapPage\VirtualContiniousPage.cs" />
      </Files>
      <Classes>
        <Class>
          <Summary numSequencePoints="9" visitedSequencePoints="0" numBranchPoints="4" visitedBranchPoints="0" sequenceCoverage="0" branchCoverage="0" maxCyclomaticComplexity="2" minCyclomaticComplexity="1" visitedClasses="0" numClasses="1" visitedMethods="0" numMethods="3" />
          <FullName>System.IO.Paging.LogicalLevel.LogicalPageManagerFactory</FullName>
          <Methods>
            <Method cyclomaticComplexity="2" nPathComplexity="0" sequenceCoverage="0" branchCoverage="0" isConstructor="True" isGetter="False" isSetter="False" isStatic="True">
              <Summary numSequencePoints="3" visitedSequencePoints="0" numBranchPoints="2" visitedBranchPoints="0" sequenceCoverage="0" branchCoverage="0" maxCyclomaticComplexity="2" minCyclomaticComplexity="2" visitedClasses="0" numClasses="0" visitedMethods="0" numMethods="1" />
              <MetadataToken />
              <Name>System.IO.Paging.PhysicalLevel.Contracts.IPageManager System.IO.Paging.LogicalLevel.LogicalPageManagerFactory::CreateManagerWithAutoFileCreation(System.String,System.IO.Paging.PhysicalLevel.Configuration.PageManagerConfiguration)</Name>
              <FileRef uid="1" />
              <SequencePoints>
                <SequencePoint vc="0" upsid="17" ordinal="0" sl="17" sc="1" el="17" ec="2" bec="0" bev="0" fileid="1" />
                <SequencePoint vc="0" upsid="18" ordinal="1" sl="18" sc="1" el="18" ec="2" bec="0" bev="0" fileid="1" />
                <SequencePoint vc="0" upsid="19" ordinal="2" sl="19" sc="1" el="19" ec="2" bec="0" bev="0" fileid="1" />
              </SequencePoints>
              <BranchPoints>
                <BranchPoint vc="0" upsid="19" ordinal="0" path="0" offset="22" offsetend="24" sl="19" fileid="1" />
                <BranchPoint vc="0" upsid="19" ordinal="1" path="1" offset="22" offsetend="26" sl="19" fileid="1" />
              </BranchPoints>
              <MethodPoint vc="0" upsid="0" p8:type="SequencePoint" ordinal="0" offset="0" sc="0" sl="17" ec="1" el="19" bec="0" bev="0" fileid="1" xmlns:p8="xsi" />
            </Method>
            <Method cyclomaticComplexity="2" nPathComplexity="0" sequenceCoverage="0" branchCoverage="0" isConstructor="True" isGetter="False" isSetter="False" isStatic="True">
              <Summary numSequencePoints="3" visitedSequencePoints="0" numBranchPoints="2" visitedBranchPoints="0" sequenceCoverage="0" branchCoverage="0" maxCyclomaticComplexity="2" minCyclomaticComplexity="2" visitedClasses="0" numClasses="0" visitedMethods="0" numMethods="1" />
              <MetadataToken />
              <Name>System.IO.Paging.PhysicalLevel.Contracts.IPageManager System.IO.Paging.LogicalLevel.LogicalPageManagerFactory::CreateManagerForExistingFile(System.String,System.IO.Paging.PhysicalLevel.Configuration.PageManagerConfiguration)</Name>
              <FileRef uid="1" />
              <SequencePoints>
                <SequencePoint vc="0" upsid="24" ordinal="0" sl="24" sc="1" el="24" ec="2" bec="0" bev="0" fileid="1" />
                <SequencePoint vc="0" upsid="25" ordinal="1" sl="25" sc="1" el="25" ec="2" bec="0" bev="0" fileid="1" />
                <SequencePoint vc="0" upsid="26" ordinal="2" sl="26" sc="1" el="26" ec="2" bec="0" bev="0" fileid="1" />
              </SequencePoints>
              <BranchPoints>
                <BranchPoint vc="0" upsid="26" ordinal="0" path="0" offset="22" offsetend="24" sl="26" fileid="1" />
                <BranchPoint vc="0" upsid="26" ordinal="1" path="1" offset="22" offsetend="26" sl="26" fileid="1" />
              </BranchPoints>
              <MethodPoint vc="0" upsid="0" p8:type="SequencePoint" ordinal="1" offset="1" sc="0" sl="24" ec="1" el="26" bec="0" bev="0" fileid="1" xmlns:p8="xsi" />
            </Method>
            <Method cyclomaticComplexity="1" nPathComplexity="0" sequenceCoverage="0" branchCoverage="1" isConstructor="True" isGetter="False" isSetter="False" isStatic="True">
              <Summary numSequencePoints="3" visitedSequencePoints="0" numBranchPoints="0" visitedBranchPoints="0" sequenceCoverage="0" branchCoverage="1" maxCyclomaticComplexity="1" minCyclomaticComplexity="1" visitedClasses="0" numClasses="0" visitedMethods="0" numMethods="1" />
              <MetadataToken />
              <Name>System.Void System.IO.Paging.LogicalLevel.LogicalPageManagerFactory::.ctor()</Name>
              <FileRef uid="1" />
              <SequencePoints>
                <SequencePoint vc="0" upsid="31" ordinal="0" sl="31" sc="1" el="31" ec="2" bec="0" bev="0" fileid="1" />
                <SequencePoint vc="0" upsid="33" ordinal="1" sl="33" sc="1" el="33" ec="2" bec="0" bev="0" fileid="1" />
                <SequencePoint vc="0" upsid="34" ordinal="2" sl="34" sc="1" el="34" ec="2" bec="0" bev="0" fileid="1" />
              </SequencePoints>
              <BranchPoints />
              <MethodPoint vc="0" upsid="0" p8:type="SequencePoint" ordinal="2" offset="2" sc="0" sl="31" ec="1" el="34" bec="0" bev="0" fileid="1" xmlns:p8="xsi" />
            </Method>
          </Methods>
        </Class>
        <Class>
          <Summary numSequencePoints="38" visitedSequencePoints="0" numBranchPoints="10" visitedBranchPoints="0" sequenceCoverage="0" branchCoverage="0" maxCyclomaticComplexity="6" minCyclomaticComplexity="1" visitedClasses="0" numClasses="1" visitedMethods="0" numMethods="8" />
          <FullName>System.IO.Paging.LogicalLevel.Configuration.ExtensionBuilder</FullName>
          <Methods>
            <Method cyclomaticComplexity="4" nPathComplexity="0" sequenceCoverage="0" branchCoverage="0" isConstructor="False" isGetter="False" isSetter="False" isStatic="True">
              <Summary numSequencePoints="7" visitedSequencePoints="0" numBranchPoints="4" visitedBranchPoints="0" sequenceCoverage="0" branchCoverage="0" maxCyclomaticComplexity="4" minCyclomaticComplexity="4" visitedClasses="0" numClasses="0" visitedMethods="0" numMethods="1" />
              <MetadataToken />
              <Name>System.Void System.IO.Paging.LogicalLevel.Configuration.ExtensionBuilder::AddOrderingCommon(System.Func`2&lt;TRecord,TKey&gt;,System.IO.Paging.PhysicalLevel.Configuration.Builder.BuildingElements.PageDefinitionBuilder)</Name>
              <FileRef uid="2" />
              <SequencePoints>
                <SequencePoint vc="0" upsid="12" ordinal="0" sl="12" sc="1" el="12" ec="2" bec="0" bev="0" fileid="2" />
                <SequencePoint vc="0" upsid="13" ordinal="1" sl="13" sc="1" el="13" ec="2" bec="0" bev="0" fileid="2" />
                <SequencePoint vc="0" upsid="14" ordinal="2" sl="14" sc="1" el="14" ec="2" bec="0" bev="0" fileid="2" />
                <SequencePoint vc="0" upsid="15" ordinal="3" sl="15" sc="1" el="15" ec="2" bec="0" bev="0" fileid="2" />
                <SequencePoint vc="0" upsid="16" ordinal="4" sl="16" sc="1" el="16" ec="2" bec="0" bev="0" fileid="2" />
                <SequencePoint vc="0" upsid="17" ordinal="5" sl="17" sc="1" el="17" ec="2" bec="0" bev="0" fileid="2" />
                <SequencePoint vc="0" upsid="18" ordinal="6" sl="18" sc="1" el="18" ec="2" bec="0" bev="0" fileid="2" />
              </SequencePoints>
              <BranchPoints>
                <BranchPoint vc="0" upsid="12" ordinal="0" path="0" offset="11" offsetend="13" sl="12" fileid="2" />
                <BranchPoint vc="0" upsid="12" ordinal="1" path="1" offset="11" offsetend="24" sl="12" fileid="2" />
                <BranchPoint vc="0" upsid="15" ordinal="2" path="0" offset="52" offsetend="54" sl="15" fileid="2" />
                <BranchPoint vc="0" upsid="15" ordinal="3" path="1" offset="52" offsetend="81" sl="15" fileid="2" />
              </BranchPoints>
              <MethodPoint vc="0" upsid="0" p8:type="SequencePoint" ordinal="0" offset="0" sc="0" sl="12" ec="1" el="18" bec="0" bev="0" fileid="2" xmlns:p8="xsi" />
            </Method>
            <Method cyclomaticComplexity="1" nPathComplexity="0" sequenceCoverage="0" branchCoverage="1" isConstructor="False" isGetter="False" isSetter="False" isStatic="True">
              <Summary numSequencePoints="3" visitedSequencePoints="0" numBranchPoints="0" visitedBranchPoints="0" sequenceCoverage="0" branchCoverage="1" maxCyclomaticComplexity="1" minCyclomaticComplexity="1" visitedClasses="0" numClasses="0" visitedMethods="0" numMethods="1" />
              <MetadataToken />
              <Name>System.Void System.IO.Paging.LogicalLevel.Configuration.ExtensionBuilder::ApplyRecordOrdering(System.IO.Paging.PhysicalLevel.Configuration.Builder.BuildingElements.IHeaderedFixedPageBuilder`2&lt;TRecord,THeader&gt;,System.Func`2&lt;TRecord,TKey&gt;)</Name>
              <FileRef uid="2" />
              <SequencePoints>
                <SequencePoint vc="0" upsid="22" ordinal="0" sl="22" sc="1" el="22" ec="2" bec="0" bev="0" fileid="2" />
                <SequencePoint vc="0" upsid="23" ordinal="1" sl="23" sc="1" el="23" ec="2" bec="0" bev="0" fileid="2" />
                <SequencePoint vc="0" upsid="24" ordinal="2" sl="24" sc="1" el="24" ec="2" bec="0" bev="0" fileid="2" />
              </SequencePoints>
              <BranchPoints />
              <MethodPoint vc="0" upsid="0" p8:type="SequencePoint" ordinal="1" offset="1" sc="0" sl="22" ec="1" el="24" bec="0" bev="0" fileid="2" xmlns:p8="xsi" />
            </Method>
            <Method cyclomaticComplexity="1" nPathComplexity="0" sequenceCoverage="0" branchCoverage="1" isConstructor="False" isGetter="False" isSetter="False" isStatic="True">
              <Summary numSequencePoints="3" visitedSequencePoints="0" numBranchPoints="0" visitedBranchPoints="0" sequenceCoverage="0" branchCoverage="1" maxCyclomaticComplexity="1" minCyclomaticComplexity="1" visitedClasses="0" numClasses="0" visitedMethods="0" numMethods="1" />
              <MetadataToken />
              <Name>System.Void System.IO.Paging.LogicalLevel.Configuration.ExtensionBuilder::ApplyRecordOrdering(System.IO.Paging.PhysicalLevel.Configuration.Builder.BuildingElements.IHeaderedVariablePageBuilder`2&lt;TRecord,THeader&gt;,System.Func`2&lt;TRecord,TKey&gt;)</Name>
              <FileRef uid="2" />
              <SequencePoints>
                <SequencePoint vc="0" upsid="30" ordinal="0" sl="30" sc="1" el="30" ec="2" bec="0" bev="0" fileid="2" />
                <SequencePoint vc="0" upsid="31" ordinal="1" sl="31" sc="1" el="31" ec="2" bec="0" bev="0" fileid="2" />
                <SequencePoint vc="0" upsid="32" ordinal="2" sl="32" sc="1" el="32" ec="2" bec="0" bev="0" fileid="2" />
              </SequencePoints>
              <BranchPoints />
              <MethodPoint vc="0" upsid="0" p8:type="SequencePoint" ordinal="2" offset="2" sc="0" sl="30" ec="1" el="32" bec="0" bev="0" fileid="2" xmlns:p8="xsi" />
            </Method>
            <Method cyclomaticComplexity="1" nPathComplexity="0" sequenceCoverage="0" branchCoverage="1" isConstructor="False" isGetter="False" isSetter="False" isStatic="True">
              <Summary numSequencePoints="3" visitedSequencePoints="0" numBranchPoints="0" visitedBranchPoints="0" sequenceCoverage="0" branchCoverage="1" maxCyclomaticComplexity="1" minCyclomaticComplexity="1" visitedClasses="0" numClasses="0" visitedMethods="0" numMethods="1" />
              <MetadataToken />
              <Name>System.Void System.IO.Paging.LogicalLevel.Configuration.ExtensionBuilder::ApplyRecordOrdering(System.IO.Paging.PhysicalLevel.Configuration.Builder.BuildingElements.IVariablePageBuilder`1&lt;TRecord&gt;,System.Func`2&lt;TRecord,TKey&gt;)</Name>
              <FileRef uid="2" />
              <SequencePoints>
                <SequencePoint vc="0" upsid="36" ordinal="0" sl="36" sc="1" el="36" ec="2" bec="0" bev="0" fileid="2" />
                <SequencePoint vc="0" upsid="37" ordinal="1" sl="37" sc="1" el="37" ec="2" bec="0" bev="0" fileid="2" />
                <SequencePoint vc="0" upsid="38" ordinal="2" sl="38" sc="1" el="38" ec="2" bec="0" bev="0" fileid="2" />
              </SequencePoints>
              <BranchPoints />
              <MethodPoint vc="0" upsid="0" p8:type="SequencePoint" ordinal="3" offset="3" sc="0" sl="36" ec="1" el="38" bec="0" bev="0" fileid="2" xmlns:p8="xsi" />
            </Method>
            <Method cyclomaticComplexity="1" nPathComplexity="0" sequenceCoverage="0" branchCoverage="1" isConstructor="False" isGetter="False" isSetter="False" isStatic="True">
              <Summary numSequencePoints="3" visitedSequencePoints="0" numBranchPoints="0" visitedBranchPoints="0" sequenceCoverage="0" branchCoverage="1" maxCyclomaticComplexity="1" minCyclomaticComplexity="1" visitedClasses="0" numClasses="0" visitedMethods="0" numMethods="1" />
              <MetadataToken />
              <Name>System.Void System.IO.Paging.LogicalLevel.Configuration.ExtensionBuilder::ApplyRecordOrdering(System.IO.Paging.PhysicalLevel.Configuration.Builder.BuildingElements.IFixedPageBuilder`1&lt;TRecord&gt;,System.Func`2&lt;TRecord,TKey&gt;)</Name>
              <FileRef uid="2" />
              <SequencePoints>
                <SequencePoint vc="0" upsid="42" ordinal="0" sl="42" sc="1" el="42" ec="2" bec="0" bev="0" fileid="2" />
                <SequencePoint vc="0" upsid="43" ordinal="1" sl="43" sc="1" el="43" ec="2" bec="0" bev="0" fileid="2" />
                <SequencePoint vc="0" upsid="44" ordinal="2" sl="44" sc="1" el="44" ec="2" bec="0" bev="0" fileid="2" />
              </SequencePoints>
              <BranchPoints />
              <MethodPoint vc="0" upsid="0" p8:type="SequencePoint" ordinal="4" offset="4" sc="0" sl="42" ec="1" el="44" bec="0" bev="0" fileid="2" xmlns:p8="xsi" />
            </Method>
            <Method cyclomaticComplexity="1" nPathComplexity="0" sequenceCoverage="0" branchCoverage="1" isConstructor="False" isGetter="False" isSetter="False" isStatic="True">
              <Summary numSequencePoints="3" visitedSequencePoints="0" numBranchPoints="0" visitedBranchPoints="0" sequenceCoverage="0" branchCoverage="1" maxCyclomaticComplexity="1" minCyclomaticComplexity="1" visitedClasses="0" numClasses="0" visitedMethods="0" numMethods="1" />
              <MetadataToken />
              <Name>System.Void System.IO.Paging.LogicalLevel.Configuration.ExtensionBuilder::AsVirtualHeapPage(System.IO.Paging.PhysicalLevel.Configuration.Builder.BuildingElements.IFixedPageBuilder`1&lt;TRecord&gt;,System.Byte)</Name>
              <FileRef uid="2" />
              <SequencePoints>
                <SequencePoint vc="0" upsid="50" ordinal="0" sl="50" sc="1" el="50" ec="2" bec="0" bev="0" fileid="2" />
                <SequencePoint vc="0" upsid="51" ordinal="1" sl="51" sc="1" el="51" ec="2" bec="0" bev="0" fileid="2" />
                <SequencePoint vc="0" upsid="52" ordinal="2" sl="52" sc="1" el="52" ec="2" bec="0" bev="0" fileid="2" />
              </SequencePoints>
              <BranchPoints />
              <MethodPoint vc="0" upsid="0" p8:type="SequencePoint" ordinal="5" offset="5" sc="0" sl="50" ec="1" el="52" bec="0" bev="0" fileid="2" xmlns:p8="xsi" />
            </Method>
            <Method cyclomaticComplexity="1" nPathComplexity="0" sequenceCoverage="0" branchCoverage="1" isConstructor="False" isGetter="False" isSetter="False" isStatic="True">
              <Summary numSequencePoints="3" visitedSequencePoints="0" numBranchPoints="0" visitedBranchPoints="0" sequenceCoverage="0" branchCoverage="1" maxCyclomaticComplexity="1" minCyclomaticComplexity="1" visitedClasses="0" numClasses="0" visitedMethods="0" numMethods="1" />
              <MetadataToken />
              <Name>System.Void System.IO.Paging.LogicalLevel.Configuration.ExtensionBuilder::AsVirtualHeapPage(System.IO.Paging.PhysicalLevel.Configuration.Builder.BuildingElements.IVariablePageBuilder`1&lt;TRecord&gt;,System.Byte)</Name>
              <FileRef uid="2" />
              <SequencePoints>
                <SequencePoint vc="0" upsid="58" ordinal="0" sl="58" sc="1" el="58" ec="2" bec="0" bev="0" fileid="2" />
                <SequencePoint vc="0" upsid="59" ordinal="1" sl="59" sc="1" el="59" ec="2" bec="0" bev="0" fileid="2" />
                <SequencePoint vc="0" upsid="60" ordinal="2" sl="60" sc="1" el="60" ec="2" bec="0" bev="0" fileid="2" />
              </SequencePoints>
              <BranchPoints />
              <MethodPoint vc="0" upsid="0" p8:type="SequencePoint" ordinal="6" offset="6" sc="0" sl="58" ec="1" el="60" bec="0" bev="0" fileid="2" xmlns:p8="xsi" />
            </Method>
            <Method cyclomaticComplexity="6" nPathComplexity="0" sequenceCoverage="0" branchCoverage="0" isConstructor="False" isGetter="False" isSetter="False" isStatic="True">
              <Summary numSequencePoints="13" visitedSequencePoints="0" numBranchPoints="6" visitedBranchPoints="0" sequenceCoverage="0" branchCoverage="0" maxCyclomaticComplexity="6" minCyclomaticComplexity="6" visitedClasses="0" numClasses="0" visitedMethods="0" numMethods="1" />
              <MetadataToken />
              <Name>System.Void System.IO.Paging.LogicalLevel.Configuration.ExtensionBuilder::CreateVirtualHeapConfig(System.IO.Paging.PhysicalLevel.Configuration.Builder.BuildingElements.PageDefinitionBuilder,System.Byte)</Name>
              <FileRef uid="2" />
              <SequencePoints>
                <SequencePoint vc="0" upsid="66" ordinal="0" sl="66" sc="1" el="66" ec="2" bec="0" bev="0" fileid="2" />
                <SequencePoint vc="0" upsid="67" ordinal="1" sl="67" sc="1" el="67" ec="2" bec="0" bev="0" fileid="2" />
                <SequencePoint vc="0" upsid="68" ordinal="2" sl="68" sc="1" el="68" ec="2" bec="0" bev="0" fileid="2" />
                <SequencePoint vc="0" upsid="69" ordinal="3" sl="69" sc="1" el="69" ec="2" bec="0" bev="0" fileid="2" />
                <SequencePoint vc="0" upsid="70" ordinal="4" sl="70" sc="1" el="70" ec="2" bec="0" bev="0" fileid="2" />
                <SequencePoint vc="0" upsid="71" ordinal="5" sl="71" sc="1" el="71" ec="2" bec="0" bev="0" fileid="2" />
                <SequencePoint vc="0" upsid="72" ordinal="6" sl="72" sc="1" el="72" ec="2" bec="0" bev="0" fileid="2" />
                <SequencePoint vc="0" upsid="73" ordinal="7" sl="73" sc="1" el="73" ec="2" bec="0" bev="0" fileid="2" />
                <SequencePoint vc="0" upsid="74" ordinal="8" sl="74" sc="1" el="74" ec="2" bec="0" bev="0" fileid="2" />
                <SequencePoint vc="0" upsid="75" ordinal="9" sl="75" sc="1" el="75" ec="2" bec="0" bev="0" fileid="2" />
                <SequencePoint vc="0" upsid="76" ordinal="10" sl="76" sc="1" el="76" ec="2" bec="0" bev="0" fileid="2" />
                <SequencePoint vc="0" upsid="77" ordinal="11" sl="77" sc="1" el="77" ec="2" bec="0" bev="0" fileid="2" />
                <SequencePoint vc="0" upsid="79" ordinal="12" sl="79" sc="1" el="79" ec="2" bec="0" bev="0" fileid="2" />
              </SequencePoints>
              <BranchPoints>
                <BranchPoint vc="0" upsid="66" ordinal="0" path="0" offset="11" offsetend="13" sl="66" fileid="2" />
                <BranchPoint vc="0" upsid="66" ordinal="1" path="1" offset="11" offsetend="24" sl="66" fileid="2" />
                <BranchPoint vc="0" upsid="69" ordinal="2" path="0" offset="52" offsetend="54" sl="69" fileid="2" />
                <BranchPoint vc="0" upsid="69" ordinal="3" path="1" offset="52" offsetend="81" sl="69" fileid="2" />
                <BranchPoint vc="0" upsid="71" ordinal="4" path="0" offset="93" offsetend="95" sl="71" fileid="2" />
                <BranchPoint vc="0" upsid="71" ordinal="5" path="1" offset="93" offsetend="117" sl="71" fileid="2" />
              </BranchPoints>
              <MethodPoint vc="0" upsid="0" p8:type="SequencePoint" ordinal="7" offset="7" sc="0" sl="66" ec="1" el="79" bec="0" bev="0" fileid="2" xmlns:p8="xsi" />
            </Method>
          </Methods>
        </Class>
        <Class>
          <Summary numSequencePoints="3" visitedSequencePoints="0" numBranchPoints="0" visitedBranchPoints="0" sequenceCoverage="0" branchCoverage="1" maxCyclomaticComplexity="1" minCyclomaticComplexity="1" visitedClasses="0" numClasses="1" visitedMethods="0" numMethods="1" />
          <FullName>System.IO.Paging.LogicalLevel.Configuration.LogicalPageManagerConfiguration</FullName>
          <Methods>
            <Method cyclomaticComplexity="1" nPathComplexity="0" sequenceCoverage="0" branchCoverage="1" isConstructor="True" isGetter="False" isSetter="False" isStatic="True">
              <Summary numSequencePoints="3" visitedSequencePoints="0" numBranchPoints="0" visitedBranchPoints="0" sequenceCoverage="0" branchCoverage="1" maxCyclomaticComplexity="1" minCyclomaticComplexity="1" visitedClasses="0" numClasses="0" visitedMethods="0" numMethods="1" />
              <MetadataToken />
              <Name>System.Void System.IO.Paging.LogicalLevel.Configuration.LogicalPageManagerConfiguration::.ctor(System.IO.Paging.PhysicalLevel.Configuration.PageManagerConfiguration/PageSize)</Name>
              <FileRef uid="3" />
              <SequencePoints>
                <SequencePoint vc="0" upsid="8" ordinal="0" sl="8" sc="1" el="8" ec="2" bec="0" bev="0" fileid="3" />
                <SequencePoint vc="0" upsid="10" ordinal="1" sl="10" sc="1" el="10" ec="2" bec="0" bev="0" fileid="3" />
                <SequencePoint vc="0" upsid="13" ordinal="2" sl="13" sc="1" el="13" ec="2" bec="0" bev="0" fileid="3" />
              </SequencePoints>
              <BranchPoints />
              <MethodPoint vc="0" upsid="0" p8:type="SequencePoint" ordinal="0" offset="0" sc="0" sl="8" ec="1" el="13" bec="0" bev="0" fileid="3" xmlns:p8="xsi" />
            </Method>
          </Methods>
        </Class>
        <Class>
          <Summary numSequencePoints="49" visitedSequencePoints="0" numBranchPoints="20" visitedBranchPoints="0" sequenceCoverage="0" branchCoverage="0" maxCyclomaticComplexity="6" minCyclomaticComplexity="1" visitedClasses="0" numClasses="1" visitedMethods="0" numMethods="12" />
          <FullName>System.IO.Paging.LogicalLevel.Classes.LogicalPageManager</FullName>
          <Methods>
            <Method cyclomaticComplexity="2" nPathComplexity="0" sequenceCoverage="0" branchCoverage="0" isConstructor="False" isGetter="False" isSetter="False" isStatic="True">
              <Summary numSequencePoints="3" visitedSequencePoints="0" numBranchPoints="2" visitedBranchPoints="0" sequenceCoverage="0" branchCoverage="0" maxCyclomaticComplexity="2" minCyclomaticComplexity="2" visitedClasses="0" numClasses="0" visitedMethods="0" numMethods="1" />
              <MetadataToken />
              <Name>System.IO.Paging.PhysicalLevel.Classes.Pages.Contracts.IHeaderedPage`1&lt;THeader&gt; System.IO.Paging.LogicalLevel.Classes.LogicalPageManager::GetHeaderAccessor(System.IO.Paging.PhysicalLevel.Classes.References.PageReference)</Name>
              <FileRef uid="4" />
              <SequencePoints>
                <SequencePoint vc="0" upsid="31" ordinal="0" sl="31" sc="1" el="31" ec="2" bec="0" bev="0" fileid="4" />
                <SequencePoint vc="0" upsid="33" ordinal="1" sl="33" sc="1" el="33" ec="2" bec="0" bev="0" fileid="4" />
                <SequencePoint vc="0" upsid="35" ordinal="2" sl="35" sc="1" el="35" ec="2" bec="0" bev="0" fileid="4" />
              </SequencePoints>
              <BranchPoints>
                <BranchPoint vc="0" upsid="31" ordinal="0" path="0" offset="6" offsetend="8" sl="31" fileid="4" />
                <BranchPoint vc="0" upsid="31" ordinal="1" path="1" offset="6" offsetend="14" sl="31" fileid="4" />
              </BranchPoints>
              <MethodPoint vc="0" upsid="0" p8:type="SequencePoint" ordinal="0" offset="0" sc="0" sl="31" ec="1" el="35" bec="0" bev="0" fileid="4" xmlns:p8="xsi" />
            </Method>
            <Method cyclomaticComplexity="1" nPathComplexity="0" sequenceCoverage="0" branchCoverage="1" isConstructor="False" isGetter="False" isSetter="False" isStatic="True">
              <Summary numSequencePoints="1" visitedSequencePoints="0" numBranchPoints="0" visitedBranchPoints="0" sequenceCoverage="0" branchCoverage="1" maxCyclomaticComplexity="1" minCyclomaticComplexity="1" visitedClasses="0" numClasses="0" visitedMethods="0" numMethods="1" />
              <MetadataToken />
              <Name>System.IO.Paging.PhysicalLevel.Classes.Pages.Contracts.IPageInfo System.IO.Paging.LogicalLevel.Classes.LogicalPageManager::GetPageInfo(System.IO.Paging.PhysicalLevel.Classes.References.PageReference)</Name>
              <FileRef uid="4" />
              <SequencePoints>
                <SequencePoint vc="0" upsid="40" ordinal="0" sl="40" sc="1" el="40" ec="2" bec="0" bev="0" fileid="4" />
              </SequencePoints>
              <BranchPoints />
              <MethodPoint vc="0" upsid="0" p8:type="SequencePoint" ordinal="1" offset="1" sc="0" sl="40" ec="1" el="40" bec="0" bev="0" fileid="4" xmlns:p8="xsi" />
            </Method>
            <Method cyclomaticComplexity="1" nPathComplexity="0" sequenceCoverage="0" branchCoverage="1" isConstructor="False" isGetter="False" isSetter="False" isStatic="True">
              <Summary numSequencePoints="1" visitedSequencePoints="0" numBranchPoints="0" visitedBranchPoints="0" sequenceCoverage="0" branchCoverage="1" maxCyclomaticComplexity="1" minCyclomaticComplexity="1" visitedClasses="0" numClasses="0" visitedMethods="0" numMethods="1" />
              <MetadataToken />
              <Name>System.IO.Paging.PhysicalLevel.Classes.Pages.Contracts.IPhysicalLocks System.IO.Paging.LogicalLevel.Classes.LogicalPageManager::GetPageLocks(System.IO.Paging.PhysicalLevel.Classes.References.PageReference)</Name>
              <FileRef uid="4" />
              <SequencePoints>
                <SequencePoint vc="0" upsid="45" ordinal="0" sl="45" sc="1" el="45" ec="2" bec="0" bev="0" fileid="4" />
              </SequencePoints>
              <BranchPoints />
              <MethodPoint vc="0" upsid="0" p8:type="SequencePoint" ordinal="2" offset="2" sc="0" sl="45" ec="1" el="45" bec="0" bev="0" fileid="4" xmlns:p8="xsi" />
            </Method>
            <Method cyclomaticComplexity="6" nPathComplexity="0" sequenceCoverage="0" branchCoverage="0" isConstructor="False" isGetter="False" isSetter="False" isStatic="True">
              <Summary numSequencePoints="15" visitedSequencePoints="0" numBranchPoints="6" visitedBranchPoints="0" sequenceCoverage="0" branchCoverage="0" maxCyclomaticComplexity="6" minCyclomaticComplexity="6" visitedClasses="0" numClasses="0" visitedMethods="0" numMethods="1" />
              <MetadataToken />
              <Name>System.IO.Paging.PhysicalLevel.Classes.Pages.Contracts.IPage`1&lt;TRecord&gt; System.IO.Paging.LogicalLevel.Classes.LogicalPageManager::GetRecordAccessor(System.IO.Paging.PhysicalLevel.Classes.References.PageReference)</Name>
              <FileRef uid="4" />
              <SequencePoints>
                <SequencePoint vc="0" upsid="50" ordinal="0" sl="50" sc="1" el="50" ec="2" bec="0" bev="0" fileid="4" />
                <SequencePoint vc="0" upsid="51" ordinal="1" sl="51" sc="1" el="51" ec="2" bec="0" bev="0" fileid="4" />
                <SequencePoint vc="0" upsid="53" ordinal="2" sl="53" sc="1" el="53" ec="2" bec="0" bev="0" fileid="4" />
                <SequencePoint vc="0" upsid="55" ordinal="3" sl="55" sc="1" el="55" ec="2" bec="0" bev="0" fileid="4" />
                <SequencePoint vc="0" upsid="56" ordinal="4" sl="56" sc="1" el="56" ec="2" bec="0" bev="0" fileid="4" />
                <SequencePoint vc="0" upsid="57" ordinal="5" sl="57" sc="1" el="57" ec="2" bec="0" bev="0" fileid="4" />
                <SequencePoint vc="0" upsid="59" ordinal="6" sl="59" sc="1" el="59" ec="2" bec="0" bev="0" fileid="4" />
                <SequencePoint vc="0" upsid="62" ordinal="7" sl="62" sc="1" el="62" ec="2" bec="0" bev="0" fileid="4" />
                <SequencePoint vc="0" upsid="63" ordinal="8" sl="63" sc="1" el="63" ec="2" bec="0" bev="0" fileid="4" />
                <SequencePoint vc="0" upsid="64" ordinal="9" sl="64" sc="1" el="64" ec="2" bec="0" bev="0" fileid="4" />
                <SequencePoint vc="0" upsid="65" ordinal="10" sl="65" sc="1" el="65" ec="2" bec="0" bev="0" fileid="4" />
                <SequencePoint vc="0" upsid="66" ordinal="11" sl="66" sc="1" el="66" ec="2" bec="0" bev="0" fileid="4" />
                <SequencePoint vc="0" upsid="67" ordinal="12" sl="67" sc="1" el="67" ec="2" bec="0" bev="0" fileid="4" />
                <SequencePoint vc="0" upsid="68" ordinal="13" sl="68" sc="1" el="68" ec="2" bec="0" bev="0" fileid="4" />
                <SequencePoint vc="0" upsid="70" ordinal="14" sl="70" sc="1" el="70" ec="2" bec="0" bev="0" fileid="4" />
              </SequencePoints>
              <BranchPoints>
                <BranchPoint vc="0" upsid="51" ordinal="0" path="0" offset="8" offsetend="10" sl="51" fileid="4" />
                <BranchPoint vc="0" upsid="51" ordinal="1" path="1" offset="8" offsetend="71" sl="51" fileid="4" />
                <BranchPoint vc="0" upsid="62" ordinal="2" path="0" offset="106" offsetend="108" sl="62" fileid="4" />
                <BranchPoint vc="0" upsid="62" ordinal="3" path="1" offset="106" offsetend="131" sl="62" fileid="4" />
                <BranchPoint vc="0" upsid="65" ordinal="4" path="0" offset="144" offsetend="146" sl="65" fileid="4" />
                <BranchPoint vc="0" upsid="65" ordinal="5" path="1" offset="144" offsetend="171" sl="65" fileid="4" />
              </BranchPoints>
              <MethodPoint vc="0" upsid="0" p8:type="SequencePoint" ordinal="3" offset="3" sc="0" sl="50" ec="1" el="70" bec="0" bev="0" fileid="4" xmlns:p8="xsi" />
            </Method>
            <Method cyclomaticComplexity="1" nPathComplexity="0" sequenceCoverage="0" branchCoverage="1" isConstructor="False" isGetter="False" isSetter="False" isStatic="True">
              <Summary numSequencePoints="1" visitedSequencePoints="0" numBranchPoints="0" visitedBranchPoints="0" sequenceCoverage="0" branchCoverage="1" maxCyclomaticComplexity="1" minCyclomaticComplexity="1" visitedClasses="0" numClasses="0" visitedMethods="0" numMethods="1" />
              <MetadataToken />
              <Name>System.IO.Paging.PhysicalLevel.Classes.Pages.Contracts.IBinarySearcher`1&lt;TRecord&gt; System.IO.Paging.LogicalLevel.Classes.LogicalPageManager::GetBinarySearchForPage(System.IO.Paging.PhysicalLevel.Classes.References.PageReference)</Name>
              <FileRef uid="4" />
              <SequencePoints>
                <SequencePoint vc="0" upsid="75" ordinal="0" sl="75" sc="1" el="75" ec="2" bec="0" bev="0" fileid="4" />
              </SequencePoints>
              <BranchPoints />
              <MethodPoint vc="0" upsid="0" p8:type="SequencePoint" ordinal="4" offset="4" sc="0" sl="75" ec="1" el="75" bec="0" bev="0" fileid="4" xmlns:p8="xsi" />
            </Method>
            <Method cyclomaticComplexity="1" nPathComplexity="0" sequenceCoverage="0" branchCoverage="1" isConstructor="False" isGetter="False" isSetter="False" isStatic="True">
              <Summary numSequencePoints="1" visitedSequencePoints="0" numBranchPoints="0" visitedBranchPoints="0" sequenceCoverage="0" branchCoverage="1" maxCyclomaticComplexity="1" minCyclomaticComplexity="1" visitedClasses="0" numClasses="0" visitedMethods="0" numMethods="1" />
              <MetadataToken />
              <Name>System.IO.Paging.PhysicalLevel.Classes.Pages.Contracts.ILogicalRecordOrderManipulation System.IO.Paging.LogicalLevel.Classes.LogicalPageManager::GetSorter(System.IO.Paging.PhysicalLevel.Classes.References.PageReference)</Name>
              <FileRef uid="4" />
              <SequencePoints>
                <SequencePoint vc="0" upsid="80" ordinal="0" sl="80" sc="1" el="80" ec="2" bec="0" bev="0" fileid="4" />
              </SequencePoints>
              <BranchPoints />
              <MethodPoint vc="0" upsid="0" p8:type="SequencePoint" ordinal="5" offset="5" sc="0" sl="80" ec="1" el="80" bec="0" bev="0" fileid="4" xmlns:p8="xsi" />
            </Method>
            <Method cyclomaticComplexity="2" nPathComplexity="0" sequenceCoverage="0" branchCoverage="0" isConstructor="False" isGetter="False" isSetter="False" isStatic="True">
              <Summary numSequencePoints="4" visitedSequencePoints="0" numBranchPoints="2" visitedBranchPoints="0" sequenceCoverage="0" branchCoverage="0" maxCyclomaticComplexity="2" minCyclomaticComplexity="2" visitedClasses="0" numClasses="0" visitedMethods="0" numMethods="1" />
              <MetadataToken />
              <Name>System.IO.Paging.PhysicalLevel.Classes.References.PageReference System.IO.Paging.LogicalLevel.Classes.LogicalPageManager::CreatePage(System.Byte)</Name>
              <FileRef uid="4" />
              <SequencePoints>
                <SequencePoint vc="0" upsid="85" ordinal="0" sl="85" sc="1" el="85" ec="2" bec="0" bev="0" fileid="4" />
                <SequencePoint vc="0" upsid="86" ordinal="1" sl="86" sc="1" el="86" ec="2" bec="0" bev="0" fileid="4" />
                <SequencePoint vc="0" upsid="87" ordinal="2" sl="87" sc="1" el="87" ec="2" bec="0" bev="0" fileid="4" />
                <SequencePoint vc="0" upsid="89" ordinal="3" sl="89" sc="1" el="89" ec="2" bec="0" bev="0" fileid="4" />
              </SequencePoints>
              <BranchPoints>
                <BranchPoint vc="0" upsid="86" ordinal="0" path="0" offset="19" offsetend="21" sl="86" fileid="4" />
                <BranchPoint vc="0" upsid="86" ordinal="1" path="1" offset="19" offsetend="39" sl="86" fileid="4" />
              </BranchPoints>
              <MethodPoint vc="0" upsid="0" p8:type="SequencePoint" ordinal="6" offset="6" sc="0" sl="85" ec="1" el="89" bec="0" bev="0" fileid="4" xmlns:p8="xsi" />
            </Method>
            <Method cyclomaticComplexity="6" nPathComplexity="0" sequenceCoverage="0" branchCoverage="0" isConstructor="False" isGetter="False" isSetter="False" isStatic="True">
              <Summary numSequencePoints="7" visitedSequencePoints="0" numBranchPoints="6" visitedBranchPoints="0" sequenceCoverage="0" branchCoverage="0" maxCyclomaticComplexity="6" minCyclomaticComplexity="6" visitedClasses="0" numClasses="0" visitedMethods="0" numMethods="1" />
              <MetadataToken />
              <Name>System.IO.Paging.PhysicalLevel.Classes.References.PageReference System.IO.Paging.LogicalLevel.Classes.LogicalPageManager::ReturnPageUponConfig(System.Byte,System.IO.Paging.LogicalLevel.Configuration.LogicalPageConfiguration)</Name>
              <FileRef uid="4" />
              <SequencePoints>
                <SequencePoint vc="0" upsid="96" ordinal="0" sl="96" sc="1" el="96" ec="2" bec="0" bev="0" fileid="4" />
                <SequencePoint vc="0" upsid="99" ordinal="1" sl="99" sc="1" el="99" ec="2" bec="0" bev="0" fileid="4" />
                <SequencePoint vc="0" upsid="100" ordinal="2" sl="100" sc="1" el="100" ec="2" bec="0" bev="0" fileid="4" />
                <SequencePoint vc="0" upsid="102" ordinal="3" sl="102" sc="1" el="102" ec="2" bec="0" bev="0" fileid="4" />
                <SequencePoint vc="0" upsid="103" ordinal="4" sl="103" sc="1" el="103" ec="2" bec="0" bev="0" fileid="4" />
                <SequencePoint vc="0" upsid="105" ordinal="5" sl="105" sc="1" el="105" ec="2" bec="0" bev="0" fileid="4" />
                <SequencePoint vc="0" upsid="107" ordinal="6" sl="107" sc="1" el="107" ec="2" bec="0" bev="0" fileid="4" />
              </SequencePoints>
              <BranchPoints>
                <BranchPoint vc="0" upsid="96" ordinal="0" path="0" offset="3" offsetend="5" sl="96" fileid="4" />
                <BranchPoint vc="0" upsid="96" ordinal="2" path="0" offset="13" offsetend="15" sl="96" fileid="4" />
                <BranchPoint vc="0" upsid="96" ordinal="1" path="1" offset="3" offsetend="27" sl="96" fileid="4" />
                <BranchPoint vc="0" upsid="96" ordinal="3" path="1" offset="13" offsetend="40" sl="96" fileid="4" />
                <BranchPoint vc="0" upsid="96" ordinal="4" path="0" offset="23" offsetend="53" sl="96" fileid="4" />
                <BranchPoint vc="0" upsid="96" ordinal="5" path="1" offset="23" offsetend="74" sl="96" fileid="4" />
              </BranchPoints>
              <MethodPoint vc="0" upsid="0" p8:type="SequencePoint" ordinal="7" offset="7" sc="0" sl="96" ec="1" el="107" bec="0" bev="0" fileid="4" xmlns:p8="xsi" />
            </Method>
            <Method cyclomaticComplexity="2" nPathComplexity="0" sequenceCoverage="0" branchCoverage="0" isConstructor="False" isGetter="False" isSetter="False" isStatic="True">
              <Summary numSequencePoints="4" visitedSequencePoints="0" numBranchPoints="2" visitedBranchPoints="0" sequenceCoverage="0" branchCoverage="0" maxCyclomaticComplexity="2" minCyclomaticComplexity="2" visitedClasses="0" numClasses="0" visitedMethods="0" numMethods="1" />
              <MetadataToken />
              <Name>System.Void System.IO.Paging.LogicalLevel.Classes.LogicalPageManager::DeletePage(System.IO.Paging.PhysicalLevel.Classes.References.PageReference)</Name>
              <FileRef uid="4" />
              <SequencePoints>
                <SequencePoint vc="0" upsid="113" ordinal="0" sl="113" sc="1" el="113" ec="2" bec="0" bev="0" fileid="4" />
                <SequencePoint vc="0" upsid="114" ordinal="1" sl="114" sc="1" el="114" ec="2" bec="0" bev="0" fileid="4" />
                <SequencePoint vc="0" upsid="115" ordinal="2" sl="115" sc="1" el="115" ec="2" bec="0" bev="0" fileid="4" />
                <SequencePoint vc="0" upsid="116" ordinal="3" sl="116" sc="1" el="116" ec="2" bec="0" bev="0" fileid="4" />
              </SequencePoints>
              <BranchPoints>
                <BranchPoint vc="0" upsid="113" ordinal="0" path="0" offset="6" offsetend="8" sl="113" fileid="4" />
                <BranchPoint vc="0" upsid="113" ordinal="1" path="1" offset="6" offsetend="9" sl="113" fileid="4" />
              </BranchPoints>
              <MethodPoint vc="0" upsid="0" p8:type="SequencePoint" ordinal="8" offset="8" sc="0" sl="113" ec="1" el="116" bec="0" bev="0" fileid="4" xmlns:p8="xsi" />
            </Method>
            <Method cyclomaticComplexity="2" nPathComplexity="0" sequenceCoverage="0" branchCoverage="0" isConstructor="False" isGetter="False" isSetter="False" isStatic="True">
              <Summary numSequencePoints="4" visitedSequencePoints="0" numBranchPoints="2" visitedBranchPoints="0" sequenceCoverage="0" branchCoverage="0" maxCyclomaticComplexity="2" minCyclomaticComplexity="2" visitedClasses="0" numClasses="0" visitedMethods="0" numMethods="1" />
              <MetadataToken />
              <Name>System.Void System.IO.Paging.LogicalLevel.Classes.LogicalPageManager::RecreatePage(System.IO.Paging.PhysicalLevel.Classes.References.PageReference,System.Byte)</Name>
              <FileRef uid="4" />
              <SequencePoints>
                <SequencePoint vc="0" upsid="120" ordinal="0" sl="120" sc="1" el="120" ec="2" bec="0" bev="0" fileid="4" />
                <SequencePoint vc="0" upsid="121" ordinal="1" sl="121" sc="1" el="121" ec="2" bec="0" bev="0" fileid="4" />
                <SequencePoint vc="0" upsid="122" ordinal="2" sl="122" sc="1" el="122" ec="2" bec="0" bev="0" fileid="4" />
                <SequencePoint vc="0" upsid="123" ordinal="3" sl="123" sc="1" el="123" ec="2" bec="0" bev="0" fileid="4" />
              </SequencePoints>
              <BranchPoints>
                <BranchPoint vc="0" upsid="120" ordinal="0" path="0" offset="6" offsetend="8" sl="120" fileid="4" />
                <BranchPoint vc="0" upsid="120" ordinal="1" path="1" offset="6" offsetend="9" sl="120" fileid="4" />
              </BranchPoints>
              <MethodPoint vc="0" upsid="0" p8:type="SequencePoint" ordinal="9" offset="9" sc="0" sl="120" ec="1" el="123" bec="0" bev="0" fileid="4" xmlns:p8="xsi" />
            </Method>
            <Method cyclomaticComplexity="1" nPathComplexity="0" sequenceCoverage="0" branchCoverage="1" isConstructor="False" isGetter="False" isSetter="False" isStatic="True">
              <Summary numSequencePoints="2" visitedSequencePoints="0" numBranchPoints="0" visitedBranchPoints="0" sequenceCoverage="0" branchCoverage="1" maxCyclomaticComplexity="1" minCyclomaticComplexity="1" visitedClasses="0" numClasses="0" visitedMethods="0" numMethods="1" />
              <MetadataToken />
              <Name>System.Void System.IO.Paging.LogicalLevel.Classes.LogicalPageManager::Dispose()</Name>
              <FileRef uid="4" />
              <SequencePoints>
                <SequencePoint vc="0" upsid="150" ordinal="0" sl="150" sc="1" el="150" ec="2" bec="0" bev="0" fileid="4" />
                <SequencePoint vc="0" upsid="151" ordinal="1" sl="151" sc="1" el="151" ec="2" bec="0" bev="0" fileid="4" />
              </SequencePoints>
              <BranchPoints />
              <MethodPoint vc="0" upsid="0" p8:type="SequencePoint" ordinal="10" offset="10" sc="0" sl="150" ec="1" el="151" bec="0" bev="0" fileid="4" xmlns:p8="xsi" />
            </Method>
            <Method cyclomaticComplexity="1" nPathComplexity="0" sequenceCoverage="0" branchCoverage="1" isConstructor="True" isGetter="False" isSetter="False" isStatic="True">
              <Summary numSequencePoints="6" visitedSequencePoints="0" numBranchPoints="0" visitedBranchPoints="0" sequenceCoverage="0" branchCoverage="1" maxCyclomaticComplexity="1" minCyclomaticComplexity="1" visitedClasses="0" numClasses="0" visitedMethods="0" numMethods="1" />
              <MetadataToken />
              <Name>System.Void System.IO.Paging.LogicalLevel.Classes.LogicalPageManager::.ctor(System.IO.Paging.PhysicalLevel.Contracts.IPageManager,System.IO.Paging.LogicalLevel.Configuration.LogicalPageManagerConfiguration,System.IO.Paging.LogicalLevel.Classes.Factories.ILogicalPageFactory)</Name>
              <FileRef uid="4" />
              <SequencePoints>
                <SequencePoint vc="0" upsid="21" ordinal="0" sl="21" sc="1" el="21" ec="2" bec="0" bev="0" fileid="4" />
                <SequencePoint vc="0" upsid="22" ordinal="1" sl="22" sc="1" el="22" ec="2" bec="0" bev="0" fileid="4" />
                <SequencePoint vc="0" upsid="24" ordinal="2" sl="24" sc="1" el="24" ec="2" bec="0" bev="0" fileid="4" />
                <SequencePoint vc="0" upsid="25" ordinal="3" sl="25" sc="1" el="25" ec="2" bec="0" bev="0" fileid="4" />
                <SequencePoint vc="0" upsid="26" ordinal="4" sl="26" sc="1" el="26" ec="2" bec="0" bev="0" fileid="4" />
                <SequencePoint vc="0" upsid="27" ordinal="5" sl="27" sc="1" el="27" ec="2" bec="0" bev="0" fileid="4" />
              </SequencePoints>
              <BranchPoints />
              <MethodPoint vc="0" upsid="0" p8:type="SequencePoint" ordinal="11" offset="11" sc="0" sl="21" ec="1" el="27" bec="0" bev="0" fileid="4" xmlns:p8="xsi" />
            </Method>
          </Methods>
        </Class>
        <Class>
          <Summary numSequencePoints="10" visitedSequencePoints="0" numBranchPoints="8" visitedBranchPoints="0" sequenceCoverage="0" branchCoverage="0" maxCyclomaticComplexity="8" minCyclomaticComplexity="8" visitedClasses="0" numClasses="1" visitedMethods="0" numMethods="1" />
          <FullName>System.IO.Paging.LogicalLevel.Classes.LogicalPageManager/&lt;IteratePages&gt;d__14</FullName>
          <Methods>
            <Method cyclomaticComplexity="8" nPathComplexity="0" sequenceCoverage="0" branchCoverage="0" isConstructor="False" isGetter="False" isSetter="False" isStatic="True">
              <Summary numSequencePoints="10" visitedSequencePoints="0" numBranchPoints="8" visitedBranchPoints="0" sequenceCoverage="0" branchCoverage="0" maxCyclomaticComplexity="8" minCyclomaticComplexity="8" visitedClasses="0" numClasses="0" visitedMethods="0" numMethods="1" />
              <MetadataToken />
              <Name>System.Boolean System.IO.Paging.LogicalLevel.Classes.LogicalPageManager/&lt;IteratePages&gt;d__14::MoveNext()</Name>
              <FileRef uid="4" />
              <SequencePoints>
                <SequencePoint vc="0" upsid="127" ordinal="0" sl="127" sc="1" el="127" ec="2" bec="0" bev="0" fileid="4" />
                <SequencePoint vc="0" upsid="129" ordinal="1" sl="129" sc="1" el="129" ec="2" bec="0" bev="0" fileid="4" />
                <SequencePoint vc="0" upsid="130" ordinal="2" sl="130" sc="1" el="130" ec="2" bec="0" bev="0" fileid="4" />
                <SequencePoint vc="0" upsid="131" ordinal="3" sl="131" sc="1" el="131" ec="2" bec="0" bev="0" fileid="4" />
                <SequencePoint vc="0" upsid="134" ordinal="4" sl="134" sc="1" el="134" ec="2" bec="0" bev="0" fileid="4" />
                <SequencePoint vc="0" upsid="136" ordinal="5" sl="136" sc="1" el="136" ec="2" bec="0" bev="0" fileid="4" />
                <SequencePoint vc="0" upsid="139" ordinal="6" sl="139" sc="1" el="139" ec="2" bec="0" bev="0" fileid="4" />
                <SequencePoint vc="0" upsid="141" ordinal="7" sl="141" sc="1" el="141" ec="2" bec="0" bev="0" fileid="4" />
                <SequencePoint vc="0" upsid="143" ordinal="8" sl="143" sc="1" el="143" ec="2" bec="0" bev="0" fileid="4" />
                <SequencePoint vc="0" upsid="145" ordinal="9" sl="145" sc="1" el="145" ec="2" bec="0" bev="0" fileid="4" />
              </SequencePoints>
              <BranchPoints>
                <BranchPoint vc="0" upsid="127" ordinal="0" path="0" offset="72" offsetend="77" sl="127" fileid="4" />
                <BranchPoint vc="0" upsid="130" ordinal="2" path="0" offset="106" offsetend="108" sl="130" fileid="4" />
                <BranchPoint vc="0" upsid="130" ordinal="3" path="1" offset="106" offsetend="163" sl="130" fileid="4" />
                <BranchPoint vc="0" upsid="134" ordinal="5" path="1" offset="255" offsetend="201" sl="134" fileid="4" />
                <BranchPoint vc="0" upsid="134" ordinal="4" path="0" offset="255" offsetend="257" sl="134" fileid="4" />
                <BranchPoint vc="0" upsid="127" ordinal="1" path="1" offset="72" offsetend="272" sl="127" fileid="4" />
                <BranchPoint vc="0" upsid="141" ordinal="7" path="1" offset="361" offsetend="310" sl="141" fileid="4" />
                <BranchPoint vc="0" upsid="141" ordinal="6" path="0" offset="361" offsetend="363" sl="141" fileid="4" />
              </BranchPoints>
              <MethodPoint vc="0" upsid="0" p8:type="SequencePoint" ordinal="0" offset="0" sc="0" sl="127" ec="1" el="145" bec="0" bev="0" fileid="4" xmlns:p8="xsi" />
            </Method>
          </Methods>
        </Class>
        <Class>
          <Summary numSequencePoints="4" visitedSequencePoints="3" numBranchPoints="0" visitedBranchPoints="0" sequenceCoverage="0,75" branchCoverage="1" maxCyclomaticComplexity="1" minCyclomaticComplexity="1" visitedClasses="1" numClasses="1" visitedMethods="1" numMethods="2" />
          <FullName>System.IO.Paging.LogicalLevel.Classes.VirtualPageReference</FullName>
          <Methods>
            <Method cyclomaticComplexity="1" nPathComplexity="0" sequenceCoverage="0" branchCoverage="1" isConstructor="False" isGetter="True" isSetter="False" isStatic="True">
              <Summary numSequencePoints="1" visitedSequencePoints="0" numBranchPoints="0" visitedBranchPoints="0" sequenceCoverage="0" branchCoverage="1" maxCyclomaticComplexity="1" minCyclomaticComplexity="1" visitedClasses="0" numClasses="0" visitedMethods="0" numMethods="1" />
              <MetadataToken />
              <Name>System.Byte System.IO.Paging.LogicalLevel.Classes.VirtualPageReference::get_PageType()</Name>
              <FileRef uid="5" />
              <SequencePoints>
                <SequencePoint vc="0" upsid="7" ordinal="0" sl="7" sc="1" el="7" ec="2" bec="0" bev="0" fileid="5" />
              </SequencePoints>
              <BranchPoints />
              <MethodPoint vc="0" upsid="0" p8:type="SequencePoint" ordinal="0" offset="0" sc="0" sl="7" ec="1" el="7" bec="0" bev="0" fileid="5" xmlns:p8="xsi" />
            </Method>
            <Method cyclomaticComplexity="1" nPathComplexity="0" sequenceCoverage="1" branchCoverage="1" isConstructor="True" isGetter="False" isSetter="False" isStatic="True">
              <Summary numSequencePoints="3" visitedSequencePoints="3" numBranchPoints="0" visitedBranchPoints="0" sequenceCoverage="1" branchCoverage="1" maxCyclomaticComplexity="1" minCyclomaticComplexity="1" visitedClasses="0" numClasses="0" visitedMethods="1" numMethods="1" />
              <MetadataToken />
              <Name>System.Void System.IO.Paging.LogicalLevel.Classes.VirtualPageReference::.ctor(System.Int32,System.Byte)</Name>
              <FileRef uid="5" />
              <SequencePoints>
                <SequencePoint vc="6" upsid="8" ordinal="0" sl="8" sc="1" el="8" ec="2" bec="0" bev="0" fileid="5" />
                <SequencePoint vc="6" upsid="10" ordinal="1" sl="10" sc="1" el="10" ec="2" bec="0" bev="0" fileid="5" />
                <SequencePoint vc="6" upsid="11" ordinal="2" sl="11" sc="1" el="11" ec="2" bec="0" bev="0" fileid="5" />
              </SequencePoints>
              <BranchPoints />
              <MethodPoint vc="3" upsid="0" p8:type="SequencePoint" ordinal="1" offset="1" sc="0" sl="8" ec="1" el="11" bec="0" bev="0" fileid="5" xmlns:p8="xsi" />
            </Method>
          </Methods>
        </Class>
        <Class>
          <Summary numSequencePoints="20" visitedSequencePoints="0" numBranchPoints="0" visitedBranchPoints="0" sequenceCoverage="0" branchCoverage="1" maxCyclomaticComplexity="1" minCyclomaticComplexity="1" visitedClasses="0" numClasses="1" visitedMethods="0" numMethods="13" />
          <FullName>System.IO.Paging.LogicalLevel.Classes.Transactions.TransactionContentResource`1</FullName>
          <Methods>
            <Method cyclomaticComplexity="1" nPathComplexity="0" sequenceCoverage="0" branchCoverage="1" isConstructor="False" isGetter="True" isSetter="False" isStatic="True">
              <Summary numSequencePoints="1" visitedSequencePoints="0" numBranchPoints="0" visitedBranchPoints="0" sequenceCoverage="0" branchCoverage="1" maxCyclomaticComplexity="1" minCyclomaticComplexity="1" visitedClasses="0" numClasses="0" visitedMethods="0" numMethods="1" />
              <MetadataToken />
              <Name>System.Boolean System.IO.Paging.LogicalLevel.Classes.Transactions.TransactionContentResource`1::get_LockCapable()</Name>
              <FileRef uid="6" />
              <SequencePoints>
                <SequencePoint vc="0" upsid="26" ordinal="0" sl="26" sc="1" el="26" ec="2" bec="0" bev="0" fileid="6" />
              </SequencePoints>
              <BranchPoints />
              <MethodPoint vc="0" upsid="0" p8:type="SequencePoint" ordinal="0" offset="0" sc="0" sl="26" ec="1" el="26" bec="0" bev="0" fileid="6" xmlns:p8="xsi" />
            </Method>
            <Method cyclomaticComplexity="1" nPathComplexity="0" sequenceCoverage="0" branchCoverage="1" isConstructor="False" isGetter="False" isSetter="False" isStatic="True">
              <Summary numSequencePoints="2" visitedSequencePoints="0" numBranchPoints="0" visitedBranchPoints="0" sequenceCoverage="0" branchCoverage="1" maxCyclomaticComplexity="1" minCyclomaticComplexity="1" visitedClasses="0" numClasses="0" visitedMethods="0" numMethods="1" />
              <MetadataToken />
              <Name>System.IO.Paging.PhysicalLevel.Classes.TypedRecord`1&lt;TRecord&gt; System.IO.Paging.LogicalLevel.Classes.Transactions.TransactionContentResource`1::AddRecord(TRecord)</Name>
              <FileRef uid="6" />
              <SequencePoints>
                <SequencePoint vc="0" upsid="30" ordinal="0" sl="30" sc="1" el="30" ec="2" bec="0" bev="0" fileid="6" />
                <SequencePoint vc="0" upsid="33" ordinal="1" sl="33" sc="1" el="33" ec="2" bec="0" bev="0" fileid="6" />
              </SequencePoints>
              <BranchPoints />
              <MethodPoint vc="0" upsid="0" p8:type="SequencePoint" ordinal="1" offset="1" sc="0" sl="30" ec="1" el="33" bec="0" bev="0" fileid="6" xmlns:p8="xsi" />
            </Method>
            <Method cyclomaticComplexity="1" nPathComplexity="0" sequenceCoverage="0" branchCoverage="1" isConstructor="False" isGetter="False" isSetter="False" isStatic="True">
              <Summary numSequencePoints="1" visitedSequencePoints="0" numBranchPoints="0" visitedBranchPoints="0" sequenceCoverage="0" branchCoverage="1" maxCyclomaticComplexity="1" minCyclomaticComplexity="1" visitedClasses="0" numClasses="0" visitedMethods="0" numMethods="1" />
              <MetadataToken />
              <Name>System.Void System.IO.Paging.LogicalLevel.Classes.Transactions.TransactionContentResource`1::FreeRecord(System.IO.Paging.PhysicalLevel.Classes.TypedRecord`1&lt;TRecord&gt;)</Name>
              <FileRef uid="6" />
              <SequencePoints>
                <SequencePoint vc="0" upsid="40" ordinal="0" sl="40" sc="1" el="40" ec="2" bec="0" bev="0" fileid="6" />
              </SequencePoints>
              <BranchPoints />
              <MethodPoint vc="0" upsid="0" p8:type="SequencePoint" ordinal="2" offset="2" sc="0" sl="40" ec="1" el="40" bec="0" bev="0" fileid="6" xmlns:p8="xsi" />
            </Method>
            <Method cyclomaticComplexity="1" nPathComplexity="0" sequenceCoverage="0" branchCoverage="1" isConstructor="False" isGetter="False" isSetter="False" isStatic="True">
              <Summary numSequencePoints="1" visitedSequencePoints="0" numBranchPoints="0" visitedBranchPoints="0" sequenceCoverage="0" branchCoverage="1" maxCyclomaticComplexity="1" minCyclomaticComplexity="1" visitedClasses="0" numClasses="0" visitedMethods="0" numMethods="1" />
              <MetadataToken />
              <Name>System.IO.Paging.PhysicalLevel.Classes.TypedRecord`1&lt;TRecord&gt; System.IO.Paging.LogicalLevel.Classes.Transactions.TransactionContentResource`1::GetRecord(System.IO.Paging.PhysicalLevel.Classes.References.PageRecordReference)</Name>
              <FileRef uid="6" />
              <SequencePoints>
                <SequencePoint vc="0" upsid="45" ordinal="0" sl="45" sc="1" el="45" ec="2" bec="0" bev="0" fileid="6" />
              </SequencePoints>
              <BranchPoints />
              <MethodPoint vc="0" upsid="0" p8:type="SequencePoint" ordinal="3" offset="3" sc="0" sl="45" ec="1" el="45" bec="0" bev="0" fileid="6" xmlns:p8="xsi" />
            </Method>
            <Method cyclomaticComplexity="1" nPathComplexity="0" sequenceCoverage="0" branchCoverage="1" isConstructor="False" isGetter="False" isSetter="False" isStatic="True">
              <Summary numSequencePoints="1" visitedSequencePoints="0" numBranchPoints="0" visitedBranchPoints="0" sequenceCoverage="0" branchCoverage="1" maxCyclomaticComplexity="1" minCyclomaticComplexity="1" visitedClasses="0" numClasses="0" visitedMethods="0" numMethods="1" />
              <MetadataToken />
              <Name>System.Collections.Generic.IEnumerable`1&lt;System.IO.Paging.PhysicalLevel.Classes.TypedRecord`1&lt;TRecord&gt;&gt; System.IO.Paging.LogicalLevel.Classes.Transactions.TransactionContentResource`1::IterateRecords()</Name>
              <FileRef uid="6" />
              <SequencePoints>
                <SequencePoint vc="0" upsid="50" ordinal="0" sl="50" sc="1" el="50" ec="2" bec="0" bev="0" fileid="6" />
              </SequencePoints>
              <BranchPoints />
              <MethodPoint vc="0" upsid="0" p8:type="SequencePoint" ordinal="4" offset="4" sc="0" sl="50" ec="1" el="50" bec="0" bev="0" fileid="6" xmlns:p8="xsi" />
            </Method>
            <Method cyclomaticComplexity="1" nPathComplexity="0" sequenceCoverage="0" branchCoverage="1" isConstructor="False" isGetter="False" isSetter="False" isStatic="True">
              <Summary numSequencePoints="1" visitedSequencePoints="0" numBranchPoints="0" visitedBranchPoints="0" sequenceCoverage="0" branchCoverage="1" maxCyclomaticComplexity="1" minCyclomaticComplexity="1" visitedClasses="0" numClasses="0" visitedMethods="0" numMethods="1" />
              <MetadataToken />
              <Name>System.Void System.IO.Paging.LogicalLevel.Classes.Transactions.TransactionContentResource`1::StoreRecord(System.IO.Paging.PhysicalLevel.Classes.TypedRecord`1&lt;TRecord&gt;)</Name>
              <FileRef uid="6" />
              <SequencePoints>
                <SequencePoint vc="0" upsid="55" ordinal="0" sl="55" sc="1" el="55" ec="2" bec="0" bev="0" fileid="6" />
              </SequencePoints>
              <BranchPoints />
              <MethodPoint vc="0" upsid="0" p8:type="SequencePoint" ordinal="5" offset="5" sc="0" sl="55" ec="1" el="55" bec="0" bev="0" fileid="6" xmlns:p8="xsi" />
            </Method>
            <Method cyclomaticComplexity="1" nPathComplexity="0" sequenceCoverage="0" branchCoverage="1" isConstructor="False" isGetter="False" isSetter="False" isStatic="True">
              <Summary numSequencePoints="1" visitedSequencePoints="0" numBranchPoints="0" visitedBranchPoints="0" sequenceCoverage="0" branchCoverage="1" maxCyclomaticComplexity="1" minCyclomaticComplexity="1" visitedClasses="0" numClasses="0" visitedMethods="0" numMethods="1" />
              <MetadataToken />
              <Name>System.Void System.IO.Paging.LogicalLevel.Classes.Transactions.TransactionContentResource`1::SwapRecords(System.IO.Paging.PhysicalLevel.Classes.References.PageRecordReference,System.IO.Paging.PhysicalLevel.Classes.References.PageRecordReference)</Name>
              <FileRef uid="6" />
              <SequencePoints>
                <SequencePoint vc="0" upsid="61" ordinal="0" sl="61" sc="1" el="61" ec="2" bec="0" bev="0" fileid="6" />
              </SequencePoints>
              <BranchPoints />
              <MethodPoint vc="0" upsid="0" p8:type="SequencePoint" ordinal="6" offset="6" sc="0" sl="61" ec="1" el="61" bec="0" bev="0" fileid="6" xmlns:p8="xsi" />
            </Method>
            <Method cyclomaticComplexity="1" nPathComplexity="0" sequenceCoverage="0" branchCoverage="1" isConstructor="False" isGetter="False" isSetter="False" isStatic="True">
              <Summary numSequencePoints="1" visitedSequencePoints="0" numBranchPoints="0" visitedBranchPoints="0" sequenceCoverage="0" branchCoverage="1" maxCyclomaticComplexity="1" minCyclomaticComplexity="1" visitedClasses="0" numClasses="0" visitedMethods="0" numMethods="1" />
              <MetadataToken />
              <Name>System.Void System.IO.Paging.LogicalLevel.Classes.Transactions.TransactionContentResource`1::Commit(System.Transactions.Enlistment)</Name>
              <FileRef uid="6" />
              <SequencePoints>
                <SequencePoint vc="0" upsid="65" ordinal="0" sl="65" sc="1" el="65" ec="2" bec="0" bev="0" fileid="6" />
              </SequencePoints>
              <BranchPoints />
              <MethodPoint vc="0" upsid="0" p8:type="SequencePoint" ordinal="7" offset="7" sc="0" sl="65" ec="1" el="65" bec="0" bev="0" fileid="6" xmlns:p8="xsi" />
            </Method>
            <Method cyclomaticComplexity="1" nPathComplexity="0" sequenceCoverage="0" branchCoverage="1" isConstructor="False" isGetter="False" isSetter="False" isStatic="True">
              <Summary numSequencePoints="1" visitedSequencePoints="0" numBranchPoints="0" visitedBranchPoints="0" sequenceCoverage="0" branchCoverage="1" maxCyclomaticComplexity="1" minCyclomaticComplexity="1" visitedClasses="0" numClasses="0" visitedMethods="0" numMethods="1" />
              <MetadataToken />
              <Name>System.Void System.IO.Paging.LogicalLevel.Classes.Transactions.TransactionContentResource`1::InDoubt(System.Transactions.Enlistment)</Name>
              <FileRef uid="6" />
              <SequencePoints>
                <SequencePoint vc="0" upsid="70" ordinal="0" sl="70" sc="1" el="70" ec="2" bec="0" bev="0" fileid="6" />
              </SequencePoints>
              <BranchPoints />
              <MethodPoint vc="0" upsid="0" p8:type="SequencePoint" ordinal="8" offset="8" sc="0" sl="70" ec="1" el="70" bec="0" bev="0" fileid="6" xmlns:p8="xsi" />
            </Method>
            <Method cyclomaticComplexity="1" nPathComplexity="0" sequenceCoverage="0" branchCoverage="1" isConstructor="False" isGetter="False" isSetter="False" isStatic="True">
              <Summary numSequencePoints="1" visitedSequencePoints="0" numBranchPoints="0" visitedBranchPoints="0" sequenceCoverage="0" branchCoverage="1" maxCyclomaticComplexity="1" minCyclomaticComplexity="1" visitedClasses="0" numClasses="0" visitedMethods="0" numMethods="1" />
              <MetadataToken />
              <Name>System.Void System.IO.Paging.LogicalLevel.Classes.Transactions.TransactionContentResource`1::Prepare(System.Transactions.PreparingEnlistment)</Name>
              <FileRef uid="6" />
              <SequencePoints>
                <SequencePoint vc="0" upsid="75" ordinal="0" sl="75" sc="1" el="75" ec="2" bec="0" bev="0" fileid="6" />
              </SequencePoints>
              <BranchPoints />
              <MethodPoint vc="0" upsid="0" p8:type="SequencePoint" ordinal="9" offset="9" sc="0" sl="75" ec="1" el="75" bec="0" bev="0" fileid="6" xmlns:p8="xsi" />
            </Method>
            <Method cyclomaticComplexity="1" nPathComplexity="0" sequenceCoverage="0" branchCoverage="1" isConstructor="False" isGetter="False" isSetter="False" isStatic="True">
              <Summary numSequencePoints="1" visitedSequencePoints="0" numBranchPoints="0" visitedBranchPoints="0" sequenceCoverage="0" branchCoverage="1" maxCyclomaticComplexity="1" minCyclomaticComplexity="1" visitedClasses="0" numClasses="0" visitedMethods="0" numMethods="1" />
              <MetadataToken />
              <Name>System.Void System.IO.Paging.LogicalLevel.Classes.Transactions.TransactionContentResource`1::Rollback(System.Transactions.Enlistment)</Name>
              <FileRef uid="6" />
              <SequencePoints>
                <SequencePoint vc="0" upsid="80" ordinal="0" sl="80" sc="1" el="80" ec="2" bec="0" bev="0" fileid="6" />
              </SequencePoints>
              <BranchPoints />
              <MethodPoint vc="0" upsid="0" p8:type="SequencePoint" ordinal="10" offset="10" sc="0" sl="80" ec="1" el="80" bec="0" bev="0" fileid="6" xmlns:p8="xsi" />
            </Method>
            <Method cyclomaticComplexity="1" nPathComplexity="0" sequenceCoverage="0" branchCoverage="1" isConstructor="False" isGetter="False" isSetter="False" isStatic="True">
              <Summary numSequencePoints="1" visitedSequencePoints="0" numBranchPoints="0" visitedBranchPoints="0" sequenceCoverage="0" branchCoverage="1" maxCyclomaticComplexity="1" minCyclomaticComplexity="1" visitedClasses="0" numClasses="0" visitedMethods="0" numMethods="1" />
              <MetadataToken />
              <Name>System.Void System.IO.Paging.LogicalLevel.Classes.Transactions.TransactionContentResource`1::SinglePhaseCommit(System.Transactions.SinglePhaseEnlistment)</Name>
              <FileRef uid="6" />
              <SequencePoints>
                <SequencePoint vc="0" upsid="85" ordinal="0" sl="85" sc="1" el="85" ec="2" bec="0" bev="0" fileid="6" />
              </SequencePoints>
              <BranchPoints />
              <MethodPoint vc="0" upsid="0" p8:type="SequencePoint" ordinal="11" offset="11" sc="0" sl="85" ec="1" el="85" bec="0" bev="0" fileid="6" xmlns:p8="xsi" />
            </Method>
            <Method cyclomaticComplexity="1" nPathComplexity="0" sequenceCoverage="0" branchCoverage="1" isConstructor="True" isGetter="False" isSetter="False" isStatic="True">
              <Summary numSequencePoints="7" visitedSequencePoints="0" numBranchPoints="0" visitedBranchPoints="0" sequenceCoverage="0" branchCoverage="1" maxCyclomaticComplexity="1" minCyclomaticComplexity="1" visitedClasses="0" numClasses="0" visitedMethods="0" numMethods="1" />
              <MetadataToken />
              <Name>System.Void System.IO.Paging.LogicalLevel.Classes.Transactions.TransactionContentResource`1::.ctor(System.Action,System.IO.Paging.PhysicalLevel.Classes.Pages.Contracts.IPage`1&lt;TRecord&gt;,System.Transactions.IsolationLevel)</Name>
              <FileRef uid="6" />
              <SequencePoints>
                <SequencePoint vc="0" upsid="13" ordinal="0" sl="13" sc="1" el="13" ec="2" bec="0" bev="0" fileid="6" />
                <SequencePoint vc="0" upsid="18" ordinal="1" sl="18" sc="1" el="18" ec="2" bec="0" bev="0" fileid="6" />
                <SequencePoint vc="0" upsid="20" ordinal="2" sl="20" sc="1" el="20" ec="2" bec="0" bev="0" fileid="6" />
                <SequencePoint vc="0" upsid="21" ordinal="3" sl="21" sc="1" el="21" ec="2" bec="0" bev="0" fileid="6" />
                <SequencePoint vc="0" upsid="22" ordinal="4" sl="22" sc="1" el="22" ec="2" bec="0" bev="0" fileid="6" />
                <SequencePoint vc="0" upsid="23" ordinal="5" sl="23" sc="1" el="23" ec="2" bec="0" bev="0" fileid="6" />
                <SequencePoint vc="0" upsid="24" ordinal="6" sl="24" sc="1" el="24" ec="2" bec="0" bev="0" fileid="6" />
              </SequencePoints>
              <BranchPoints />
              <MethodPoint vc="0" upsid="0" p8:type="SequencePoint" ordinal="12" offset="12" sc="0" sl="13" ec="1" el="24" bec="0" bev="0" fileid="6" xmlns:p8="xsi" />
            </Method>
          </Methods>
        </Class>
        <Class>
          <Summary numSequencePoints="83" visitedSequencePoints="22" numBranchPoints="40" visitedBranchPoints="9" sequenceCoverage="0,265" branchCoverage="0,225" maxCyclomaticComplexity="10" minCyclomaticComplexity="1" visitedClasses="1" numClasses="1" visitedMethods="4" numMethods="9" />
          <FullName>System.IO.Paging.LogicalLevel.Classes.Transactions.TransactionHeaderResource`1</FullName>
          <Methods>
            <Method cyclomaticComplexity="8" nPathComplexity="0" sequenceCoverage="0,4" branchCoverage="0,625" isConstructor="False" isGetter="False" isSetter="False" isStatic="True">
              <Summary numSequencePoints="15" visitedSequencePoints="6" numBranchPoints="8" visitedBranchPoints="5" sequenceCoverage="0,4" branchCoverage="0,625" maxCyclomaticComplexity="8" minCyclomaticComplexity="8" visitedClasses="0" numClasses="0" visitedMethods="1" numMethods="1" />
              <MetadataToken />
              <Name>THeader System.IO.Paging.LogicalLevel.Classes.Transactions.TransactionHeaderResource`1::GetHeader()</Name>
              <FileRef uid="7" />
              <SequencePoints>
                <SequencePoint vc="6" upsid="33" ordinal="0" sl="33" sc="1" el="33" ec="2" bec="0" bev="0" fileid="7" />
                <SequencePoint vc="2" upsid="36" ordinal="1" sl="36" sc="1" el="36" ec="2" bec="0" bev="0" fileid="7" />
                <SequencePoint vc="1" upsid="37" ordinal="2" sl="37" sc="1" el="37" ec="2" bec="0" bev="0" fileid="7" />
                <SequencePoint vc="1" upsid="38" ordinal="3" sl="38" sc="1" el="38" ec="2" bec="0" bev="0" fileid="7" />
                <SequencePoint vc="0" upsid="40" ordinal="4" sl="40" sc="1" el="40" ec="2" bec="0" bev="0" fileid="7" />
                <SequencePoint vc="0" upsid="43" ordinal="5" sl="43" sc="1" el="43" ec="2" bec="0" bev="0" fileid="7" />
                <SequencePoint vc="0" upsid="44" ordinal="6" sl="44" sc="1" el="44" ec="2" bec="0" bev="0" fileid="7" />
                <SequencePoint vc="0" upsid="45" ordinal="7" sl="45" sc="1" el="45" ec="2" bec="0" bev="0" fileid="7" />
                <SequencePoint vc="0" upsid="46" ordinal="8" sl="46" sc="1" el="46" ec="2" bec="0" bev="0" fileid="7" />
                <SequencePoint vc="0" upsid="50" ordinal="9" sl="50" sc="1" el="50" ec="2" bec="0" bev="0" fileid="7" />
                <SequencePoint vc="0" upsid="51" ordinal="10" sl="51" sc="1" el="51" ec="2" bec="0" bev="0" fileid="7" />
                <SequencePoint vc="0" upsid="52" ordinal="11" sl="52" sc="1" el="52" ec="2" bec="0" bev="0" fileid="7" />
                <SequencePoint vc="1" upsid="57" ordinal="12" sl="57" sc="1" el="57" ec="2" bec="0" bev="0" fileid="7" />
                <SequencePoint vc="4" upsid="60" ordinal="13" sl="60" sc="1" el="60" ec="2" bec="0" bev="0" fileid="7" />
                <SequencePoint vc="0" upsid="62" ordinal="14" sl="62" sc="1" el="62" ec="2" bec="0" bev="0" fileid="7" />
              </SequencePoints>
              <BranchPoints>
                <BranchPoint vc="2" upsid="33" ordinal="0" path="0" offset="9" offsetend="14" sl="33" fileid="7" />
                <BranchPoint vc="1" upsid="36" ordinal="2" path="0" offset="20" offsetend="22" sl="36" fileid="7" />
                <BranchPoint vc="1" upsid="36" ordinal="3" path="1" offset="20" offsetend="29" sl="36" fileid="7" />
                <BranchPoint vc="0" upsid="38" ordinal="4" path="0" offset="35" offsetend="37" sl="38" fileid="7" />
                <BranchPoint vc="0" upsid="50" ordinal="6" path="0" offset="115" offsetend="117" sl="50" fileid="7" />
                <BranchPoint vc="0" upsid="50" ordinal="7" path="1" offset="115" offsetend="129" sl="50" fileid="7" />
                <BranchPoint vc="1" upsid="38" ordinal="5" path="1" offset="35" offsetend="130" sl="38" fileid="7" />
                <BranchPoint vc="4" upsid="33" ordinal="1" path="1" offset="9" offsetend="142" sl="33" fileid="7" />
              </BranchPoints>
              <MethodPoint vc="6" upsid="0" p8:type="SequencePoint" ordinal="0" offset="0" sc="0" sl="33" ec="1" el="62" bec="0" bev="0" fileid="7" xmlns:p8="xsi" />
            </Method>
            <Method cyclomaticComplexity="2" nPathComplexity="0" sequenceCoverage="0,667" branchCoverage="0,5" isConstructor="False" isGetter="False" isSetter="False" isStatic="True">
              <Summary numSequencePoints="3" visitedSequencePoints="2" numBranchPoints="2" visitedBranchPoints="1" sequenceCoverage="0,667" branchCoverage="0,5" maxCyclomaticComplexity="2" minCyclomaticComplexity="2" visitedClasses="0" numClasses="0" visitedMethods="1" numMethods="1" />
              <MetadataToken />
              <Name>System.Void System.IO.Paging.LogicalLevel.Classes.Transactions.TransactionHeaderResource`1::Finalize()</Name>
              <FileRef uid="7" />
              <SequencePoints>
                <SequencePoint vc="11" upsid="68" ordinal="0" sl="68" sc="1" el="68" ec="2" bec="0" bev="0" fileid="7" />
                <SequencePoint vc="0" upsid="69" ordinal="1" sl="69" sc="1" el="69" ec="2" bec="0" bev="0" fileid="7" />
                <SequencePoint vc="22" upsid="70" ordinal="2" sl="70" sc="1" el="70" ec="2" bec="0" bev="0" fileid="7" />
              </SequencePoints>
              <BranchPoints>
                <BranchPoint vc="0" upsid="68" ordinal="0" path="0" offset="11" offsetend="13" sl="68" fileid="7" />
                <BranchPoint vc="11" upsid="68" ordinal="1" path="1" offset="11" offsetend="35" sl="68" fileid="7" />
              </BranchPoints>
              <MethodPoint vc="2" upsid="0" p8:type="SequencePoint" ordinal="1" offset="1" sc="0" sl="68" ec="1" el="70" bec="0" bev="0" fileid="7" xmlns:p8="xsi" />
            </Method>
            <Method cyclomaticComplexity="4" nPathComplexity="0" sequenceCoverage="0,667" branchCoverage="0,75" isConstructor="False" isGetter="False" isSetter="False" isStatic="True">
              <Summary numSequencePoints="9" visitedSequencePoints="6" numBranchPoints="4" visitedBranchPoints="3" sequenceCoverage="0,667" branchCoverage="0,75" maxCyclomaticComplexity="4" minCyclomaticComplexity="4" visitedClasses="0" numClasses="0" visitedMethods="1" numMethods="1" />
              <MetadataToken />
              <Name>System.Void System.IO.Paging.LogicalLevel.Classes.Transactions.TransactionHeaderResource`1::SetHeader(THeader)</Name>
              <FileRef uid="7" />
              <SequencePoints>
                <SequencePoint vc="6" upsid="74" ordinal="0" sl="74" sc="1" el="74" ec="2" bec="0" bev="0" fileid="7" />
                <SequencePoint vc="2" upsid="77" ordinal="1" sl="77" sc="1" el="77" ec="2" bec="0" bev="0" fileid="7" />
                <SequencePoint vc="0" upsid="79" ordinal="2" sl="79" sc="1" el="79" ec="2" bec="0" bev="0" fileid="7" />
                <SequencePoint vc="0" upsid="80" ordinal="3" sl="80" sc="1" el="80" ec="2" bec="0" bev="0" fileid="7" />
                <SequencePoint vc="0" upsid="81" ordinal="4" sl="81" sc="1" el="81" ec="2" bec="0" bev="0" fileid="7" />
                <SequencePoint vc="2" upsid="83" ordinal="5" sl="83" sc="1" el="83" ec="2" bec="0" bev="0" fileid="7" />
                <SequencePoint vc="2" upsid="84" ordinal="6" sl="84" sc="1" el="84" ec="2" bec="0" bev="0" fileid="7" />
                <SequencePoint vc="2" upsid="85" ordinal="7" sl="85" sc="1" el="85" ec="2" bec="0" bev="0" fileid="7" />
                <SequencePoint vc="4" upsid="88" ordinal="8" sl="88" sc="1" el="88" ec="2" bec="0" bev="0" fileid="7" />
              </SequencePoints>
              <BranchPoints>
                <BranchPoint vc="2" upsid="74" ordinal="0" path="0" offset="9" offsetend="11" sl="74" fileid="7" />
                <BranchPoint vc="0" upsid="77" ordinal="2" path="0" offset="17" offsetend="19" sl="77" fileid="7" />
                <BranchPoint vc="2" upsid="77" ordinal="3" path="1" offset="17" offsetend="60" sl="77" fileid="7" />
                <BranchPoint vc="4" upsid="74" ordinal="1" path="1" offset="9" offsetend="75" sl="74" fileid="7" />
              </BranchPoints>
              <MethodPoint vc="6" upsid="0" p8:type="SequencePoint" ordinal="2" offset="2" sc="0" sl="74" ec="1" el="88" bec="0" bev="0" fileid="7" xmlns:p8="xsi" />
            </Method>
            <Method cyclomaticComplexity="4" nPathComplexity="0" sequenceCoverage="0" branchCoverage="0" isConstructor="False" isGetter="False" isSetter="False" isStatic="True">
              <Summary numSequencePoints="8" visitedSequencePoints="0" numBranchPoints="4" visitedBranchPoints="0" sequenceCoverage="0" branchCoverage="0" maxCyclomaticComplexity="4" minCyclomaticComplexity="4" visitedClasses="0" numClasses="0" visitedMethods="0" numMethods="1" />
              <MetadataToken />
              <Name>System.Void System.IO.Paging.LogicalLevel.Classes.Transactions.TransactionHeaderResource`1::Commit(System.Transactions.Enlistment)</Name>
              <FileRef uid="7" />
              <SequencePoints>
                <SequencePoint vc="0" upsid="96" ordinal="0" sl="96" sc="1" el="96" ec="2" bec="0" bev="0" fileid="7" />
                <SequencePoint vc="0" upsid="98" ordinal="1" sl="98" sc="1" el="98" ec="2" bec="0" bev="0" fileid="7" />
                <SequencePoint vc="0" upsid="99" ordinal="2" sl="99" sc="1" el="99" ec="2" bec="0" bev="0" fileid="7" />
                <SequencePoint vc="0" upsid="100" ordinal="3" sl="100" sc="1" el="100" ec="2" bec="0" bev="0" fileid="7" />
                <SequencePoint vc="0" upsid="101" ordinal="4" sl="101" sc="1" el="101" ec="2" bec="0" bev="0" fileid="7" />
                <SequencePoint vc="0" upsid="103" ordinal="5" sl="103" sc="1" el="103" ec="2" bec="0" bev="0" fileid="7" />
                <SequencePoint vc="0" upsid="104" ordinal="6" sl="104" sc="1" el="104" ec="2" bec="0" bev="0" fileid="7" />
                <SequencePoint vc="0" upsid="105" ordinal="7" sl="105" sc="1" el="105" ec="2" bec="0" bev="0" fileid="7" />
              </SequencePoints>
              <BranchPoints>
                <BranchPoint vc="0" upsid="96" ordinal="0" path="0" offset="11" offsetend="13" sl="96" fileid="7" />
                <BranchPoint vc="0" upsid="96" ordinal="1" path="1" offset="11" offsetend="52" sl="96" fileid="7" />
                <BranchPoint vc="0" upsid="103" ordinal="2" path="0" offset="53" offsetend="55" sl="103" fileid="7" />
                <BranchPoint vc="0" upsid="103" ordinal="3" path="1" offset="53" offsetend="61" sl="103" fileid="7" />
              </BranchPoints>
              <MethodPoint vc="0" upsid="0" p8:type="SequencePoint" ordinal="3" offset="3" sc="0" sl="96" ec="1" el="105" bec="0" bev="0" fileid="7" xmlns:p8="xsi" />
            </Method>
            <Method cyclomaticComplexity="1" nPathComplexity="0" sequenceCoverage="0" branchCoverage="1" isConstructor="False" isGetter="False" isSetter="False" isStatic="True">
              <Summary numSequencePoints="2" visitedSequencePoints="0" numBranchPoints="0" visitedBranchPoints="0" sequenceCoverage="0" branchCoverage="1" maxCyclomaticComplexity="1" minCyclomaticComplexity="1" visitedClasses="0" numClasses="0" visitedMethods="0" numMethods="1" />
              <MetadataToken />
              <Name>System.Void System.IO.Paging.LogicalLevel.Classes.Transactions.TransactionHeaderResource`1::InDoubt(System.Transactions.Enlistment)</Name>
              <FileRef uid="7" />
              <SequencePoints>
                <SequencePoint vc="0" upsid="109" ordinal="0" sl="109" sc="1" el="109" ec="2" bec="0" bev="0" fileid="7" />
                <SequencePoint vc="0" upsid="110" ordinal="1" sl="110" sc="1" el="110" ec="2" bec="0" bev="0" fileid="7" />
              </SequencePoints>
              <BranchPoints />
[...]
                <BranchPoint vc="0" upsid="21" ordinal="10" path="0" offset="169" offsetend="171" sl="21" fileid="21" />
                <BranchPoint vc="0" upsid="21" ordinal="11" path="1" offset="169" offsetend="194" sl="21" fileid="21" />
                <BranchPoint vc="0" upsid="21" ordinal="3" path="1" offset="110" offsetend="201" sl="21" fileid="21" />
                <BranchPoint vc="0" upsid="21" ordinal="12" path="0" offset="207" offsetend="209" sl="21" fileid="21" />
                <BranchPoint vc="0" upsid="21" ordinal="13" path="1" offset="207" offsetend="232" sl="21" fileid="21" />
                <BranchPoint vc="1" upsid="27" ordinal="14" path="0" offset="244" offsetend="246" sl="27" fileid="21" />
                <BranchPoint vc="11" upsid="27" ordinal="15" path="1" offset="244" offsetend="269" sl="27" fileid="21" />
              </BranchPoints>
              <MethodPoint vc="10" upsid="0" p8:type="SequencePoint" ordinal="1" offset="1" sc="0" sl="18" ec="1" el="29" bec="0" bev="0" fileid="21" xmlns:p8="xsi" />
            </Method>
            <Method cyclomaticComplexity="1" nPathComplexity="0" sequenceCoverage="1" branchCoverage="1" isConstructor="False" isGetter="True" isSetter="False" isStatic="True">
              <Summary numSequencePoints="1" visitedSequencePoints="1" numBranchPoints="0" visitedBranchPoints="0" sequenceCoverage="1" branchCoverage="1" maxCyclomaticComplexity="1" minCyclomaticComplexity="1" visitedClasses="0" numClasses="0" visitedMethods="1" numMethods="1" />
              <MetadataToken />
              <Name>System.IO.Paging.PhysicalLevel.Classes.Pages.Contracts.IHeaderedPage`1&lt;Test.Paging.LogicalLevel.TestRecord&gt; Test.Paging.LogicalLevel.Transactions.TransactionHeaderedPageTest::get_InnerPage()</Name>
              <FileRef uid="21" />
              <SequencePoints>
                <SequencePoint vc="3" upsid="32" ordinal="0" sl="32" sc="1" el="32" ec="2" bec="0" bev="0" fileid="21" />
              </SequencePoints>
              <BranchPoints />
              <MethodPoint vc="1" upsid="0" p8:type="SequencePoint" ordinal="2" offset="2" sc="0" sl="32" ec="1" el="32" bec="0" bev="0" fileid="21" xmlns:p8="xsi" />
            </Method>
            <Method cyclomaticComplexity="1" nPathComplexity="0" sequenceCoverage="0" branchCoverage="1" isConstructor="False" isGetter="True" isSetter="False" isStatic="True">
              <Summary numSequencePoints="1" visitedSequencePoints="0" numBranchPoints="0" visitedBranchPoints="0" sequenceCoverage="0" branchCoverage="1" maxCyclomaticComplexity="1" minCyclomaticComplexity="1" visitedClasses="0" numClasses="0" visitedMethods="0" numMethods="1" />
              <MetadataToken />
              <Name>System.IO.Paging.PhysicalLevel.Classes.Pages.Contracts.IPhysicalLocks Test.Paging.LogicalLevel.Transactions.TransactionHeaderedPageTest::get_Locks()</Name>
              <FileRef uid="21" />
              <SequencePoints>
                <SequencePoint vc="0" upsid="33" ordinal="0" sl="33" sc="1" el="33" ec="2" bec="0" bev="0" fileid="21" />
              </SequencePoints>
              <BranchPoints />
              <MethodPoint vc="0" upsid="0" p8:type="SequencePoint" ordinal="3" offset="3" sc="0" sl="33" ec="1" el="33" bec="0" bev="0" fileid="21" xmlns:p8="xsi" />
            </Method>
            <Method cyclomaticComplexity="1" nPathComplexity="0" sequenceCoverage="0,667" branchCoverage="1" isConstructor="False" isGetter="False" isSetter="False" isStatic="True">
              <Summary numSequencePoints="3" visitedSequencePoints="2" numBranchPoints="0" visitedBranchPoints="0" sequenceCoverage="0,667" branchCoverage="1" maxCyclomaticComplexity="1" minCyclomaticComplexity="1" visitedClasses="0" numClasses="0" visitedMethods="1" numMethods="1" />
              <MetadataToken />
              <Name>System.Void Test.Paging.LogicalLevel.Transactions.TransactionHeaderedPageTest::GetHeader_RU_NL()</Name>
              <FileRef uid="21" />
              <SequencePoints>
                <SequencePoint vc="1" upsid="42" ordinal="0" sl="42" sc="1" el="42" ec="2" bec="0" bev="0" fileid="21" />
                <SequencePoint vc="1" upsid="43" ordinal="1" sl="43" sc="1" el="43" ec="2" bec="0" bev="0" fileid="21" />
                <SequencePoint vc="0" upsid="44" ordinal="2" sl="44" sc="1" el="44" ec="2" bec="0" bev="0" fileid="21" />
              </SequencePoints>
              <BranchPoints />
              <MethodPoint vc="2" upsid="0" p8:type="SequencePoint" ordinal="4" offset="4" sc="0" sl="42" ec="1" el="44" bec="0" bev="0" fileid="21" xmlns:p8="xsi" />
            </Method>
            <Method cyclomaticComplexity="1" nPathComplexity="0" sequenceCoverage="1" branchCoverage="1" isConstructor="False" isGetter="False" isSetter="False" isStatic="True">
              <Summary numSequencePoints="7" visitedSequencePoints="7" numBranchPoints="0" visitedBranchPoints="0" sequenceCoverage="1" branchCoverage="1" maxCyclomaticComplexity="1" minCyclomaticComplexity="1" visitedClasses="0" numClasses="0" visitedMethods="1" numMethods="1" />
              <MetadataToken />
              <Name>System.Void Test.Paging.LogicalLevel.Transactions.TransactionHeaderedPageTest::GetHeader_RC_NL()</Name>
              <FileRef uid="21" />
              <SequencePoints>
                <SequencePoint vc="1" upsid="52" ordinal="0" sl="52" sc="1" el="52" ec="2" bec="0" bev="0" fileid="21" />
                <SequencePoint vc="1" upsid="53" ordinal="1" sl="53" sc="1" el="53" ec="2" bec="0" bev="0" fileid="21" />
                <SequencePoint vc="1" upsid="55" ordinal="2" sl="55" sc="1" el="55" ec="2" bec="0" bev="0" fileid="21" />
                <SequencePoint vc="1" upsid="56" ordinal="3" sl="56" sc="1" el="56" ec="2" bec="0" bev="0" fileid="21" />
                <SequencePoint vc="1" upsid="57" ordinal="4" sl="57" sc="1" el="57" ec="2" bec="0" bev="0" fileid="21" />
                <SequencePoint vc="1" upsid="58" ordinal="5" sl="58" sc="1" el="58" ec="2" bec="0" bev="0" fileid="21" />
                <SequencePoint vc="1" upsid="59" ordinal="6" sl="59" sc="1" el="59" ec="2" bec="0" bev="0" fileid="21" />
              </SequencePoints>
              <BranchPoints />
              <MethodPoint vc="7" upsid="0" p8:type="SequencePoint" ordinal="5" offset="5" sc="0" sl="52" ec="1" el="59" bec="0" bev="0" fileid="21" xmlns:p8="xsi" />
            </Method>
            <Method cyclomaticComplexity="1" nPathComplexity="0" sequenceCoverage="1" branchCoverage="1" isConstructor="False" isGetter="False" isSetter="False" isStatic="True">
              <Summary numSequencePoints="6" visitedSequencePoints="6" numBranchPoints="0" visitedBranchPoints="0" sequenceCoverage="1" branchCoverage="1" maxCyclomaticComplexity="1" minCyclomaticComplexity="1" visitedClasses="0" numClasses="0" visitedMethods="1" numMethods="1" />
              <MetadataToken />
              <Name>System.Void Test.Paging.LogicalLevel.Transactions.TransactionHeaderedPageTest::GetAfterModifyHeader_RC_NL()</Name>
              <FileRef uid="21" />
              <SequencePoints>
                <SequencePoint vc="1" upsid="67" ordinal="0" sl="67" sc="1" el="67" ec="2" bec="0" bev="0" fileid="21" />
                <SequencePoint vc="1" upsid="68" ordinal="1" sl="68" sc="1" el="68" ec="2" bec="0" bev="0" fileid="21" />
                <SequencePoint vc="1" upsid="70" ordinal="2" sl="70" sc="1" el="70" ec="2" bec="0" bev="0" fileid="21" />
                <SequencePoint vc="1" upsid="71" ordinal="3" sl="71" sc="1" el="71" ec="2" bec="0" bev="0" fileid="21" />
                <SequencePoint vc="1" upsid="72" ordinal="4" sl="72" sc="1" el="72" ec="2" bec="0" bev="0" fileid="21" />
                <SequencePoint vc="1" upsid="74" ordinal="5" sl="74" sc="1" el="74" ec="2" bec="0" bev="0" fileid="21" />
              </SequencePoints>
              <BranchPoints />
              <MethodPoint vc="6" upsid="0" p8:type="SequencePoint" ordinal="6" offset="6" sc="0" sl="67" ec="1" el="74" bec="0" bev="0" fileid="21" xmlns:p8="xsi" />
            </Method>
            <Method cyclomaticComplexity="1" nPathComplexity="0" sequenceCoverage="1" branchCoverage="1" isConstructor="False" isGetter="False" isSetter="False" isStatic="True">
              <Summary numSequencePoints="4" visitedSequencePoints="4" numBranchPoints="0" visitedBranchPoints="0" sequenceCoverage="1" branchCoverage="1" maxCyclomaticComplexity="1" minCyclomaticComplexity="1" visitedClasses="0" numClasses="0" visitedMethods="1" numMethods="1" />
              <MetadataToken />
              <Name>System.Void Test.Paging.LogicalLevel.Transactions.TransactionHeaderedPageTest::ModifyHeader_RC_NL()</Name>
              <FileRef uid="21" />
              <SequencePoints>
                <SequencePoint vc="1" upsid="82" ordinal="0" sl="82" sc="1" el="82" ec="2" bec="0" bev="0" fileid="21" />
                <SequencePoint vc="1" upsid="83" ordinal="1" sl="83" sc="1" el="83" ec="2" bec="0" bev="0" fileid="21" />
                <SequencePoint vc="1" upsid="85" ordinal="2" sl="85" sc="1" el="85" ec="2" bec="0" bev="0" fileid="21" />
                <SequencePoint vc="1" upsid="87" ordinal="3" sl="87" sc="1" el="87" ec="2" bec="0" bev="0" fileid="21" />
              </SequencePoints>
              <BranchPoints />
              <MethodPoint vc="4" upsid="0" p8:type="SequencePoint" ordinal="7" offset="7" sc="0" sl="82" ec="1" el="87" bec="0" bev="0" fileid="21" xmlns:p8="xsi" />
            </Method>
            <Method cyclomaticComplexity="1" nPathComplexity="0" sequenceCoverage="0,667" branchCoverage="1" isConstructor="False" isGetter="False" isSetter="False" isStatic="True">
              <Summary numSequencePoints="3" visitedSequencePoints="2" numBranchPoints="0" visitedBranchPoints="0" sequenceCoverage="0,667" branchCoverage="1" maxCyclomaticComplexity="1" minCyclomaticComplexity="1" visitedClasses="0" numClasses="0" visitedMethods="1" numMethods="1" />
              <MetadataToken />
              <Name>System.Void Test.Paging.LogicalLevel.Transactions.TransactionHeaderedPageTest::GetHeader_RR_NL()</Name>
              <FileRef uid="21" />
              <SequencePoints>
                <SequencePoint vc="1" upsid="96" ordinal="0" sl="96" sc="1" el="96" ec="2" bec="0" bev="0" fileid="21" />
                <SequencePoint vc="1" upsid="97" ordinal="1" sl="97" sc="1" el="97" ec="2" bec="0" bev="0" fileid="21" />
                <SequencePoint vc="0" upsid="98" ordinal="2" sl="98" sc="1" el="98" ec="2" bec="0" bev="0" fileid="21" />
              </SequencePoints>
              <BranchPoints />
              <MethodPoint vc="2" upsid="0" p8:type="SequencePoint" ordinal="8" offset="8" sc="0" sl="96" ec="1" el="98" bec="0" bev="0" fileid="21" xmlns:p8="xsi" />
            </Method>
            <Method cyclomaticComplexity="1" nPathComplexity="0" sequenceCoverage="0,75" branchCoverage="1" isConstructor="False" isGetter="False" isSetter="False" isStatic="True">
              <Summary numSequencePoints="4" visitedSequencePoints="3" numBranchPoints="0" visitedBranchPoints="0" sequenceCoverage="0,75" branchCoverage="1" maxCyclomaticComplexity="1" minCyclomaticComplexity="1" visitedClasses="0" numClasses="0" visitedMethods="1" numMethods="1" />
              <MetadataToken />
              <Name>System.Void Test.Paging.LogicalLevel.Transactions.TransactionHeaderedPageTest::ModifyHeader_RR_NL()</Name>
              <FileRef uid="21" />
              <SequencePoints>
                <SequencePoint vc="1" upsid="107" ordinal="0" sl="107" sc="1" el="107" ec="2" bec="0" bev="0" fileid="21" />
                <SequencePoint vc="1" upsid="108" ordinal="1" sl="108" sc="1" el="108" ec="2" bec="0" bev="0" fileid="21" />
                <SequencePoint vc="1" upsid="110" ordinal="2" sl="110" sc="1" el="110" ec="2" bec="0" bev="0" fileid="21" />
                <SequencePoint vc="0" upsid="111" ordinal="3" sl="111" sc="1" el="111" ec="2" bec="0" bev="0" fileid="21" />
              </SequencePoints>
              <BranchPoints />
              <MethodPoint vc="3" upsid="0" p8:type="SequencePoint" ordinal="9" offset="9" sc="0" sl="107" ec="1" el="111" bec="0" bev="0" fileid="21" xmlns:p8="xsi" />
            </Method>
            <Method cyclomaticComplexity="1" nPathComplexity="0" sequenceCoverage="0,667" branchCoverage="1" isConstructor="False" isGetter="False" isSetter="False" isStatic="True">
              <Summary numSequencePoints="3" visitedSequencePoints="2" numBranchPoints="0" visitedBranchPoints="0" sequenceCoverage="0,667" branchCoverage="1" maxCyclomaticComplexity="1" minCyclomaticComplexity="1" visitedClasses="0" numClasses="0" visitedMethods="1" numMethods="1" />
              <MetadataToken />
              <Name>System.Void Test.Paging.LogicalLevel.Transactions.TransactionHeaderedPageTest::GetHeader_S_NL()</Name>
              <FileRef uid="21" />
              <SequencePoints>
                <SequencePoint vc="1" upsid="120" ordinal="0" sl="120" sc="1" el="120" ec="2" bec="0" bev="0" fileid="21" />
                <SequencePoint vc="1" upsid="121" ordinal="1" sl="121" sc="1" el="121" ec="2" bec="0" bev="0" fileid="21" />
                <SequencePoint vc="0" upsid="122" ordinal="2" sl="122" sc="1" el="122" ec="2" bec="0" bev="0" fileid="21" />
              </SequencePoints>
              <BranchPoints />
              <MethodPoint vc="2" upsid="0" p8:type="SequencePoint" ordinal="10" offset="10" sc="0" sl="120" ec="1" el="122" bec="0" bev="0" fileid="21" xmlns:p8="xsi" />
            </Method>
            <Method cyclomaticComplexity="1" nPathComplexity="0" sequenceCoverage="0,75" branchCoverage="1" isConstructor="False" isGetter="False" isSetter="False" isStatic="True">
              <Summary numSequencePoints="4" visitedSequencePoints="3" numBranchPoints="0" visitedBranchPoints="0" sequenceCoverage="0,75" branchCoverage="1" maxCyclomaticComplexity="1" minCyclomaticComplexity="1" visitedClasses="0" numClasses="0" visitedMethods="1" numMethods="1" />
              <MetadataToken />
              <Name>System.Void Test.Paging.LogicalLevel.Transactions.TransactionHeaderedPageTest::ModifyHeader_S_NL()</Name>
              <FileRef uid="21" />
              <SequencePoints>
                <SequencePoint vc="1" upsid="131" ordinal="0" sl="131" sc="1" el="131" ec="2" bec="0" bev="0" fileid="21" />
                <SequencePoint vc="1" upsid="132" ordinal="1" sl="132" sc="1" el="132" ec="2" bec="0" bev="0" fileid="21" />
                <SequencePoint vc="1" upsid="133" ordinal="2" sl="133" sc="1" el="133" ec="2" bec="0" bev="0" fileid="21" />
                <SequencePoint vc="0" upsid="134" ordinal="3" sl="134" sc="1" el="134" ec="2" bec="0" bev="0" fileid="21" />
              </SequencePoints>
              <BranchPoints />
              <MethodPoint vc="3" upsid="0" p8:type="SequencePoint" ordinal="11" offset="11" sc="0" sl="131" ec="1" el="134" bec="0" bev="0" fileid="21" xmlns:p8="xsi" />
            </Method>
            <Method cyclomaticComplexity="1" nPathComplexity="0" sequenceCoverage="0,667" branchCoverage="1" isConstructor="False" isGetter="False" isSetter="False" isStatic="True">
              <Summary numSequencePoints="6" visitedSequencePoints="4" numBranchPoints="0" visitedBranchPoints="0" sequenceCoverage="0,667" branchCoverage="1" maxCyclomaticComplexity="1" minCyclomaticComplexity="1" visitedClasses="0" numClasses="0" visitedMethods="1" numMethods="1" />
              <MetadataToken />
              <Name>System.Void Test.Paging.LogicalLevel.Transactions.TransactionHeaderedPageTest::GetHeader_SS_NL()</Name>
              <FileRef uid="21" />
              <SequencePoints>
                <SequencePoint vc="1" upsid="144" ordinal="0" sl="144" sc="1" el="144" ec="2" bec="0" bev="0" fileid="21" />
                <SequencePoint vc="1" upsid="145" ordinal="1" sl="145" sc="1" el="145" ec="2" bec="0" bev="0" fileid="21" />
                <SequencePoint vc="1" upsid="146" ordinal="2" sl="146" sc="1" el="146" ec="2" bec="0" bev="0" fileid="21" />
                <SequencePoint vc="1" upsid="148" ordinal="3" sl="148" sc="1" el="148" ec="2" bec="0" bev="0" fileid="21" />
                <SequencePoint vc="0" upsid="149" ordinal="4" sl="149" sc="1" el="149" ec="2" bec="0" bev="0" fileid="21" />
                <SequencePoint vc="0" upsid="151" ordinal="5" sl="151" sc="1" el="151" ec="2" bec="0" bev="0" fileid="21" />
              </SequencePoints>
              <BranchPoints />
              <MethodPoint vc="4" upsid="0" p8:type="SequencePoint" ordinal="12" offset="12" sc="0" sl="144" ec="1" el="151" bec="0" bev="0" fileid="21" xmlns:p8="xsi" />
            </Method>
            <Method cyclomaticComplexity="1" nPathComplexity="0" sequenceCoverage="0,5" branchCoverage="1" isConstructor="False" isGetter="False" isSetter="False" isStatic="True">
              <Summary numSequencePoints="6" visitedSequencePoints="3" numBranchPoints="0" visitedBranchPoints="0" sequenceCoverage="0,5" branchCoverage="1" maxCyclomaticComplexity="1" minCyclomaticComplexity="1" visitedClasses="0" numClasses="0" visitedMethods="1" numMethods="1" />
              <MetadataToken />
              <Name>System.Void Test.Paging.LogicalLevel.Transactions.TransactionHeaderedPageTest::GetAfterModifyHeader_SS_NL()</Name>
              <FileRef uid="21" />
              <SequencePoints>
                <SequencePoint vc="1" upsid="160" ordinal="0" sl="160" sc="1" el="160" ec="2" bec="0" bev="0" fileid="21" />
                <SequencePoint vc="1" upsid="161" ordinal="1" sl="161" sc="1" el="161" ec="2" bec="0" bev="0" fileid="21" />
                <SequencePoint vc="1" upsid="163" ordinal="2" sl="163" sc="1" el="163" ec="2" bec="0" bev="0" fileid="21" />
                <SequencePoint vc="0" upsid="164" ordinal="3" sl="164" sc="1" el="164" ec="2" bec="0" bev="0" fileid="21" />
                <SequencePoint vc="0" upsid="165" ordinal="4" sl="165" sc="1" el="165" ec="2" bec="0" bev="0" fileid="21" />
                <SequencePoint vc="0" upsid="167" ordinal="5" sl="167" sc="1" el="167" ec="2" bec="0" bev="0" fileid="21" />
              </SequencePoints>
              <BranchPoints />
              <MethodPoint vc="3" upsid="0" p8:type="SequencePoint" ordinal="13" offset="13" sc="0" sl="160" ec="1" el="167" bec="0" bev="0" fileid="21" xmlns:p8="xsi" />
            </Method>
            <Method cyclomaticComplexity="1" nPathComplexity="0" sequenceCoverage="0,75" branchCoverage="1" isConstructor="False" isGetter="False" isSetter="False" isStatic="True">
              <Summary numSequencePoints="4" visitedSequencePoints="3" numBranchPoints="0" visitedBranchPoints="0" sequenceCoverage="0,75" branchCoverage="1" maxCyclomaticComplexity="1" minCyclomaticComplexity="1" visitedClasses="0" numClasses="0" visitedMethods="1" numMethods="1" />
              <MetadataToken />
              <Name>System.Void Test.Paging.LogicalLevel.Transactions.TransactionHeaderedPageTest::ModifyHeader_SS_NL()</Name>
              <FileRef uid="21" />
              <SequencePoints>
                <SequencePoint vc="1" upsid="176" ordinal="0" sl="176" sc="1" el="176" ec="2" bec="0" bev="0" fileid="21" />
                <SequencePoint vc="1" upsid="177" ordinal="1" sl="177" sc="1" el="177" ec="2" bec="0" bev="0" fileid="21" />
                <SequencePoint vc="1" upsid="179" ordinal="2" sl="179" sc="1" el="179" ec="2" bec="0" bev="0" fileid="21" />
                <SequencePoint vc="0" upsid="181" ordinal="3" sl="181" sc="1" el="181" ec="2" bec="0" bev="0" fileid="21" />
              </SequencePoints>
              <BranchPoints />
              <MethodPoint vc="3" upsid="0" p8:type="SequencePoint" ordinal="14" offset="14" sc="0" sl="176" ec="1" el="181" bec="0" bev="0" fileid="21" xmlns:p8="xsi" />
            </Method>
          </Methods>
        </Class>
      </Classes>
    </Module>
  </Modules>
</CoverageSession>