<?xml version="1.0" encoding="utf-8"?>
<CoverageSession xmlns:xsd="http://www.w3.org/2001/XMLSchema" xmlns:xsi="http://www.w3.org/2001/XMLSchema-instance" Version="4.7.922.0">
  <Summary numSequencePoints="1382" visitedSequencePoints="0" numBranchPoints="352" visitedBranchPoints="0" sequenceCoverage="0" branchCoverage="0" maxCyclomaticComplexity="5" minCyclomaticComplexity="0" maxCrapScore="30" minCrapScore="0" visitedClasses="0" numClasses="53" visitedMethods="0" numMethods="258" />
  <Modules>
    <Module skippedDueTo="Filter" hash="FD-6B-2D-18-7D-9E-B0-6F-C4-03-61-A8-DC-75-CD-98-65-5F-2D-B5">
      <ModulePath>C:\windows\Microsoft.Net\assembly\GAC_64\mscorlib\v4.0_4.0.0.0__b77a5c561934e089\mscorlib.dll</ModulePath>
      <ModuleTime>2018-10-11T06:37:59.7116576Z</ModuleTime>
      <ModuleName>mscorlib</ModuleName>
      <Classes />
    </Module>
    <Module hash="11-F8-D2-10-C3-72-B5-06-32-16-D4-EA-7D-A6-42-53-48-D1-E0-5E">
      <Summary numSequencePoints="1382" visitedSequencePoints="0" numBranchPoints="352" visitedBranchPoints="0" sequenceCoverage="0" branchCoverage="0" maxCyclomaticComplexity="5" minCyclomaticComplexity="0" maxCrapScore="30" minCrapScore="0" visitedClasses="0" numClasses="53" visitedMethods="0" numMethods="258" />
      <ModulePath>D:\git\System.IO.Paging\Test.Paging.Physical\bin\Debug\netcoreapp2.0\Test.Paging.PhysicalLevel.dll</ModulePath>
      <ModuleTime>2019-02-10T12:32:44.5064608Z</ModuleTime>
      <ModuleName>Test.Paging.PhysicalLevel</ModuleName>
      <Files>
        <File uid="1" fullPath="D:\git\System.IO.Paging\Test.Paging.Physical\obj\Debug\netcoreapp2.0\Test.Paging.PhysicalLevel.Program.cs" />
        <File uid="2" fullPath="D:\git\System.IO.Paging\Test.Paging.Physical\BufferedPageFactoryTests.cs" />
        <File uid="3" fullPath="D:\git\System.IO.Paging\Test.Paging.Physical\GamManagerTest.cs" />
        <File uid="6" fullPath="D:\git\System.IO.Paging\Test.Paging.Physical\PageAccessorTest.cs" />
        <File uid="8" fullPath="D:\git\System.IO.Paging\Test.Paging.Physical\PageManagerTest.cs" />
        <File uid="12" fullPath="D:\git\System.IO.Paging\Test.Paging.Physical\TestHeader.cs" />
        <File uid="13" fullPath="D:\git\System.IO.Paging\Test.Paging.Physical\TestRecord.cs" />
        <File uid="14" fullPath="D:\git\System.IO.Paging\Test.Paging.Physical\UnderlyingFileOperatorTest.cs" />
        <File uid="15" fullPath="D:\git\System.IO.Paging\Test.Paging.Physical\Pages\FixedSizePageTest.cs" />
        <File uid="18" fullPath="D:\git\System.IO.Paging\Test.Paging.Physical\Pages\PageBinarySearchTest.cs" />
        <File uid="20" fullPath="D:\git\System.IO.Paging\Test.Paging.Physical\Pages\PageBufferTest.cs" />
        <File uid="21" fullPath="D:\git\System.IO.Paging\Test.Paging.Physical\Headers\FixedRecordHeadersCalculatorTest.cs" />
        <File uid="22" fullPath="D:\git\System.IO.Paging\Test.Paging.Physical\Headers\FixedRecordPageHeadersLogicalOrderTest.cs" />
        <File uid="26" fullPath="D:\git\System.IO.Paging\Test.Paging.Physical\Headers\FixedRecordPageHeadersNoOrderTest.cs" />
        <File uid="29" fullPath="D:\git\System.IO.Paging\Test.Paging.Physical\Headers\PageHeadersBaseTest.cs" />
        <File uid="33" fullPath="D:\git\System.IO.Paging\Test.Paging.Physical\Headers\VariableRecordPageHeadersTest.cs" />
        <File uid="34" fullPath="D:\git\System.IO.Paging\Test.Paging.Physical\Headers\VariableRecordPageHeadersTestWithSlotInfo.cs" />
        <File uid="35" fullPath="D:\git\System.IO.Paging\Test.Paging.Physical\Configurations\ConfigurationBuilderTests.cs" />
      </Files>
      <Classes>
        <Class>
          <Summary numSequencePoints="0" visitedSequencePoints="0" numBranchPoints="0" visitedBranchPoints="0" sequenceCoverage="0" branchCoverage="0" maxCyclomaticComplexity="0" minCyclomaticComplexity="0" maxCrapScore="0" minCrapScore="0" visitedClasses="0" numClasses="0" visitedMethods="0" numMethods="0" />
          <FullName>&lt;Module&gt;</FullName>
          <Methods />
        </Class>
        <Class>
          <Summary numSequencePoints="2" visitedSequencePoints="0" numBranchPoints="1" visitedBranchPoints="0" sequenceCoverage="0" branchCoverage="0" maxCyclomaticComplexity="1" minCyclomaticComplexity="1" maxCrapScore="2" minCrapScore="2" visitedClasses="0" numClasses="1" visitedMethods="0" numMethods="1" />
          <FullName>AutoGeneratedProgram</FullName>
          <Methods>
            <Method visited="false" cyclomaticComplexity="1" nPathComplexity="0" sequenceCoverage="0" branchCoverage="0" crapScore="2" isConstructor="false" isStatic="true" isGetter="false" isSetter="false">
              <Summary numSequencePoints="2" visitedSequencePoints="0" numBranchPoints="1" visitedBranchPoints="0" sequenceCoverage="0" branchCoverage="0" maxCyclomaticComplexity="1" minCyclomaticComplexity="1" maxCrapScore="2" minCrapScore="2" visitedClasses="0" numClasses="0" visitedMethods="0" numMethods="1" />
              <MetadataToken>100663297</MetadataToken>
              <Name>System.Void AutoGeneratedProgram::Main(System.String[])</Name>
              <FileRef uid="1" />
              <SequencePoints>
                <SequencePoint vc="0" uspid="1" ordinal="0" offset="0" sl="4" sc="60" el="4" ec="61" bec="0" bev="0" fileid="1" />
                <SequencePoint vc="0" uspid="2" ordinal="1" offset="1" sl="4" sc="61" el="4" ec="62" bec="0" bev="0" fileid="1" />
              </SequencePoints>
              <BranchPoints />
              <MethodPoint xsi:type="SequencePoint" vc="0" uspid="1" ordinal="0" offset="0" sl="4" sc="60" el="4" ec="61" bec="0" bev="0" fileid="1" />
            </Method>
            <Method visited="false" cyclomaticComplexity="1" nPathComplexity="0" sequenceCoverage="0" branchCoverage="0" crapScore="2" isConstructor="true" isStatic="false" isGetter="false" isSetter="false">
              <Summary numSequencePoints="0" visitedSequencePoints="0" numBranchPoints="0" visitedBranchPoints="0" sequenceCoverage="0" branchCoverage="0" maxCyclomaticComplexity="1" minCyclomaticComplexity="1" maxCrapScore="2" minCrapScore="2" visitedClasses="0" numClasses="0" visitedMethods="0" numMethods="0" />
              <MetadataToken>100663298</MetadataToken>
              <Name>System.Void AutoGeneratedProgram::.ctor()</Name>
              <SequencePoints />
              <BranchPoints />
              <MethodPoint vc="0" uspid="3" ordinal="0" offset="0" />
            </Method>
          </Methods>
        </Class>
        <Class>
          <Summary numSequencePoints="13" visitedSequencePoints="0" numBranchPoints="9" visitedBranchPoints="0" sequenceCoverage="0" branchCoverage="0" maxCyclomaticComplexity="1" minCyclomaticComplexity="1" maxCrapScore="2" minCrapScore="2" visitedClasses="0" numClasses="1" visitedMethods="0" numMethods="9" />
          <FullName>Test.Paging.PhysicalLevel.BufferedPageFactoryTests</FullName>
          <Methods>
            <Method visited="false" cyclomaticComplexity="1" nPathComplexity="0" sequenceCoverage="0" branchCoverage="0" crapScore="2" isConstructor="false" isStatic="false" isGetter="true" isSetter="false">
              <Summary numSequencePoints="1" visitedSequencePoints="0" numBranchPoints="1" visitedBranchPoints="0" sequenceCoverage="0" branchCoverage="0" maxCyclomaticComplexity="1" minCyclomaticComplexity="1" maxCrapScore="2" minCrapScore="2" visitedClasses="0" numClasses="0" visitedMethods="0" numMethods="1" />
              <MetadataToken>100663299</MetadataToken>
              <Name>Microsoft.VisualStudio.TestTools.UnitTesting.TestContext Test.Paging.PhysicalLevel.BufferedPageFactoryTests::get_TestContext()</Name>
              <FileRef uid="2" />
              <SequencePoints>
                <SequencePoint vc="0" uspid="4" ordinal="0" offset="0" sl="17" sc="42" el="17" ec="46" bec="0" bev="0" fileid="2" />
              </SequencePoints>
              <BranchPoints />
              <MethodPoint xsi:type="SequencePoint" vc="0" uspid="4" ordinal="0" offset="0" sl="17" sc="42" el="17" ec="46" bec="0" bev="0" fileid="2" />
            </Method>
            <Method visited="false" cyclomaticComplexity="1" nPathComplexity="0" sequenceCoverage="0" branchCoverage="0" crapScore="2" isConstructor="false" isStatic="false" isGetter="false" isSetter="true">
              <Summary numSequencePoints="1" visitedSequencePoints="0" numBranchPoints="1" visitedBranchPoints="0" sequenceCoverage="0" branchCoverage="0" maxCyclomaticComplexity="1" minCyclomaticComplexity="1" maxCrapScore="2" minCrapScore="2" visitedClasses="0" numClasses="0" visitedMethods="0" numMethods="1" />
              <MetadataToken>100663300</MetadataToken>
              <Name>System.Void Test.Paging.PhysicalLevel.BufferedPageFactoryTests::set_TestContext(Microsoft.VisualStudio.TestTools.UnitTesting.TestContext)</Name>
              <FileRef uid="2" />
              <SequencePoints>
                <SequencePoint vc="0" uspid="5" ordinal="0" offset="0" sl="17" sc="47" el="17" ec="51" bec="0" bev="0" fileid="2" />
              </SequencePoints>
              <BranchPoints />
              <MethodPoint xsi:type="SequencePoint" vc="0" uspid="5" ordinal="0" offset="0" sl="17" sc="47" el="17" ec="51" bec="0" bev="0" fileid="2" />
            </Method>
            <Method visited="false" cyclomaticComplexity="1" nPathComplexity="0" sequenceCoverage="0" branchCoverage="0" crapScore="2" isConstructor="false" isStatic="false" isGetter="true" isSetter="false">
              <Summary numSequencePoints="1" visitedSequencePoints="0" numBranchPoints="1" visitedBranchPoints="0" sequenceCoverage="0" branchCoverage="0" maxCyclomaticComplexity="1" minCyclomaticComplexity="1" maxCrapScore="2" minCrapScore="2" visitedClasses="0" numClasses="0" visitedMethods="0" numMethods="1" />
              <MetadataToken>100663301</MetadataToken>
              <Name>System.IO.Paging.PhysicalLevel.Contracts.Internal.IGamAccessor Test.Paging.PhysicalLevel.BufferedPageFactoryTests::get_GamMock()</Name>
              <FileRef uid="2" />
              <SequencePoints>
                <SequencePoint vc="0" uspid="6" ordinal="0" offset="0" sl="18" sc="41" el="18" ec="95" bec="0" bev="0" fileid="2" />
              </SequencePoints>
              <BranchPoints />
              <MethodPoint xsi:type="SequencePoint" vc="0" uspid="6" ordinal="0" offset="0" sl="18" sc="41" el="18" ec="95" bec="0" bev="0" fileid="2" />
            </Method>
            <Method visited="false" cyclomaticComplexity="1" nPathComplexity="0" sequenceCoverage="0" branchCoverage="0" crapScore="2" isConstructor="false" isStatic="false" isGetter="true" isSetter="false">
              <Summary numSequencePoints="1" visitedSequencePoints="0" numBranchPoints="1" visitedBranchPoints="0" sequenceCoverage="0" branchCoverage="0" maxCyclomaticComplexity="1" minCyclomaticComplexity="1" maxCrapScore="2" minCrapScore="2" visitedClasses="0" numClasses="0" visitedMethods="0" numMethods="1" />
              <MetadataToken>100663302</MetadataToken>
              <Name>System.IO.Paging.PhysicalLevel.Contracts.Internal.IUnderlyingFileOperator Test.Paging.PhysicalLevel.BufferedPageFactoryTests::get_FileMock()</Name>
              <FileRef uid="2" />
              <SequencePoints>
                <SequencePoint vc="0" uspid="7" ordinal="0" offset="0" sl="19" sc="53" el="19" ec="129" bec="0" bev="0" fileid="2" />
              </SequencePoints>
              <BranchPoints />
              <MethodPoint xsi:type="SequencePoint" vc="0" uspid="7" ordinal="0" offset="0" sl="19" sc="53" el="19" ec="129" bec="0" bev="0" fileid="2" />
            </Method>
            <Method visited="false" cyclomaticComplexity="1" nPathComplexity="0" sequenceCoverage="0" branchCoverage="0" crapScore="2" isConstructor="false" isStatic="false" isGetter="true" isSetter="false">
              <Summary numSequencePoints="1" visitedSequencePoints="0" numBranchPoints="1" visitedBranchPoints="0" sequenceCoverage="0" branchCoverage="0" maxCyclomaticComplexity="1" minCyclomaticComplexity="1" maxCrapScore="2" minCrapScore="2" visitedClasses="0" numClasses="0" visitedMethods="0" numMethods="1" />
              <MetadataToken>100663303</MetadataToken>
              <Name>System.IO.Paging.PhysicalLevel.Contracts.Internal.IExtentAccessorFactory Test.Paging.PhysicalLevel.BufferedPageFactoryTests::get_BlockMock()</Name>
              <FileRef uid="2" />
              <SequencePoints>
                <SequencePoint vc="0" uspid="8" ordinal="0" offset="0" sl="20" sc="53" el="20" ec="127" bec="0" bev="0" fileid="2" />
              </SequencePoints>
              <BranchPoints />
              <MethodPoint xsi:type="SequencePoint" vc="0" uspid="8" ordinal="0" offset="0" sl="20" sc="53" el="20" ec="127" bec="0" bev="0" fileid="2" />
            </Method>
            <Method visited="false" cyclomaticComplexity="1" nPathComplexity="0" sequenceCoverage="0" branchCoverage="0" crapScore="2" isConstructor="false" isStatic="false" isGetter="true" isSetter="false">
              <Summary numSequencePoints="1" visitedSequencePoints="0" numBranchPoints="1" visitedBranchPoints="0" sequenceCoverage="0" branchCoverage="0" maxCyclomaticComplexity="1" minCyclomaticComplexity="1" maxCrapScore="2" minCrapScore="2" visitedClasses="0" numClasses="0" visitedMethods="0" numMethods="1" />
              <MetadataToken>100663304</MetadataToken>
              <Name>System.IO.Paging.PhysicalLevel.Classes.PageFactories.IHeaderFactory Test.Paging.PhysicalLevel.BufferedPageFactoryTests::get_HeaderMock()</Name>
              <FileRef uid="2" />
              <SequencePoints>
                <SequencePoint vc="0" uspid="9" ordinal="0" offset="0" sl="21" sc="46" el="21" ec="104" bec="0" bev="0" fileid="2" />
              </SequencePoints>
              <BranchPoints />
              <MethodPoint xsi:type="SequencePoint" vc="0" uspid="9" ordinal="0" offset="0" sl="21" sc="46" el="21" ec="104" bec="0" bev="0" fileid="2" />
            </Method>
            <Method visited="false" cyclomaticComplexity="1" nPathComplexity="0" sequenceCoverage="0" branchCoverage="0" crapScore="2" isConstructor="false" isStatic="false" isGetter="false" isSetter="false">
              <Summary numSequencePoints="3" visitedSequencePoints="0" numBranchPoints="1" visitedBranchPoints="0" sequenceCoverage="0" branchCoverage="0" maxCyclomaticComplexity="1" minCyclomaticComplexity="1" maxCrapScore="2" minCrapScore="2" visitedClasses="0" numClasses="0" visitedMethods="0" numMethods="1" />
              <MetadataToken>100663305</MetadataToken>
              <Name>System.IO.Paging.PhysicalLevel.Contracts.IBufferedPageFactory Test.Paging.PhysicalLevel.BufferedPageFactoryTests::bufferedPageFactory()</Name>
              <FileRef uid="2" />
              <SequencePoints>
                <SequencePoint vc="0" uspid="10" ordinal="0" offset="0" sl="23" sc="9" el="23" ec="10" bec="0" bev="0" fileid="2" />
                <SequencePoint vc="0" uspid="11" ordinal="1" offset="1" sl="24" sc="13" el="24" ec="74" bec="0" bev="0" fileid="2" />
                <SequencePoint vc="0" uspid="12" ordinal="2" offset="27" sl="25" sc="9" el="25" ec="10" bec="0" bev="0" fileid="2" />
              </SequencePoints>
              <BranchPoints />
              <MethodPoint xsi:type="SequencePoint" vc="0" uspid="10" ordinal="0" offset="0" sl="23" sc="9" el="23" ec="10" bec="0" bev="0" fileid="2" />
            </Method>
            <Method visited="false" cyclomaticComplexity="1" nPathComplexity="0" sequenceCoverage="0" branchCoverage="0" crapScore="2" isConstructor="false" isStatic="false" isGetter="false" isSetter="false">
              <Summary numSequencePoints="2" visitedSequencePoints="0" numBranchPoints="1" visitedBranchPoints="0" sequenceCoverage="0" branchCoverage="0" maxCyclomaticComplexity="1" minCyclomaticComplexity="1" maxCrapScore="2" minCrapScore="2" visitedClasses="0" numClasses="0" visitedMethods="0" numMethods="1" />
              <MetadataToken>100663306</MetadataToken>
              <Name>System.Void Test.Paging.PhysicalLevel.BufferedPageFactoryTests::CreatePage()</Name>
              <FileRef uid="2" />
              <SequencePoints>
                <SequencePoint vc="0" uspid="13" ordinal="0" offset="0" sl="29" sc="9" el="29" ec="10" bec="0" bev="0" fileid="2" />
                <SequencePoint vc="0" uspid="14" ordinal="1" offset="1" sl="31" sc="9" el="31" ec="10" bec="0" bev="0" fileid="2" />
              </SequencePoints>
              <BranchPoints />
              <MethodPoint xsi:type="SequencePoint" vc="0" uspid="13" ordinal="0" offset="0" sl="29" sc="9" el="29" ec="10" bec="0" bev="0" fileid="2" />
            </Method>
            <Method visited="false" cyclomaticComplexity="1" nPathComplexity="0" sequenceCoverage="0" branchCoverage="0" crapScore="2" isConstructor="false" isStatic="false" isGetter="false" isSetter="false">
              <Summary numSequencePoints="2" visitedSequencePoints="0" numBranchPoints="1" visitedBranchPoints="0" sequenceCoverage="0" branchCoverage="0" maxCyclomaticComplexity="1" minCyclomaticComplexity="1" maxCrapScore="2" minCrapScore="2" visitedClasses="0" numClasses="0" visitedMethods="0" numMethods="1" />
              <MetadataToken>100663307</MetadataToken>
              <Name>System.Void Test.Paging.PhysicalLevel.BufferedPageFactoryTests::CreateHeaderedPage()</Name>
              <FileRef uid="2" />
              <SequencePoints>
                <SequencePoint vc="0" uspid="15" ordinal="0" offset="0" sl="36" sc="9" el="36" ec="10" bec="0" bev="0" fileid="2" />
                <SequencePoint vc="0" uspid="16" ordinal="1" offset="1" sl="38" sc="9" el="38" ec="10" bec="0" bev="0" fileid="2" />
              </SequencePoints>
              <BranchPoints />
              <MethodPoint xsi:type="SequencePoint" vc="0" uspid="15" ordinal="0" offset="0" sl="36" sc="9" el="36" ec="10" bec="0" bev="0" fileid="2" />
            </Method>
            <Method visited="false" cyclomaticComplexity="1" nPathComplexity="0" sequenceCoverage="0" branchCoverage="0" crapScore="2" isConstructor="true" isStatic="false" isGetter="false" isSetter="false">
              <Summary numSequencePoints="0" visitedSequencePoints="0" numBranchPoints="0" visitedBranchPoints="0" sequenceCoverage="0" branchCoverage="0" maxCyclomaticComplexity="1" minCyclomaticComplexity="1" maxCrapScore="2" minCrapScore="2" visitedClasses="0" numClasses="0" visitedMethods="0" numMethods="0" />
              <MetadataToken>100663308</MetadataToken>
              <Name>System.Void Test.Paging.PhysicalLevel.BufferedPageFactoryTests::.ctor()</Name>
              <SequencePoints />
              <BranchPoints />
              <MethodPoint vc="0" uspid="17" ordinal="0" offset="0" />
            </Method>
          </Methods>
        </Class>
        <Class>
          <Summary numSequencePoints="92" visitedSequencePoints="0" numBranchPoints="20" visitedBranchPoints="0" sequenceCoverage="0" branchCoverage="0" maxCyclomaticComplexity="4" minCyclomaticComplexity="1" maxCrapScore="20" minCrapScore="2" visitedClasses="0" numClasses="1" visitedMethods="0" numMethods="14" />
          <FullName>Test.Paging.PhysicalLevel.GamManagerTest</FullName>
          <Methods>
            <Method visited="false" cyclomaticComplexity="1" nPathComplexity="0" sequenceCoverage="0" branchCoverage="0" crapScore="2" isConstructor="false" isStatic="false" isGetter="true" isSetter="false">
              <Summary numSequencePoints="1" visitedSequencePoints="0" numBranchPoints="1" visitedBranchPoints="0" sequenceCoverage="0" branchCoverage="0" maxCyclomaticComplexity="1" minCyclomaticComplexity="1" maxCrapScore="2" minCrapScore="2" visitedClasses="0" numClasses="0" visitedMethods="0" numMethods="1" />
              <MetadataToken>100663309</MetadataToken>
              <Name>Microsoft.VisualStudio.TestTools.UnitTesting.TestContext Test.Paging.PhysicalLevel.GamManagerTest::get_TestContext()</Name>
              <FileRef uid="3" />
              <SequencePoints>
                <SequencePoint vc="0" uspid="18" ordinal="0" offset="0" sl="17" sc="42" el="17" ec="46" bec="0" bev="0" fileid="3" />
              </SequencePoints>
              <BranchPoints />
              <MethodPoint xsi:type="SequencePoint" vc="0" uspid="18" ordinal="0" offset="0" sl="17" sc="42" el="17" ec="46" bec="0" bev="0" fileid="3" />
            </Method>
            <Method visited="false" cyclomaticComplexity="1" nPathComplexity="0" sequenceCoverage="0" branchCoverage="0" crapScore="2" isConstructor="false" isStatic="false" isGetter="false" isSetter="true">
              <Summary numSequencePoints="1" visitedSequencePoints="0" numBranchPoints="1" visitedBranchPoints="0" sequenceCoverage="0" branchCoverage="0" maxCyclomaticComplexity="1" minCyclomaticComplexity="1" maxCrapScore="2" minCrapScore="2" visitedClasses="0" numClasses="0" visitedMethods="0" numMethods="1" />
              <MetadataToken>100663310</MetadataToken>
              <Name>System.Void Test.Paging.PhysicalLevel.GamManagerTest::set_TestContext(Microsoft.VisualStudio.TestTools.UnitTesting.TestContext)</Name>
              <FileRef uid="3" />
              <SequencePoints>
                <SequencePoint vc="0" uspid="19" ordinal="0" offset="0" sl="17" sc="47" el="17" ec="51" bec="0" bev="0" fileid="3" />
              </SequencePoints>
              <BranchPoints />
              <MethodPoint xsi:type="SequencePoint" vc="0" uspid="19" ordinal="0" offset="0" sl="17" sc="47" el="17" ec="51" bec="0" bev="0" fileid="3" />
            </Method>
            <Method visited="false" cyclomaticComplexity="1" nPathComplexity="0" sequenceCoverage="0" branchCoverage="0" crapScore="2" isConstructor="false" isStatic="false" isGetter="true" isSetter="false">
              <Summary numSequencePoints="1" visitedSequencePoints="0" numBranchPoints="1" visitedBranchPoints="0" sequenceCoverage="0" branchCoverage="0" maxCyclomaticComplexity="1" minCyclomaticComplexity="1" maxCrapScore="2" minCrapScore="2" visitedClasses="0" numClasses="0" visitedMethods="0" numMethods="1" />
              <MetadataToken>100663315</MetadataToken>
              <Name>System.String Test.Paging.PhysicalLevel.GamManagerTest::get_FileName()</Name>
              <FileRef uid="3" />
              <SequencePoints>
                <SequencePoint vc="0" uspid="20" ordinal="0" offset="0" sl="43" sc="34" el="43" ec="54" bec="0" bev="0" fileid="3" />
              </SequencePoints>
              <BranchPoints />
              <MethodPoint xsi:type="SequencePoint" vc="0" uspid="20" ordinal="0" offset="0" sl="43" sc="34" el="43" ec="54" bec="0" bev="0" fileid="3" />
            </Method>
            <Method visited="false" cyclomaticComplexity="1" nPathComplexity="0" sequenceCoverage="0" branchCoverage="0" crapScore="2" isConstructor="false" isStatic="true" isGetter="false" isSetter="false">
              <Summary numSequencePoints="1" visitedSequencePoints="0" numBranchPoints="1" visitedBranchPoints="0" sequenceCoverage="0" branchCoverage="0" maxCyclomaticComplexity="1" minCyclomaticComplexity="1" maxCrapScore="2" minCrapScore="2" visitedClasses="0" numClasses="0" visitedMethods="0" numMethods="1" />
              <MetadataToken>100663311</MetadataToken>
              <Name>System.Byte[] Test.Paging.PhysicalLevel.GamManagerTest::CreateEmptyGam()</Name>
              <FileRef uid="3" />
              <SequencePoints>
                <SequencePoint vc="0" uspid="21" ordinal="0" offset="0" sl="20" sc="51" el="20" ec="72" bec="0" bev="0" fileid="3" />
              </SequencePoints>
              <BranchPoints />
              <MethodPoint xsi:type="SequencePoint" vc="0" uspid="21" ordinal="0" offset="0" sl="20" sc="51" el="20" ec="72" bec="0" bev="0" fileid="3" />
            </Method>
            <Method visited="false" cyclomaticComplexity="1" nPathComplexity="0" sequenceCoverage="0" branchCoverage="0" crapScore="2" isConstructor="false" isStatic="true" isGetter="false" isSetter="false">
              <Summary numSequencePoints="3" visitedSequencePoints="0" numBranchPoints="1" visitedBranchPoints="0" sequenceCoverage="0" branchCoverage="0" maxCyclomaticComplexity="1" minCyclomaticComplexity="1" maxCrapScore="2" minCrapScore="2" visitedClasses="0" numClasses="0" visitedMethods="0" numMethods="1" />
              <MetadataToken>100663312</MetadataToken>
              <Name>System.Void Test.Paging.PhysicalLevel.GamManagerTest::MarkInGamFilled(System.Byte[],System.Int32,System.Byte)</Name>
              <FileRef uid="3" />
              <SequencePoints>
                <SequencePoint vc="0" uspid="22" ordinal="0" offset="0" sl="24" sc="9" el="24" ec="10" bec="0" bev="0" fileid="3" />
                <SequencePoint vc="0" uspid="23" ordinal="1" offset="1" sl="25" sc="13" el="25" ec="33" bec="0" bev="0" fileid="3" />
                <SequencePoint vc="0" uspid="24" ordinal="2" offset="5" sl="26" sc="9" el="26" ec="10" bec="0" bev="0" fileid="3" />
              </SequencePoints>
              <BranchPoints />
              <MethodPoint xsi:type="SequencePoint" vc="0" uspid="22" ordinal="0" offset="0" sl="24" sc="9" el="24" ec="10" bec="0" bev="0" fileid="3" />
            </Method>
            <Method visited="false" cyclomaticComplexity="1" nPathComplexity="0" sequenceCoverage="0" branchCoverage="0" crapScore="2" isConstructor="false" isStatic="true" isGetter="false" isSetter="false">
              <Summary numSequencePoints="3" visitedSequencePoints="0" numBranchPoints="1" visitedBranchPoints="0" sequenceCoverage="0" branchCoverage="0" maxCyclomaticComplexity="1" minCyclomaticComplexity="1" maxCrapScore="2" minCrapScore="2" visitedClasses="0" numClasses="0" visitedMethods="0" numMethods="1" />
              <MetadataToken>100663313</MetadataToken>
              <Name>System.Void Test.Paging.PhysicalLevel.GamManagerTest::MarkInGamEmpty(System.Byte[],System.Int32)</Name>
              <FileRef uid="3" />
              <SequencePoints>
                <SequencePoint vc="0" uspid="25" ordinal="0" offset="0" sl="31" sc="9" el="31" ec="10" bec="0" bev="0" fileid="3" />
                <SequencePoint vc="0" uspid="26" ordinal="1" offset="1" sl="33" sc="13" el="33" ec="30" bec="0" bev="0" fileid="3" />
                <SequencePoint vc="0" uspid="27" ordinal="2" offset="5" sl="34" sc="9" el="34" ec="10" bec="0" bev="0" fileid="3" />
              </SequencePoints>
              <BranchPoints />
              <MethodPoint xsi:type="SequencePoint" vc="0" uspid="25" ordinal="0" offset="0" sl="31" sc="9" el="31" ec="10" bec="0" bev="0" fileid="3" />
            </Method>
            <Method visited="false" cyclomaticComplexity="1" nPathComplexity="0" sequenceCoverage="0" branchCoverage="0" crapScore="2" isConstructor="false" isStatic="false" isGetter="false" isSetter="false">
              <Summary numSequencePoints="5" visitedSequencePoints="0" numBranchPoints="1" visitedBranchPoints="0" sequenceCoverage="0" branchCoverage="0" maxCyclomaticComplexity="1" minCyclomaticComplexity="1" maxCrapScore="2" minCrapScore="2" visitedClasses="0" numClasses="0" visitedMethods="0" numMethods="1" />
              <MetadataToken>100663314</MetadataToken>
              <Name>System.Void Test.Paging.PhysicalLevel.GamManagerTest::CheckFile(System.Byte[])</Name>
              <FileRef uid="3" />
              <SequencePoints>
                <SequencePoint vc="0" uspid="28" ordinal="0" offset="0" sl="37" sc="9" el="37" ec="10" bec="0" bev="0" fileid="3" />
                <SequencePoint vc="0" uspid="29" ordinal="1" offset="1" sl="38" sc="13" el="38" ec="28" bec="0" bev="0" fileid="3" />
                <SequencePoint vc="0" uspid="30" ordinal="2" offset="13" sl="39" sc="13" el="39" ec="79" bec="0" bev="0" fileid="3" />
                <SequencePoint vc="0" uspid="31" ordinal="3" offset="38" sl="40" sc="13" el="40" ec="50" bec="0" bev="0" fileid="3" />
                <SequencePoint vc="0" uspid="32" ordinal="4" offset="46" sl="41" sc="9" el="41" ec="10" bec="0" bev="0" fileid="3" />
              </SequencePoints>
              <BranchPoints />
              <MethodPoint xsi:type="SequencePoint" vc="0" uspid="28" ordinal="0" offset="0" sl="37" sc="9" el="37" ec="10" bec="0" bev="0" fileid="3" />
            </Method>
            <Method visited="false" cyclomaticComplexity="3" nPathComplexity="4" sequenceCoverage="0" branchCoverage="0" crapScore="12" isConstructor="false" isStatic="false" isGetter="false" isSetter="false">
              <Summary numSequencePoints="9" visitedSequencePoints="0" numBranchPoints="5" visitedBranchPoints="0" sequenceCoverage="0" branchCoverage="0" maxCyclomaticComplexity="3" minCyclomaticComplexity="3" maxCrapScore="12" minCrapScore="12" visitedClasses="0" numClasses="0" visitedMethods="0" numMethods="1" />
              <MetadataToken>100663316</MetadataToken>
              <Name>System.IO.Paging.PhysicalLevel.Contracts.Internal.IGamAccessor Test.Paging.PhysicalLevel.GamManagerTest::GetManager()</Name>
              <FileRef uid="3" />
              <SequencePoints>
                <SequencePoint vc="0" uspid="33" ordinal="0" offset="13" sl="46" sc="9" el="46" ec="10" bec="0" bev="0" fileid="3" />
                <SequencePoint vc="0" uspid="34" ordinal="1" offset="14" sl="47" sc="13" el="47" ec="71" bec="2" bev="0" fileid="3" />
                <SequencePoint vc="0" uspid="35" ordinal="2" offset="56" sl="48" sc="13" el="48" ec="64" bec="0" bev="0" fileid="3" />
                <SequencePoint vc="0" uspid="36" ordinal="3" offset="134" sl="49" sc="13" el="51" ec="155" bec="0" bev="0" fileid="3" />
                <SequencePoint vc="0" uspid="37" ordinal="4" offset="253" sl="53" sc="13" el="53" ec="141" bec="2" bev="0" fileid="3" />
                <SequencePoint vc="0" uspid="38" ordinal="5" offset="391" sl="54" sc="13" el="54" ec="43" bec="0" bev="0" fileid="3" />
                <SequencePoint vc="0" uspid="39" ordinal="6" offset="403" sl="55" sc="13" el="55" ec="44" bec="0" bev="0" fileid="3" />
                <SequencePoint vc="0" uspid="40" ordinal="7" offset="416" sl="56" sc="13" el="56" ec="22" bec="0" bev="0" fileid="3" />
                <SequencePoint vc="0" uspid="41" ordinal="8" offset="420" sl="57" sc="9" el="57" ec="10" bec="0" bev="0" fileid="3" />
              </SequencePoints>
              <BranchPoints>
                <BranchPoint vc="0" uspid="42" ordinal="0" offset="21" sl="47" path="0" offsetend="23" fileid="3" />
                <BranchPoint vc="0" uspid="43" ordinal="1" offset="21" sl="47" path="1" offsetend="46" fileid="3" />
                <BranchPoint vc="0" uspid="44" ordinal="2" offset="360" sl="53" path="0" offsetend="362" fileid="3" />
                <BranchPoint vc="0" uspid="45" ordinal="3" offset="360" sl="53" path="1" offsetend="385" fileid="3" />
              </BranchPoints>
              <MethodPoint vc="0" uspid="46" ordinal="0" offset="0" />
            </Method>
            <Method visited="false" cyclomaticComplexity="1" nPathComplexity="0" sequenceCoverage="0" branchCoverage="0" crapScore="2" isConstructor="false" isStatic="false" isGetter="false" isSetter="false">
              <Summary numSequencePoints="8" visitedSequencePoints="0" numBranchPoints="1" visitedBranchPoints="0" sequenceCoverage="0" branchCoverage="0" maxCyclomaticComplexity="1" minCyclomaticComplexity="1" maxCrapScore="2" minCrapScore="2" visitedClasses="0" numClasses="0" visitedMethods="0" numMethods="1" />
              <MetadataToken>100663317</MetadataToken>
              <Name>System.Void Test.Paging.PhysicalLevel.GamManagerTest::Clean()</Name>
              <FileRef uid="3" />
              <SequencePoints>
                <SequencePoint vc="0" uspid="47" ordinal="0" offset="0" sl="60" sc="9" el="60" ec="10" bec="0" bev="0" fileid="3" />
                <SequencePoint vc="0" uspid="48" ordinal="1" offset="1" sl="62" sc="13" el="62" ec="14" bec="0" bev="0" fileid="3" />
                <SequencePoint vc="0" uspid="49" ordinal="2" offset="2" sl="64" sc="17" el="64" ec="49" bec="0" bev="0" fileid="3" />
                <SequencePoint vc="0" uspid="50" ordinal="3" offset="14" sl="65" sc="13" el="65" ec="14" bec="0" bev="0" fileid="3" />
                <SequencePoint vc="0" uspid="51" ordinal="4" offset="17" sl="66" sc="13" el="66" ec="18" bec="0" bev="0" fileid="3" />
                <SequencePoint vc="0" uspid="52" ordinal="5" offset="18" sl="66" sc="19" el="66" ec="20" bec="0" bev="0" fileid="3" />
                <SequencePoint vc="0" uspid="53" ordinal="6" offset="19" sl="66" sc="21" el="66" ec="22" bec="0" bev="0" fileid="3" />
                <SequencePoint vc="0" uspid="54" ordinal="7" offset="22" sl="67" sc="9" el="67" ec="10" bec="0" bev="0" fileid="3" />
              </SequencePoints>
              <BranchPoints />
              <MethodPoint xsi:type="SequencePoint" vc="0" uspid="47" ordinal="0" offset="0" sl="60" sc="9" el="60" ec="10" bec="0" bev="0" fileid="3" />
            </Method>
            <Method visited="false" cyclomaticComplexity="2" nPathComplexity="0" sequenceCoverage="0" branchCoverage="0" crapScore="6" isConstructor="false" isStatic="false" isGetter="false" isSetter="false">
              <Summary numSequencePoints="10" visitedSequencePoints="0" numBranchPoints="1" visitedBranchPoints="0" sequenceCoverage="0" branchCoverage="0" maxCyclomaticComplexity="2" minCyclomaticComplexity="2" maxCrapScore="6" minCrapScore="6" visitedClasses="0" numClasses="0" visitedMethods="0" numMethods="1" />
              <MetadataToken>100663318</MetadataToken>
              <Name>System.Void Test.Paging.PhysicalLevel.GamManagerTest::MarkUsed()</Name>
              <FileRef uid="3" />
              <SequencePoints>
                <SequencePoint vc="0" uspid="55" ordinal="0" offset="0" sl="70" sc="9" el="70" ec="10" bec="0" bev="0" fileid="3" />
                <SequencePoint vc="0" uspid="56" ordinal="1" offset="1" sl="72" sc="20" el="72" ec="46" bec="0" bev="0" fileid="3" />
                <SequencePoint vc="0" uspid="57" ordinal="2" offset="8" sl="73" sc="13" el="73" ec="14" bec="0" bev="0" fileid="3" />
                <SequencePoint vc="0" uspid="58" ordinal="3" offset="9" sl="74" sc="17" el="74" ec="55" bec="0" bev="0" fileid="3" />
                <SequencePoint vc="0" uspid="59" ordinal="4" offset="17" sl="75" sc="17" el="75" ec="45" bec="0" bev="0" fileid="3" />
                <SequencePoint vc="0" uspid="60" ordinal="5" offset="25" sl="76" sc="13" el="76" ec="14" bec="0" bev="0" fileid="3" />
                <SequencePoint vc="0" uspid="61" ordinal="6" offset="39" sl="78" sc="13" el="78" ec="40" bec="0" bev="0" fileid="3" />
                <SequencePoint vc="0" uspid="62" ordinal="7" offset="45" sl="79" sc="13" el="79" ec="40" bec="0" bev="0" fileid="3" />
                <SequencePoint vc="0" uspid="63" ordinal="8" offset="54" sl="80" sc="13" el="80" ec="28" bec="0" bev="0" fileid="3" />
                <SequencePoint vc="0" uspid="64" ordinal="9" offset="62" sl="81" sc="9" el="81" ec="10" bec="0" bev="0" fileid="3" />
              </SequencePoints>
              <BranchPoints />
              <MethodPoint xsi:type="SequencePoint" vc="0" uspid="55" ordinal="0" offset="0" sl="70" sc="9" el="70" ec="10" bec="0" bev="0" fileid="3" />
            </Method>
            <Method visited="false" cyclomaticComplexity="4" nPathComplexity="2" sequenceCoverage="0" branchCoverage="0" crapScore="20" isConstructor="false" isStatic="false" isGetter="false" isSetter="false">
              <Summary numSequencePoints="20" visitedSequencePoints="0" numBranchPoints="3" visitedBranchPoints="0" sequenceCoverage="0" branchCoverage="0" maxCyclomaticComplexity="4" minCyclomaticComplexity="4" maxCrapScore="20" minCrapScore="20" visitedClasses="0" numClasses="0" visitedMethods="0" numMethods="1" />
              <MetadataToken>100663319</MetadataToken>
              <Name>System.Void Test.Paging.PhysicalLevel.GamManagerTest::MarkUsedWhenGamFull()</Name>
              <FileRef uid="3" />
              <SequencePoints>
                <SequencePoint vc="0" uspid="65" ordinal="0" offset="0" sl="85" sc="9" el="85" ec="10" bec="0" bev="0" fileid="3" />
                <SequencePoint vc="0" uspid="66" ordinal="1" offset="1" sl="86" sc="20" el="86" ec="62" bec="0" bev="0" fileid="3" />
                <SequencePoint vc="0" uspid="67" ordinal="2" offset="13" sl="87" sc="13" el="87" ec="14" bec="0" bev="0" fileid="3" />
                <SequencePoint vc="0" uspid="68" ordinal="3" offset="14" sl="88" sc="17" el="88" ec="79" bec="0" bev="0" fileid="3" />
                <SequencePoint vc="0" uspid="69" ordinal="4" offset="31" sl="89" sc="17" el="89" ec="51" bec="0" bev="0" fileid="3" />
                <SequencePoint vc="0" uspid="70" ordinal="5" offset="45" sl="90" sc="13" el="90" ec="14" bec="0" bev="0" fileid="3" />
                <SequencePoint vc="0" uspid="71" ordinal="6" offset="59" sl="91" sc="20" el="91" ec="46" bec="0" bev="0" fileid="3" />
                <SequencePoint vc="0" uspid="72" ordinal="7" offset="67" sl="92" sc="13" el="92" ec="14" bec="0" bev="0" fileid="3" />
                <SequencePoint vc="0" uspid="73" ordinal="8" offset="68" sl="93" sc="17" el="93" ec="55" bec="0" bev="0" fileid="3" />
                <SequencePoint vc="0" uspid="74" ordinal="9" offset="78" sl="94" sc="17" el="94" ec="55" bec="0" bev="0" fileid="3" />
                <SequencePoint vc="0" uspid="75" ordinal="10" offset="91" sl="95" sc="13" el="95" ec="14" bec="0" bev="0" fileid="3" />
                <SequencePoint vc="0" uspid="76" ordinal="11" offset="107" sl="97" sc="13" el="97" ec="40" bec="0" bev="0" fileid="3" />
                <SequencePoint vc="0" uspid="77" ordinal="12" offset="113" sl="98" sc="13" el="98" ec="41" bec="0" bev="0" fileid="3" />
                <SequencePoint vc="0" uspid="78" ordinal="13" offset="119" sl="99" sc="17" el="99" ec="26" bec="0" bev="0" fileid="3" />
                <SequencePoint vc="0" uspid="79" ordinal="14" offset="124" sl="99" sc="48" el="99" ec="75" bec="0" bev="0" fileid="3" />
                <SequencePoint vc="0" uspid="80" ordinal="15" offset="134" sl="99" sc="43" el="99" ec="46" bec="0" bev="0" fileid="3" />
                <SequencePoint vc="0" uspid="81" ordinal="16" offset="140" sl="99" sc="27" el="99" ec="41" bec="2" bev="0" fileid="3" />
                <SequencePoint vc="0" uspid="82" ordinal="17" offset="155" sl="100" sc="13" el="100" ec="41" bec="0" bev="0" fileid="3" />
                <SequencePoint vc="0" uspid="83" ordinal="18" offset="164" sl="101" sc="13" el="101" ec="51" bec="0" bev="0" fileid="3" />
                <SequencePoint vc="0" uspid="84" ordinal="19" offset="183" sl="102" sc="9" el="102" ec="10" bec="0" bev="0" fileid="3" />
              </SequencePoints>
              <BranchPoints>
                <BranchPoint vc="0" uspid="85" ordinal="0" offset="153" sl="99" path="0" offsetend="155" fileid="3" />
                <BranchPoint vc="0" uspid="86" ordinal="1" offset="153" sl="99" path="1" offsetend="124" fileid="3" />
              </BranchPoints>
              <MethodPoint xsi:type="SequencePoint" vc="0" uspid="65" ordinal="0" offset="0" sl="85" sc="9" el="85" ec="10" bec="0" bev="0" fileid="3" />
            </Method>
            <Method visited="false" cyclomaticComplexity="3" nPathComplexity="0" sequenceCoverage="0" branchCoverage="0" crapScore="12" isConstructor="false" isStatic="false" isGetter="false" isSetter="false">
              <Summary numSequencePoints="15" visitedSequencePoints="0" numBranchPoints="1" visitedBranchPoints="0" sequenceCoverage="0" branchCoverage="0" maxCyclomaticComplexity="3" minCyclomaticComplexity="3" maxCrapScore="12" minCrapScore="12" visitedClasses="0" numClasses="0" visitedMethods="0" numMethods="1" />
              <MetadataToken>100663320</MetadataToken>
              <Name>System.Void Test.Paging.PhysicalLevel.GamManagerTest::MarkUsed_WhenOnePageUsed()</Name>
              <FileRef uid="3" />
              <SequencePoints>
                <SequencePoint vc="0" uspid="87" ordinal="0" offset="0" sl="106" sc="9" el="106" ec="10" bec="0" bev="0" fileid="3" />
                <SequencePoint vc="0" uspid="88" ordinal="1" offset="1" sl="107" sc="13" el="107" ec="40" bec="0" bev="0" fileid="3" />
                <SequencePoint vc="0" uspid="89" ordinal="2" offset="7" sl="108" sc="13" el="108" ec="40" bec="0" bev="0" fileid="3" />
                <SequencePoint vc="0" uspid="90" ordinal="3" offset="16" sl="109" sc="20" el="109" ec="62" bec="0" bev="0" fileid="3" />
                <SequencePoint vc="0" uspid="91" ordinal="4" offset="28" sl="110" sc="13" el="110" ec="14" bec="0" bev="0" fileid="3" />
                <SequencePoint vc="0" uspid="92" ordinal="5" offset="29" sl="111" sc="17" el="111" ec="52" bec="0" bev="0" fileid="3" />
                <SequencePoint vc="0" uspid="93" ordinal="6" offset="48" sl="112" sc="13" el="112" ec="14" bec="0" bev="0" fileid="3" />
                <SequencePoint vc="0" uspid="94" ordinal="7" offset="62" sl="114" sc="20" el="114" ec="46" bec="0" bev="0" fileid="3" />
                <SequencePoint vc="0" uspid="95" ordinal="8" offset="69" sl="115" sc="13" el="115" ec="14" bec="0" bev="0" fileid="3" />
                <SequencePoint vc="0" uspid="96" ordinal="9" offset="70" sl="116" sc="17" el="116" ec="55" bec="0" bev="0" fileid="3" />
                <SequencePoint vc="0" uspid="97" ordinal="10" offset="78" sl="117" sc="17" el="117" ec="45" bec="0" bev="0" fileid="3" />
                <SequencePoint vc="0" uspid="98" ordinal="11" offset="86" sl="118" sc="13" el="118" ec="14" bec="0" bev="0" fileid="3" />
                <SequencePoint vc="0" uspid="99" ordinal="12" offset="100" sl="120" sc="13" el="120" ec="40" bec="0" bev="0" fileid="3" />
                <SequencePoint vc="0" uspid="100" ordinal="13" offset="109" sl="121" sc="13" el="121" ec="28" bec="0" bev="0" fileid="3" />
                <SequencePoint vc="0" uspid="101" ordinal="14" offset="117" sl="122" sc="9" el="122" ec="10" bec="0" bev="0" fileid="3" />
              </SequencePoints>
              <BranchPoints />
              <MethodPoint xsi:type="SequencePoint" vc="0" uspid="87" ordinal="0" offset="0" sl="106" sc="9" el="106" ec="10" bec="0" bev="0" fileid="3" />
            </Method>
            <Method visited="false" cyclomaticComplexity="3" nPathComplexity="0" sequenceCoverage="0" branchCoverage="0" crapScore="12" isConstructor="false" isStatic="false" isGetter="false" isSetter="false">
              <Summary numSequencePoints="14" visitedSequencePoints="0" numBranchPoints="1" visitedBranchPoints="0" sequenceCoverage="0" branchCoverage="0" maxCyclomaticComplexity="3" minCyclomaticComplexity="3" maxCrapScore="12" minCrapScore="12" visitedClasses="0" numClasses="0" visitedMethods="0" numMethods="1" />
              <MetadataToken>100663321</MetadataToken>
              <Name>System.Void Test.Paging.PhysicalLevel.GamManagerTest::MarkFree()</Name>
              <FileRef uid="3" />
              <SequencePoints>
                <SequencePoint vc="0" uspid="102" ordinal="0" offset="0" sl="127" sc="9" el="127" ec="10" bec="0" bev="0" fileid="3" />
                <SequencePoint vc="0" uspid="103" ordinal="1" offset="1" sl="128" sc="13" el="128" ec="40" bec="0" bev="0" fileid="3" />
                <SequencePoint vc="0" uspid="104" ordinal="2" offset="7" sl="129" sc="13" el="129" ec="40" bec="0" bev="0" fileid="3" />
                <SequencePoint vc="0" uspid="105" ordinal="3" offset="16" sl="130" sc="20" el="130" ec="62" bec="0" bev="0" fileid="3" />
                <SequencePoint vc="0" uspid="106" ordinal="4" offset="28" sl="131" sc="13" el="131" ec="14" bec="0" bev="0" fileid="3" />
                <SequencePoint vc="0" uspid="107" ordinal="5" offset="29" sl="132" sc="17" el="132" ec="52" bec="0" bev="0" fileid="3" />
                <SequencePoint vc="0" uspid="108" ordinal="6" offset="48" sl="133" sc="13" el="133" ec="14" bec="0" bev="0" fileid="3" />
                <SequencePoint vc="0" uspid="109" ordinal="7" offset="62" sl="135" sc="20" el="135" ec="46" bec="0" bev="0" fileid="3" />
                <SequencePoint vc="0" uspid="110" ordinal="8" offset="69" sl="136" sc="13" el="136" ec="14" bec="0" bev="0" fileid="3" />
                <SequencePoint vc="0" uspid="111" ordinal="9" offset="70" sl="137" sc="17" el="137" ec="41" bec="0" bev="0" fileid="3" />
                <SequencePoint vc="0" uspid="112" ordinal="10" offset="78" sl="139" sc="13" el="139" ec="14" bec="0" bev="0" fileid="3" />
                <SequencePoint vc="0" uspid="113" ordinal="11" offset="92" sl="141" sc="13" el="141" ec="36" bec="0" bev="0" fileid="3" />
                <SequencePoint vc="0" uspid="114" ordinal="12" offset="100" sl="142" sc="13" el="142" ec="28" bec="0" bev="0" fileid="3" />
                <SequencePoint vc="0" uspid="115" ordinal="13" offset="108" sl="143" sc="9" el="143" ec="10" bec="0" bev="0" fileid="3" />
              </SequencePoints>
              <BranchPoints />
              <MethodPoint xsi:type="SequencePoint" vc="0" uspid="102" ordinal="0" offset="0" sl="127" sc="9" el="127" ec="10" bec="0" bev="0" fileid="3" />
            </Method>
            <Method visited="false" cyclomaticComplexity="1" nPathComplexity="0" sequenceCoverage="0" branchCoverage="0" crapScore="2" isConstructor="true" isStatic="false" isGetter="false" isSetter="false">
              <Summary numSequencePoints="0" visitedSequencePoints="0" numBranchPoints="0" visitedBranchPoints="0" sequenceCoverage="0" branchCoverage="0" maxCyclomaticComplexity="1" minCyclomaticComplexity="1" maxCrapScore="2" minCrapScore="2" visitedClasses="0" numClasses="0" visitedMethods="0" numMethods="0" />
              <MetadataToken>100663322</MetadataToken>
              <Name>System.Void Test.Paging.PhysicalLevel.GamManagerTest::.ctor()</Name>
              <SequencePoints />
              <BranchPoints />
              <MethodPoint vc="0" uspid="116" ordinal="0" offset="0" />
            </Method>
            <Method visited="false" cyclomaticComplexity="1" nPathComplexity="0" sequenceCoverage="0" branchCoverage="0" crapScore="2" isConstructor="true" isStatic="true" isGetter="false" isSetter="false">
              <Summary numSequencePoints="1" visitedSequencePoints="0" numBranchPoints="1" visitedBranchPoints="0" sequenceCoverage="0" branchCoverage="0" maxCyclomaticComplexity="1" minCyclomaticComplexity="1" maxCrapScore="2" minCrapScore="2" visitedClasses="0" numClasses="0" visitedMethods="0" numMethods="1" />
              <MetadataToken>100663323</MetadataToken>
              <Name>System.Void Test.Paging.PhysicalLevel.GamManagerTest::.cctor()</Name>
              <FileRef uid="3" />
              <SequencePoints>
                <SequencePoint vc="0" uspid="117" ordinal="0" offset="0" sl="19" sc="9" el="19" ec="50" bec="0" bev="0" fileid="3" />
              </SequencePoints>
              <BranchPoints />
              <MethodPoint xsi:type="SequencePoint" vc="0" uspid="117" ordinal="0" offset="0" sl="19" sc="9" el="19" ec="50" bec="0" bev="0" fileid="3" />
            </Method>
          </Methods>
        </Class>
        <Class>
          <Summary numSequencePoints="5" visitedSequencePoints="0" numBranchPoints="1" visitedBranchPoints="0" sequenceCoverage="0" branchCoverage="0" maxCyclomaticComplexity="1" minCyclomaticComplexity="1" maxCrapScore="2" minCrapScore="2" visitedClasses="0" numClasses="1" visitedMethods="0" numMethods="1" />
          <FullName>Test.Paging.PhysicalLevel.GamManagerTest/&lt;&gt;c__DisplayClass12_0</FullName>
          <Methods>
            <Method visited="false" cyclomaticComplexity="1" nPathComplexity="0" sequenceCoverage="0" branchCoverage="0" crapScore="2" isConstructor="true" isStatic="false" isGetter="false" isSetter="false">
              <Summary numSequencePoints="0" visitedSequencePoints="0" numBranchPoints="0" visitedBranchPoints="0" sequenceCoverage="0" branchCoverage="0" maxCyclomaticComplexity="1" minCyclomaticComplexity="1" maxCrapScore="2" minCrapScore="2" visitedClasses="0" numClasses="0" visitedMethods="0" numMethods="0" />
              <MetadataToken>100663500</MetadataToken>
              <Name>System.Void Test.Paging.PhysicalLevel.GamManagerTest/&lt;&gt;c__DisplayClass12_0::.ctor()</Name>
              <SequencePoints />
              <BranchPoints />
              <MethodPoint vc="0" uspid="118" ordinal="0" offset="0" />
            </Method>
            <Method visited="false" cyclomaticComplexity="1" nPathComplexity="0" sequenceCoverage="0" branchCoverage="0" crapScore="2" isConstructor="false" isStatic="false" isGetter="false" isSetter="false">
              <Summary numSequencePoints="5" visitedSequencePoints="0" numBranchPoints="1" visitedBranchPoints="0" sequenceCoverage="0" branchCoverage="0" maxCyclomaticComplexity="1" minCyclomaticComplexity="1" maxCrapScore="2" minCrapScore="2" visitedClasses="0" numClasses="0" visitedMethods="0" numMethods="1" />
              <MetadataToken>100663501</MetadataToken>
              <Name>System.IO.MemoryMappedFiles.MemoryMappedFile Test.Paging.PhysicalLevel.GamManagerTest/&lt;&gt;c__DisplayClass12_0::&lt;GetManager&gt;b__3(System.Int64)</Name>
              <FileRef uid="3" />
              <SequencePoints>
                <SequencePoint vc="0" uspid="119" ordinal="0" offset="0" sl="51" sc="17" el="51" ec="18" bec="0" bev="0" fileid="3" />
                <SequencePoint vc="0" uspid="120" ordinal="1" offset="1" sl="51" sc="19" el="51" ec="100" bec="0" bev="0" fileid="3" />
                <SequencePoint vc="0" uspid="121" ordinal="2" offset="31" sl="51" sc="100" el="51" ec="138" bec="0" bev="0" fileid="3" />
                <SequencePoint vc="0" uspid="122" ordinal="3" offset="56" sl="51" sc="139" el="51" ec="151" bec="0" bev="0" fileid="3" />
                <SequencePoint vc="0" uspid="123" ordinal="4" offset="70" sl="51" sc="152" el="51" ec="153" bec="0" bev="0" fileid="3" />
              </SequencePoints>
              <BranchPoints />
              <MethodPoint xsi:type="SequencePoint" vc="0" uspid="119" ordinal="0" offset="0" sl="51" sc="17" el="51" ec="18" bec="0" bev="0" fileid="3" />
            </Method>
          </Methods>
        </Class>
        <Class>
          <Summary numSequencePoints="5" visitedSequencePoints="0" numBranchPoints="4" visitedBranchPoints="0" sequenceCoverage="0" branchCoverage="0" maxCyclomaticComplexity="2" minCyclomaticComplexity="1" maxCrapScore="6" minCrapScore="2" visitedClasses="0" numClasses="1" visitedMethods="0" numMethods="2" />
          <FullName>Test.Paging.PhysicalLevel.GamManagerTest/&lt;&gt;c</FullName>
          <Methods>
            <Method visited="false" cyclomaticComplexity="1" nPathComplexity="0" sequenceCoverage="0" branchCoverage="0" crapScore="2" isConstructor="true" isStatic="true" isGetter="false" isSetter="false">
              <Summary numSequencePoints="0" visitedSequencePoints="0" numBranchPoints="0" visitedBranchPoints="0" sequenceCoverage="0" branchCoverage="0" maxCyclomaticComplexity="1" minCyclomaticComplexity="1" maxCrapScore="2" minCrapScore="2" visitedClasses="0" numClasses="0" visitedMethods="0" numMethods="0" />
              <MetadataToken>100663502</MetadataToken>
              <Name>System.Void Test.Paging.PhysicalLevel.GamManagerTest/&lt;&gt;c::.cctor()</Name>
              <SequencePoints />
              <BranchPoints />
              <MethodPoint vc="0" uspid="124" ordinal="0" offset="0" />
            </Method>
            <Method visited="false" cyclomaticComplexity="1" nPathComplexity="0" sequenceCoverage="0" branchCoverage="0" crapScore="2" isConstructor="true" isStatic="false" isGetter="false" isSetter="false">
              <Summary numSequencePoints="0" visitedSequencePoints="0" numBranchPoints="0" visitedBranchPoints="0" sequenceCoverage="0" branchCoverage="0" maxCyclomaticComplexity="1" minCyclomaticComplexity="1" maxCrapScore="2" minCrapScore="2" visitedClasses="0" numClasses="0" visitedMethods="0" numMethods="0" />
              <MetadataToken>100663503</MetadataToken>
              <Name>System.Void Test.Paging.PhysicalLevel.GamManagerTest/&lt;&gt;c::.ctor()</Name>
              <SequencePoints />
              <BranchPoints />
              <MethodPoint vc="0" uspid="125" ordinal="0" offset="0" />
            </Method>
            <Method visited="false" cyclomaticComplexity="1" nPathComplexity="0" sequenceCoverage="0" branchCoverage="0" crapScore="2" isConstructor="false" isStatic="false" isGetter="false" isSetter="false">
              <Summary numSequencePoints="1" visitedSequencePoints="0" numBranchPoints="1" visitedBranchPoints="0" sequenceCoverage="0" branchCoverage="0" maxCyclomaticComplexity="1" minCyclomaticComplexity="1" maxCrapScore="2" minCrapScore="2" visitedClasses="0" numClasses="0" visitedMethods="0" numMethods="1" />
              <MetadataToken>100663504</MetadataToken>
              <Name>System.Void Test.Paging.PhysicalLevel.GamManagerTest/&lt;&gt;c::&lt;GetManager&gt;b__12_0(FakeItEasy.Creation.IFakeOptions`1&lt;System.IO.Paging.PhysicalLevel.Contracts.Internal.IUnderlyingFileOperator&gt;)</Name>
              <FileRef uid="3" />
              <SequencePoints>
                <SequencePoint vc="0" uspid="126" ordinal="0" offset="0" sl="47" sc="59" el="47" ec="69" bec="0" bev="0" fileid="3" />
              </SequencePoints>
              <BranchPoints />
              <MethodPoint xsi:type="SequencePoint" vc="0" uspid="126" ordinal="0" offset="0" sl="47" sc="59" el="47" ec="69" bec="0" bev="0" fileid="3" />
            </Method>
            <Method visited="false" cyclomaticComplexity="2" nPathComplexity="2" sequenceCoverage="0" branchCoverage="0" crapScore="6" isConstructor="false" isStatic="false" isGetter="false" isSetter="false">
              <Summary numSequencePoints="4" visitedSequencePoints="0" numBranchPoints="3" visitedBranchPoints="0" sequenceCoverage="0" branchCoverage="0" maxCyclomaticComplexity="2" minCyclomaticComplexity="2" maxCrapScore="6" minCrapScore="6" visitedClasses="0" numClasses="0" visitedMethods="0" numMethods="1" />
              <MetadataToken>100663505</MetadataToken>
              <Name>System.Void Test.Paging.PhysicalLevel.GamManagerTest/&lt;&gt;c::&lt;GetManager&gt;b__12_5(System.IO.MemoryMappedFiles.MemoryMappedFile)</Name>
              <FileRef uid="3" />
              <SequencePoints>
                <SequencePoint vc="0" uspid="127" ordinal="0" offset="0" sl="53" sc="111" el="53" ec="112" bec="0" bev="0" fileid="3" />
                <SequencePoint vc="0" uspid="128" ordinal="1" offset="1" sl="53" sc="113" el="53" ec="125" bec="2" bev="0" fileid="3" />
                <SequencePoint vc="0" uspid="129" ordinal="2" offset="9" sl="53" sc="126" el="53" ec="138" bec="0" bev="0" fileid="3" />
                <SequencePoint vc="0" uspid="130" ordinal="3" offset="16" sl="53" sc="138" el="53" ec="139" bec="0" bev="0" fileid="3" />
              </SequencePoints>
              <BranchPoints>
                <BranchPoint vc="0" uspid="131" ordinal="0" offset="7" sl="53" path="0" offsetend="9" fileid="3" />
                <BranchPoint vc="0" uspid="132" ordinal="1" offset="7" sl="53" path="1" offsetend="16" fileid="3" />
              </BranchPoints>
              <MethodPoint xsi:type="SequencePoint" vc="0" uspid="127" ordinal="0" offset="0" sl="53" sc="111" el="53" ec="112" bec="0" bev="0" fileid="3" />
            </Method>
          </Methods>
        </Class>
        <Class>
          <Summary numSequencePoints="37" visitedSequencePoints="0" numBranchPoints="16" visitedBranchPoints="0" sequenceCoverage="0" branchCoverage="0" maxCyclomaticComplexity="4" minCyclomaticComplexity="1" maxCrapScore="20" minCrapScore="2" visitedClasses="0" numClasses="1" visitedMethods="0" numMethods="6" />
          <FullName>Test.Paging.PhysicalLevel.PageAccessorTest</FullName>
          <Methods>
            <Method visited="false" cyclomaticComplexity="1" nPathComplexity="0" sequenceCoverage="0" branchCoverage="0" crapScore="2" isConstructor="false" isStatic="false" isGetter="true" isSetter="false">
              <Summary numSequencePoints="1" visitedSequencePoints="0" numBranchPoints="1" visitedBranchPoints="0" sequenceCoverage="0" branchCoverage="0" maxCyclomaticComplexity="1" minCyclomaticComplexity="1" maxCrapScore="2" minCrapScore="2" visitedClasses="0" numClasses="0" visitedMethods="0" numMethods="1" />
              <MetadataToken>100663324</MetadataToken>
              <Name>Microsoft.VisualStudio.TestTools.UnitTesting.TestContext Test.Paging.PhysicalLevel.PageAccessorTest::get_TestContext()</Name>
              <FileRef uid="6" />
              <SequencePoints>
                <SequencePoint vc="0" uspid="133" ordinal="0" offset="0" sl="15" sc="42" el="15" ec="46" bec="0" bev="0" fileid="6" />
              </SequencePoints>
              <BranchPoints />
              <MethodPoint xsi:type="SequencePoint" vc="0" uspid="133" ordinal="0" offset="0" sl="15" sc="42" el="15" ec="46" bec="0" bev="0" fileid="6" />
            </Method>
            <Method visited="false" cyclomaticComplexity="1" nPathComplexity="0" sequenceCoverage="0" branchCoverage="0" crapScore="2" isConstructor="false" isStatic="false" isGetter="false" isSetter="true">
              <Summary numSequencePoints="1" visitedSequencePoints="0" numBranchPoints="1" visitedBranchPoints="0" sequenceCoverage="0" branchCoverage="0" maxCyclomaticComplexity="1" minCyclomaticComplexity="1" maxCrapScore="2" minCrapScore="2" visitedClasses="0" numClasses="0" visitedMethods="0" numMethods="1" />
              <MetadataToken>100663325</MetadataToken>
              <Name>System.Void Test.Paging.PhysicalLevel.PageAccessorTest::set_TestContext(Microsoft.VisualStudio.TestTools.UnitTesting.TestContext)</Name>
              <FileRef uid="6" />
              <SequencePoints>
                <SequencePoint vc="0" uspid="134" ordinal="0" offset="0" sl="15" sc="47" el="15" ec="51" bec="0" bev="0" fileid="6" />
              </SequencePoints>
              <BranchPoints />
              <MethodPoint xsi:type="SequencePoint" vc="0" uspid="134" ordinal="0" offset="0" sl="15" sc="47" el="15" ec="51" bec="0" bev="0" fileid="6" />
            </Method>
            <Method visited="false" cyclomaticComplexity="1" nPathComplexity="0" sequenceCoverage="0" branchCoverage="0" crapScore="2" isConstructor="false" isStatic="false" isGetter="true" isSetter="false">
              <Summary numSequencePoints="1" visitedSequencePoints="0" numBranchPoints="1" visitedBranchPoints="0" sequenceCoverage="0" branchCoverage="0" maxCyclomaticComplexity="1" minCyclomaticComplexity="1" maxCrapScore="2" minCrapScore="2" visitedClasses="0" numClasses="0" visitedMethods="0" numMethods="1" />
              <MetadataToken>100663327</MetadataToken>
              <Name>System.IO.MemoryMappedFiles.MemoryMappedFile Test.Paging.PhysicalLevel.PageAccessorTest::get_Map()</Name>
              <FileRef uid="6" />
              <SequencePoints>
                <SequencePoint vc="0" uspid="135" ordinal="0" offset="0" sl="27" sc="41" el="27" ec="90" bec="0" bev="0" fileid="6" />
              </SequencePoints>
              <BranchPoints />
              <MethodPoint xsi:type="SequencePoint" vc="0" uspid="135" ordinal="0" offset="0" sl="27" sc="41" el="27" ec="90" bec="0" bev="0" fileid="6" />
            </Method>
            <Method visited="false" cyclomaticComplexity="2" nPathComplexity="2" sequenceCoverage="0" branchCoverage="0" crapScore="6" isConstructor="false" isStatic="false" isGetter="false" isSetter="false">
              <Summary numSequencePoints="9" visitedSequencePoints="0" numBranchPoints="3" visitedBranchPoints="0" sequenceCoverage="0" branchCoverage="0" maxCyclomaticComplexity="2" minCyclomaticComplexity="2" maxCrapScore="6" minCrapScore="6" visitedClasses="0" numClasses="0" visitedMethods="0" numMethods="1" />
              <MetadataToken>100663326</MetadataToken>
              <Name>System.IO.Paging.PhysicalLevel.Contracts.Internal.IPageAccessor Test.Paging.PhysicalLevel.PageAccessorTest::Create()</Name>
              <FileRef uid="6" />
              <SequencePoints>
                <SequencePoint vc="0" uspid="136" ordinal="0" offset="6" sl="17" sc="9" el="17" ec="10" bec="0" bev="0" fileid="6" />
                <SequencePoint vc="0" uspid="137" ordinal="1" offset="7" sl="18" sc="13" el="18" ec="107" bec="0" bev="0" fileid="6" />
                <SequencePoint vc="0" uspid="138" ordinal="2" offset="32" sl="19" sc="13" el="19" ec="53" bec="0" bev="0" fileid="6" />
                <SequencePoint vc="0" uspid="139" ordinal="3" offset="47" sl="20" sc="13" el="20" ec="54" bec="0" bev="0" fileid="6" />
                <SequencePoint vc="0" uspid="140" ordinal="4" offset="58" sl="21" sc="13" el="21" ec="141" bec="2" bev="0" fileid="6" />
                <SequencePoint vc="0" uspid="141" ordinal="5" offset="191" sl="23" sc="13" el="23" ec="60" bec="0" bev="0" fileid="6" />
                <SequencePoint vc="0" uspid="142" ordinal="6" offset="215" sl="24" sc="13" el="24" ec="50" bec="0" bev="0" fileid="6" />
                <SequencePoint vc="0" uspid="143" ordinal="7" offset="238" sl="25" sc="13" el="25" ec="22" bec="0" bev="0" fileid="6" />
                <SequencePoint vc="0" uspid="144" ordinal="8" offset="243" sl="26" sc="9" el="26" ec="10" bec="0" bev="0" fileid="6" />
              </SequencePoints>
              <BranchPoints>
                <BranchPoint vc="0" uspid="145" ordinal="0" offset="160" sl="21" path="0" offsetend="162" fileid="6" />
                <BranchPoint vc="0" uspid="146" ordinal="1" offset="160" sl="21" path="1" offsetend="185" fileid="6" />
              </BranchPoints>
              <MethodPoint vc="0" uspid="147" ordinal="0" offset="0" />
            </Method>
            <Method visited="false" cyclomaticComplexity="4" nPathComplexity="4" sequenceCoverage="0" branchCoverage="0" crapScore="20" isConstructor="false" isStatic="false" isGetter="false" isSetter="false">
              <Summary numSequencePoints="12" visitedSequencePoints="0" numBranchPoints="5" visitedBranchPoints="0" sequenceCoverage="0" branchCoverage="0" maxCyclomaticComplexity="4" minCyclomaticComplexity="4" maxCrapScore="20" minCrapScore="20" visitedClasses="0" numClasses="0" visitedMethods="0" numMethods="1" />
              <MetadataToken>100663328</MetadataToken>
              <Name>System.Void Test.Paging.PhysicalLevel.PageAccessorTest::GetByteArray()</Name>
              <FileRef uid="6" />
              <SequencePoints>
                <SequencePoint vc="0" uspid="148" ordinal="0" offset="0" sl="31" sc="9" el="31" ec="10" bec="0" bev="0" fileid="6" />
                <SequencePoint vc="0" uspid="149" ordinal="1" offset="1" sl="32" sc="13" el="32" ec="81" bec="2" bev="0" fileid="6" />
                <SequencePoint vc="0" uspid="150" ordinal="2" offset="54" sl="33" sc="13" el="33" ec="81" bec="2" bev="0" fileid="6" />
                <SequencePoint vc="0" uspid="151" ordinal="3" offset="107" sl="34" sc="13" el="34" ec="37" bec="0" bev="0" fileid="6" />
                <SequencePoint vc="0" uspid="152" ordinal="4" offset="114" sl="35" sc="20" el="35" ec="50" bec="0" bev="0" fileid="6" />
                <SequencePoint vc="0" uspid="153" ordinal="5" offset="127" sl="36" sc="17" el="36" ec="63" bec="0" bev="0" fileid="6" />
                <SequencePoint vc="0" uspid="154" ordinal="6" offset="168" sl="39" sc="13" el="39" ec="55" bec="0" bev="0" fileid="6" />
                <SequencePoint vc="0" uspid="155" ordinal="7" offset="181" sl="40" sc="13" el="40" ec="56" bec="0" bev="0" fileid="6" />
                <SequencePoint vc="0" uspid="156" ordinal="8" offset="189" sl="42" sc="13" el="42" ec="32" bec="0" bev="0" fileid="6" />
                <SequencePoint vc="0" uspid="157" ordinal="9" offset="196" sl="43" sc="13" el="43" ec="27" bec="0" bev="0" fileid="6" />
                <SequencePoint vc="0" uspid="158" ordinal="10" offset="208" sl="44" sc="13" el="44" ec="57" bec="0" bev="0" fileid="6" />
                <SequencePoint vc="0" uspid="159" ordinal="11" offset="225" sl="45" sc="9" el="45" ec="10" bec="0" bev="0" fileid="6" />
              </SequencePoints>
              <BranchPoints>
                <BranchPoint vc="0" uspid="160" ordinal="0" offset="18" sl="32" path="0" offsetend="20" fileid="6" />
                <BranchPoint vc="0" uspid="161" ordinal="1" offset="18" sl="32" path="1" offsetend="43" fileid="6" />
                <BranchPoint vc="0" uspid="162" ordinal="2" offset="71" sl="33" path="0" offsetend="73" fileid="6" />
                <BranchPoint vc="0" uspid="163" ordinal="3" offset="71" sl="33" path="1" offsetend="96" fileid="6" />
              </BranchPoints>
              <MethodPoint xsi:type="SequencePoint" vc="0" uspid="148" ordinal="0" offset="0" sl="31" sc="9" el="31" ec="10" bec="0" bev="0" fileid="6" />
            </Method>
            <Method visited="false" cyclomaticComplexity="4" nPathComplexity="4" sequenceCoverage="0" branchCoverage="0" crapScore="20" isConstructor="false" isStatic="false" isGetter="false" isSetter="false">
              <Summary numSequencePoints="13" visitedSequencePoints="0" numBranchPoints="5" visitedBranchPoints="0" sequenceCoverage="0" branchCoverage="0" maxCyclomaticComplexity="4" minCyclomaticComplexity="4" maxCrapScore="20" minCrapScore="20" visitedClasses="0" numClasses="0" visitedMethods="0" numMethods="1" />
              <MetadataToken>100663329</MetadataToken>
              <Name>System.Void Test.Paging.PhysicalLevel.PageAccessorTest::SetByteArray()</Name>
              <FileRef uid="6" />
              <SequencePoints>
                <SequencePoint vc="0" uspid="164" ordinal="0" offset="0" sl="49" sc="9" el="49" ec="10" bec="0" bev="0" fileid="6" />
                <SequencePoint vc="0" uspid="165" ordinal="1" offset="1" sl="50" sc="13" el="50" ec="81" bec="2" bev="0" fileid="6" />
                <SequencePoint vc="0" uspid="166" ordinal="2" offset="54" sl="51" sc="13" el="51" ec="81" bec="2" bev="0" fileid="6" />
                <SequencePoint vc="0" uspid="167" ordinal="3" offset="107" sl="53" sc="13" el="53" ec="37" bec="0" bev="0" fileid="6" />
                <SequencePoint vc="0" uspid="168" ordinal="4" offset="114" sl="54" sc="13" el="54" ec="49" bec="0" bev="0" fileid="6" />
                <SequencePoint vc="0" uspid="169" ordinal="5" offset="128" sl="55" sc="13" el="55" ec="42" bec="0" bev="0" fileid="6" />
                <SequencePoint vc="0" uspid="170" ordinal="6" offset="139" sl="56" sc="20" el="56" ec="50" bec="0" bev="0" fileid="6" />
                <SequencePoint vc="0" uspid="171" ordinal="7" offset="152" sl="57" sc="17" el="57" ec="39" bec="0" bev="0" fileid="6" />
                <SequencePoint vc="0" uspid="172" ordinal="8" offset="182" sl="59" sc="13" el="59" ec="79" bec="0" bev="0" fileid="6" />
                <SequencePoint vc="0" uspid="173" ordinal="9" offset="201" sl="61" sc="13" el="61" ec="27" bec="0" bev="0" fileid="6" />
                <SequencePoint vc="0" uspid="174" ordinal="10" offset="213" sl="62" sc="13" el="62" ec="32" bec="0" bev="0" fileid="6" />
                <SequencePoint vc="0" uspid="175" ordinal="11" offset="220" sl="63" sc="13" el="63" ec="57" bec="0" bev="0" fileid="6" />
                <SequencePoint vc="0" uspid="176" ordinal="12" offset="237" sl="64" sc="9" el="64" ec="10" bec="0" bev="0" fileid="6" />
              </SequencePoints>
              <BranchPoints>
                <BranchPoint vc="0" uspid="177" ordinal="0" offset="18" sl="50" path="0" offsetend="20" fileid="6" />
                <BranchPoint vc="0" uspid="178" ordinal="1" offset="18" sl="50" path="1" offsetend="43" fileid="6" />
                <BranchPoint vc="0" uspid="179" ordinal="2" offset="71" sl="51" path="0" offsetend="73" fileid="6" />
                <BranchPoint vc="0" uspid="180" ordinal="3" offset="71" sl="51" path="1" offsetend="96" fileid="6" />
              </BranchPoints>
              <MethodPoint xsi:type="SequencePoint" vc="0" uspid="164" ordinal="0" offset="0" sl="49" sc="9" el="49" ec="10" bec="0" bev="0" fileid="6" />
            </Method>
            <Method visited="false" cyclomaticComplexity="1" nPathComplexity="0" sequenceCoverage="0" branchCoverage="0" crapScore="2" isConstructor="true" isStatic="false" isGetter="false" isSetter="false">
              <Summary numSequencePoints="0" visitedSequencePoints="0" numBranchPoints="0" visitedBranchPoints="0" sequenceCoverage="0" branchCoverage="0" maxCyclomaticComplexity="1" minCyclomaticComplexity="1" maxCrapScore="2" minCrapScore="2" visitedClasses="0" numClasses="0" visitedMethods="0" numMethods="0" />
              <MetadataToken>100663330</MetadataToken>
              <Name>System.Void Test.Paging.PhysicalLevel.PageAccessorTest::.ctor()</Name>
              <SequencePoints />
              <BranchPoints />
              <MethodPoint vc="0" uspid="181" ordinal="0" offset="0" />
            </Method>
          </Methods>
        </Class>
        <Class>
          <Summary numSequencePoints="0" visitedSequencePoints="0" numBranchPoints="0" visitedBranchPoints="0" sequenceCoverage="0" branchCoverage="0" maxCyclomaticComplexity="1" minCyclomaticComplexity="1" maxCrapScore="2" minCrapScore="2" visitedClasses="0" numClasses="0" visitedMethods="0" numMethods="0" />
          <FullName>Test.Paging.PhysicalLevel.PageAccessorTest/&lt;&gt;c__DisplayClass4_0</FullName>
          <Methods>
            <Method visited="false" cyclomaticComplexity="1" nPathComplexity="0" sequenceCoverage="0" branchCoverage="0" crapScore="2" isConstructor="true" isStatic="false" isGetter="false" isSetter="false">
              <Summary numSequencePoints="0" visitedSequencePoints="0" numBranchPoints="0" visitedBranchPoints="0" sequenceCoverage="0" branchCoverage="0" maxCyclomaticComplexity="1" minCyclomaticComplexity="1" maxCrapScore="2" minCrapScore="2" visitedClasses="0" numClasses="0" visitedMethods="0" numMethods="0" />
              <MetadataToken>100663506</MetadataToken>
              <Name>System.Void Test.Paging.PhysicalLevel.PageAccessorTest/&lt;&gt;c__DisplayClass4_0::.ctor()</Name>
              <SequencePoints />
              <BranchPoints />
              <MethodPoint vc="0" uspid="182" ordinal="0" offset="0" />
            </Method>
          </Methods>
        </Class>
        <Class>
          <Summary numSequencePoints="5" visitedSequencePoints="0" numBranchPoints="5" visitedBranchPoints="0" sequenceCoverage="0" branchCoverage="0" maxCyclomaticComplexity="1" minCyclomaticComplexity="1" maxCrapScore="2" minCrapScore="2" visitedClasses="0" numClasses="1" visitedMethods="0" numMethods="5" />
          <FullName>Test.Paging.PhysicalLevel.PageAccessorTest/&lt;&gt;c</FullName>
          <Methods>
            <Method visited="false" cyclomaticComplexity="1" nPathComplexity="0" sequenceCoverage="0" branchCoverage="0" crapScore="2" isConstructor="true" isStatic="true" isGetter="false" isSetter="false">
              <Summary numSequencePoints="0" visitedSequencePoints="0" numBranchPoints="0" visitedBranchPoints="0" sequenceCoverage="0" branchCoverage="0" maxCyclomaticComplexity="1" minCyclomaticComplexity="1" maxCrapScore="2" minCrapScore="2" visitedClasses="0" numClasses="0" visitedMethods="0" numMethods="0" />
              <MetadataToken>100663507</MetadataToken>
              <Name>System.Void Test.Paging.PhysicalLevel.PageAccessorTest/&lt;&gt;c::.cctor()</Name>
              <SequencePoints />
              <BranchPoints />
              <MethodPoint vc="0" uspid="183" ordinal="0" offset="0" />
            </Method>
            <Method visited="false" cyclomaticComplexity="1" nPathComplexity="0" sequenceCoverage="0" branchCoverage="0" crapScore="2" isConstructor="true" isStatic="false" isGetter="false" isSetter="false">
              <Summary numSequencePoints="0" visitedSequencePoints="0" numBranchPoints="0" visitedBranchPoints="0" sequenceCoverage="0" branchCoverage="0" maxCyclomaticComplexity="1" minCyclomaticComplexity="1" maxCrapScore="2" minCrapScore="2" visitedClasses="0" numClasses="0" visitedMethods="0" numMethods="0" />
              <MetadataToken>100663508</MetadataToken>
              <Name>System.Void Test.Paging.PhysicalLevel.PageAccessorTest/&lt;&gt;c::.ctor()</Name>
              <SequencePoints />
              <BranchPoints />
              <MethodPoint vc="0" uspid="184" ordinal="0" offset="0" />
            </Method>
            <Method visited="false" cyclomaticComplexity="1" nPathComplexity="0" sequenceCoverage="0" branchCoverage="0" crapScore="2" isConstructor="false" isStatic="false" isGetter="false" isSetter="false">
              <Summary numSequencePoints="1" visitedSequencePoints="0" numBranchPoints="1" visitedBranchPoints="0" sequenceCoverage="0" branchCoverage="0" maxCyclomaticComplexity="1" minCyclomaticComplexity="1" maxCrapScore="2" minCrapScore="2" visitedClasses="0" numClasses="0" visitedMethods="0" numMethods="1" />
              <MetadataToken>100663509</MetadataToken>
              <Name>System.Void Test.Paging.PhysicalLevel.PageAccessorTest/&lt;&gt;c::&lt;Create&gt;b__4_1(FakeItEasy.Core.IFakeObjectCall)</Name>
              <FileRef uid="6" />
              <SequencePoints>
                <SequencePoint vc="0" uspid="185" ordinal="0" offset="0" sl="21" sc="84" el="21" ec="138" bec="0" bev="0" fileid="6" />
              </SequencePoints>
              <BranchPoints />
              <MethodPoint xsi:type="SequencePoint" vc="0" uspid="185" ordinal="0" offset="0" sl="21" sc="84" el="21" ec="138" bec="0" bev="0" fileid="6" />
            </Method>
            <Method visited="false" cyclomaticComplexity="1" nPathComplexity="0" sequenceCoverage="0" branchCoverage="0" crapScore="2" isConstructor="false" isStatic="false" isGetter="false" isSetter="false">
              <Summary numSequencePoints="1" visitedSequencePoints="0" numBranchPoints="1" visitedBranchPoints="0" sequenceCoverage="0" branchCoverage="0" maxCyclomaticComplexity="1" minCyclomaticComplexity="1" maxCrapScore="2" minCrapScore="2" visitedClasses="0" numClasses="0" visitedMethods="0" numMethods="1" />
              <MetadataToken>100663510</MetadataToken>
              <Name>System.Byte Test.Paging.PhysicalLevel.PageAccessorTest/&lt;&gt;c::&lt;GetByteArray&gt;b__7_0(System.Int32)</Name>
              <FileRef uid="6" />
              <SequencePoints>
                <SequencePoint vc="0" uspid="186" ordinal="0" offset="0" sl="32" sc="62" el="32" ec="69" bec="0" bev="0" fileid="6" />
              </SequencePoints>
              <BranchPoints />
              <MethodPoint xsi:type="SequencePoint" vc="0" uspid="186" ordinal="0" offset="0" sl="32" sc="62" el="32" ec="69" bec="0" bev="0" fileid="6" />
            </Method>
            <Method visited="false" cyclomaticComplexity="1" nPathComplexity="0" sequenceCoverage="0" branchCoverage="0" crapScore="2" isConstructor="false" isStatic="false" isGetter="false" isSetter="false">
              <Summary numSequencePoints="1" visitedSequencePoints="0" numBranchPoints="1" visitedBranchPoints="0" sequenceCoverage="0" branchCoverage="0" maxCyclomaticComplexity="1" minCyclomaticComplexity="1" maxCrapScore="2" minCrapScore="2" visitedClasses="0" numClasses="0" visitedMethods="0" numMethods="1" />
              <MetadataToken>100663511</MetadataToken>
              <Name>System.Byte Test.Paging.PhysicalLevel.PageAccessorTest/&lt;&gt;c::&lt;GetByteArray&gt;b__7_1(System.Int32)</Name>
              <FileRef uid="6" />
              <SequencePoints>
                <SequencePoint vc="0" uspid="187" ordinal="0" offset="0" sl="33" sc="62" el="33" ec="69" bec="0" bev="0" fileid="6" />
              </SequencePoints>
              <BranchPoints />
              <MethodPoint xsi:type="SequencePoint" vc="0" uspid="187" ordinal="0" offset="0" sl="33" sc="62" el="33" ec="69" bec="0" bev="0" fileid="6" />
            </Method>
            <Method visited="false" cyclomaticComplexity="1" nPathComplexity="0" sequenceCoverage="0" branchCoverage="0" crapScore="2" isConstructor="false" isStatic="false" isGetter="false" isSetter="false">
              <Summary numSequencePoints="1" visitedSequencePoints="0" numBranchPoints="1" visitedBranchPoints="0" sequenceCoverage="0" branchCoverage="0" maxCyclomaticComplexity="1" minCyclomaticComplexity="1" maxCrapScore="2" minCrapScore="2" visitedClasses="0" numClasses="0" visitedMethods="0" numMethods="1" />
              <MetadataToken>100663512</MetadataToken>
              <Name>System.Byte Test.Paging.PhysicalLevel.PageAccessorTest/&lt;&gt;c::&lt;SetByteArray&gt;b__8_0(System.Int32)</Name>
              <FileRef uid="6" />
              <SequencePoints>
                <SequencePoint vc="0" uspid="188" ordinal="0" offset="0" sl="50" sc="62" el="50" ec="69" bec="0" bev="0" fileid="6" />
              </SequencePoints>
              <BranchPoints />
              <MethodPoint xsi:type="SequencePoint" vc="0" uspid="188" ordinal="0" offset="0" sl="50" sc="62" el="50" ec="69" bec="0" bev="0" fileid="6" />
            </Method>
            <Method visited="false" cyclomaticComplexity="1" nPathComplexity="0" sequenceCoverage="0" branchCoverage="0" crapScore="2" isConstructor="false" isStatic="false" isGetter="false" isSetter="false">
              <Summary numSequencePoints="1" visitedSequencePoints="0" numBranchPoints="1" visitedBranchPoints="0" sequenceCoverage="0" branchCoverage="0" maxCyclomaticComplexity="1" minCyclomaticComplexity="1" maxCrapScore="2" minCrapScore="2" visitedClasses="0" numClasses="0" visitedMethods="0" numMethods="1" />
              <MetadataToken>100663513</MetadataToken>
              <Name>System.Byte Test.Paging.PhysicalLevel.PageAccessorTest/&lt;&gt;c::&lt;SetByteArray&gt;b__8_1(System.Int32)</Name>
              <FileRef uid="6" />
              <SequencePoints>
                <SequencePoint vc="0" uspid="189" ordinal="0" offset="0" sl="51" sc="62" el="51" ec="69" bec="0" bev="0" fileid="6" />
              </SequencePoints>
              <BranchPoints />
              <MethodPoint xsi:type="SequencePoint" vc="0" uspid="189" ordinal="0" offset="0" sl="51" sc="62" el="51" ec="69" bec="0" bev="0" fileid="6" />
            </Method>
          </Methods>
        </Class>
        <Class>
          <Summary numSequencePoints="97" visitedSequencePoints="0" numBranchPoints="26" visitedBranchPoints="0" sequenceCoverage="0" branchCoverage="0" maxCyclomaticComplexity="5" minCyclomaticComplexity="1" maxCrapScore="30" minCrapScore="2" visitedClasses="0" numClasses="1" visitedMethods="0" numMethods="18" />
          <FullName>Test.Paging.PhysicalLevel.PageManagerTest</FullName>
          <Methods>
            <Method visited="false" cyclomaticComplexity="1" nPathComplexity="0" sequenceCoverage="0" branchCoverage="0" crapScore="2" isConstructor="false" isStatic="false" isGetter="true" isSetter="false">
              <Summary numSequencePoints="1" visitedSequencePoints="0" numBranchPoints="1" visitedBranchPoints="0" sequenceCoverage="0" branchCoverage="0" maxCyclomaticComplexity="1" minCyclomaticComplexity="1" maxCrapScore="2" minCrapScore="2" visitedClasses="0" numClasses="0" visitedMethods="0" numMethods="1" />
              <MetadataToken>100663331</MetadataToken>
              <Name>Microsoft.VisualStudio.TestTools.UnitTesting.TestContext Test.Paging.PhysicalLevel.PageManagerTest::get_TestContext()</Name>
              <FileRef uid="8" />
              <SequencePoints>
                <SequencePoint vc="0" uspid="190" ordinal="0" offset="0" sl="24" sc="42" el="24" ec="46" bec="0" bev="0" fileid="8" />
              </SequencePoints>
              <BranchPoints />
[...]
              <MetadataToken>100663616</MetadataToken>
              <Name>System.Void Test.Paging.PhysicalLevel.Configurations.ConfigurationBuilderTest/&lt;&gt;c__DisplayClass16_0::&lt;DefineOnlyNumberTypeAndFixedRecordAndConsistency&gt;b__7(System.Func`2&lt;System.Byte,System.IO.Paging.PhysicalLevel.Configuration.Builder.BuildingElements.IPageDefinitionBuilder&gt;)</Name>
              <FileRef uid="35" />
              <SequencePoints>
                <SequencePoint vc="0" uspid="1566" ordinal="0" offset="0" sl="359" sc="23" el="361" ec="51" bec="0" bev="0" fileid="35" />
              </SequencePoints>
              <BranchPoints />
              <MethodPoint xsi:type="SequencePoint" vc="0" uspid="1566" ordinal="0" offset="0" sl="359" sc="23" el="361" ec="51" bec="0" bev="0" fileid="35" />
            </Method>
          </Methods>
        </Class>
        <Class>
          <Summary numSequencePoints="1" visitedSequencePoints="0" numBranchPoints="1" visitedBranchPoints="0" sequenceCoverage="0" branchCoverage="0" maxCyclomaticComplexity="1" minCyclomaticComplexity="1" maxCrapScore="2" minCrapScore="2" visitedClasses="0" numClasses="1" visitedMethods="0" numMethods="1" />
          <FullName>Test.Paging.PhysicalLevel.Configurations.ConfigurationBuilderTest/&lt;&gt;c__DisplayClass17_0</FullName>
          <Methods>
            <Method visited="false" cyclomaticComplexity="1" nPathComplexity="0" sequenceCoverage="0" branchCoverage="0" crapScore="2" isConstructor="true" isStatic="false" isGetter="false" isSetter="false">
              <Summary numSequencePoints="0" visitedSequencePoints="0" numBranchPoints="0" visitedBranchPoints="0" sequenceCoverage="0" branchCoverage="0" maxCyclomaticComplexity="1" minCyclomaticComplexity="1" maxCrapScore="2" minCrapScore="2" visitedClasses="0" numClasses="0" visitedMethods="0" numMethods="0" />
              <MetadataToken>100663617</MetadataToken>
              <Name>System.Void Test.Paging.PhysicalLevel.Configurations.ConfigurationBuilderTest/&lt;&gt;c__DisplayClass17_0::.ctor()</Name>
              <SequencePoints />
              <BranchPoints />
              <MethodPoint vc="0" uspid="1567" ordinal="0" offset="0" />
            </Method>
            <Method visited="false" cyclomaticComplexity="1" nPathComplexity="0" sequenceCoverage="0" branchCoverage="0" crapScore="2" isConstructor="false" isStatic="false" isGetter="false" isSetter="false">
              <Summary numSequencePoints="1" visitedSequencePoints="0" numBranchPoints="1" visitedBranchPoints="0" sequenceCoverage="0" branchCoverage="0" maxCyclomaticComplexity="1" minCyclomaticComplexity="1" maxCrapScore="2" minCrapScore="2" visitedClasses="0" numClasses="0" visitedMethods="0" numMethods="1" />
              <MetadataToken>100663618</MetadataToken>
              <Name>System.Void Test.Paging.PhysicalLevel.Configurations.ConfigurationBuilderTest/&lt;&gt;c__DisplayClass17_0::&lt;DefineOnlyNumberTypeAndFixedRecordAndHeaders&gt;b__0(System.Func`2&lt;System.Byte,System.IO.Paging.PhysicalLevel.Configuration.Builder.BuildingElements.IPageDefinitionBuilder&gt;)</Name>
              <FileRef uid="35" />
              <SequencePoints>
                <SequencePoint vc="0" uspid="1568" ordinal="0" offset="0" sl="376" sc="23" el="378" ec="35" bec="0" bev="0" fileid="35" />
              </SequencePoints>
              <BranchPoints />
              <MethodPoint xsi:type="SequencePoint" vc="0" uspid="1568" ordinal="0" offset="0" sl="376" sc="23" el="378" ec="35" bec="0" bev="0" fileid="35" />
            </Method>
          </Methods>
        </Class>
        <Class>
          <Summary numSequencePoints="1" visitedSequencePoints="0" numBranchPoints="1" visitedBranchPoints="0" sequenceCoverage="0" branchCoverage="0" maxCyclomaticComplexity="1" minCyclomaticComplexity="1" maxCrapScore="2" minCrapScore="2" visitedClasses="0" numClasses="1" visitedMethods="0" numMethods="1" />
          <FullName>Test.Paging.PhysicalLevel.Configurations.ConfigurationBuilderTest/&lt;&gt;c__DisplayClass18_0</FullName>
          <Methods>
            <Method visited="false" cyclomaticComplexity="1" nPathComplexity="0" sequenceCoverage="0" branchCoverage="0" crapScore="2" isConstructor="true" isStatic="false" isGetter="false" isSetter="false">
              <Summary numSequencePoints="0" visitedSequencePoints="0" numBranchPoints="0" visitedBranchPoints="0" sequenceCoverage="0" branchCoverage="0" maxCyclomaticComplexity="1" minCyclomaticComplexity="1" maxCrapScore="2" minCrapScore="2" visitedClasses="0" numClasses="0" visitedMethods="0" numMethods="0" />
              <MetadataToken>100663619</MetadataToken>
              <Name>System.Void Test.Paging.PhysicalLevel.Configurations.ConfigurationBuilderTest/&lt;&gt;c__DisplayClass18_0::.ctor()</Name>
              <SequencePoints />
              <BranchPoints />
              <MethodPoint vc="0" uspid="1569" ordinal="0" offset="0" />
            </Method>
            <Method visited="false" cyclomaticComplexity="1" nPathComplexity="0" sequenceCoverage="0" branchCoverage="0" crapScore="2" isConstructor="false" isStatic="false" isGetter="false" isSetter="false">
              <Summary numSequencePoints="1" visitedSequencePoints="0" numBranchPoints="1" visitedBranchPoints="0" sequenceCoverage="0" branchCoverage="0" maxCyclomaticComplexity="1" minCyclomaticComplexity="1" maxCrapScore="2" minCrapScore="2" visitedClasses="0" numClasses="0" visitedMethods="0" numMethods="1" />
              <MetadataToken>100663620</MetadataToken>
              <Name>System.Void Test.Paging.PhysicalLevel.Configurations.ConfigurationBuilderTest/&lt;&gt;c__DisplayClass18_0::&lt;DefineOnlyNumberTypeAndFixedRecordAndHeadersAndConsitency&gt;b__0(System.Func`2&lt;System.Byte,System.IO.Paging.PhysicalLevel.Configuration.Builder.BuildingElements.IPageDefinitionBuilder&gt;)</Name>
              <FileRef uid="35" />
              <SequencePoints>
                <SequencePoint vc="0" uspid="1570" ordinal="0" offset="0" sl="395" sc="23" el="398" ec="35" bec="0" bev="0" fileid="35" />
              </SequencePoints>
              <BranchPoints />
              <MethodPoint xsi:type="SequencePoint" vc="0" uspid="1570" ordinal="0" offset="0" sl="395" sc="23" el="398" ec="35" bec="0" bev="0" fileid="35" />
            </Method>
          </Methods>
        </Class>
        <Class>
          <Summary numSequencePoints="1" visitedSequencePoints="0" numBranchPoints="1" visitedBranchPoints="0" sequenceCoverage="0" branchCoverage="0" maxCyclomaticComplexity="1" minCyclomaticComplexity="1" maxCrapScore="2" minCrapScore="2" visitedClasses="0" numClasses="1" visitedMethods="0" numMethods="1" />
          <FullName>Test.Paging.PhysicalLevel.Configurations.ConfigurationBuilderTest/&lt;&gt;c__DisplayClass19_0</FullName>
          <Methods>
            <Method visited="false" cyclomaticComplexity="1" nPathComplexity="0" sequenceCoverage="0" branchCoverage="0" crapScore="2" isConstructor="true" isStatic="false" isGetter="false" isSetter="false">
              <Summary numSequencePoints="0" visitedSequencePoints="0" numBranchPoints="0" visitedBranchPoints="0" sequenceCoverage="0" branchCoverage="0" maxCyclomaticComplexity="1" minCyclomaticComplexity="1" maxCrapScore="2" minCrapScore="2" visitedClasses="0" numClasses="0" visitedMethods="0" numMethods="0" />
              <MetadataToken>100663621</MetadataToken>
              <Name>System.Void Test.Paging.PhysicalLevel.Configurations.ConfigurationBuilderTest/&lt;&gt;c__DisplayClass19_0::.ctor()</Name>
              <SequencePoints />
              <BranchPoints />
              <MethodPoint vc="0" uspid="1571" ordinal="0" offset="0" />
            </Method>
            <Method visited="false" cyclomaticComplexity="1" nPathComplexity="0" sequenceCoverage="0" branchCoverage="0" crapScore="2" isConstructor="false" isStatic="false" isGetter="false" isSetter="false">
              <Summary numSequencePoints="1" visitedSequencePoints="0" numBranchPoints="1" visitedBranchPoints="0" sequenceCoverage="0" branchCoverage="0" maxCyclomaticComplexity="1" minCyclomaticComplexity="1" maxCrapScore="2" minCrapScore="2" visitedClasses="0" numClasses="0" visitedMethods="0" numMethods="1" />
              <MetadataToken>100663622</MetadataToken>
              <Name>System.Void Test.Paging.PhysicalLevel.Configurations.ConfigurationBuilderTest/&lt;&gt;c__DisplayClass19_0::&lt;DefineOnlyNumberTypeAndFixedRecordAndHeadersAndConsitency2&gt;b__0(System.Func`2&lt;System.Byte,System.IO.Paging.PhysicalLevel.Configuration.Builder.BuildingElements.IPageDefinitionBuilder&gt;)</Name>
              <FileRef uid="35" />
              <SequencePoints>
                <SequencePoint vc="0" uspid="1572" ordinal="0" offset="0" sl="415" sc="23" el="418" ec="44" bec="0" bev="0" fileid="35" />
              </SequencePoints>
              <BranchPoints />
              <MethodPoint xsi:type="SequencePoint" vc="0" uspid="1572" ordinal="0" offset="0" sl="415" sc="23" el="418" ec="44" bec="0" bev="0" fileid="35" />
            </Method>
          </Methods>
        </Class>
        <Class>
          <Summary numSequencePoints="10" visitedSequencePoints="0" numBranchPoints="2" visitedBranchPoints="0" sequenceCoverage="0" branchCoverage="0" maxCyclomaticComplexity="1" minCyclomaticComplexity="1" maxCrapScore="2" minCrapScore="2" visitedClasses="0" numClasses="1" visitedMethods="0" numMethods="2" />
          <FullName>Test.Paging.PhysicalLevel.Configurations.ConfigurationBuilderTest/&lt;&gt;c__DisplayClass21_0</FullName>
          <Methods>
            <Method visited="false" cyclomaticComplexity="1" nPathComplexity="0" sequenceCoverage="0" branchCoverage="0" crapScore="2" isConstructor="true" isStatic="false" isGetter="false" isSetter="false">
              <Summary numSequencePoints="0" visitedSequencePoints="0" numBranchPoints="0" visitedBranchPoints="0" sequenceCoverage="0" branchCoverage="0" maxCyclomaticComplexity="1" minCyclomaticComplexity="1" maxCrapScore="2" minCrapScore="2" visitedClasses="0" numClasses="0" visitedMethods="0" numMethods="0" />
              <MetadataToken>100663623</MetadataToken>
              <Name>System.Void Test.Paging.PhysicalLevel.Configurations.ConfigurationBuilderTest/&lt;&gt;c__DisplayClass21_0::.ctor()</Name>
              <SequencePoints />
              <BranchPoints />
              <MethodPoint vc="0" uspid="1573" ordinal="0" offset="0" />
            </Method>
            <Method visited="false" cyclomaticComplexity="1" nPathComplexity="0" sequenceCoverage="0" branchCoverage="0" crapScore="2" isConstructor="false" isStatic="false" isGetter="false" isSetter="false">
              <Summary numSequencePoints="5" visitedSequencePoints="0" numBranchPoints="1" visitedBranchPoints="0" sequenceCoverage="0" branchCoverage="0" maxCyclomaticComplexity="1" minCyclomaticComplexity="1" maxCrapScore="2" minCrapScore="2" visitedClasses="0" numClasses="0" visitedMethods="0" numMethods="1" />
              <MetadataToken>100663624</MetadataToken>
              <Name>System.Collections.Generic.ICollection`1&lt;System.Object&gt; Test.Paging.PhysicalLevel.Configurations.ConfigurationBuilderTest/&lt;&gt;c__DisplayClass21_0::&lt;CommonHeaderDefinition&gt;b__3(FakeItEasy.Core.IFakeObjectCall)</Name>
              <FileRef uid="35" />
              <SequencePoints>
                <SequencePoint vc="0" uspid="1574" ordinal="0" offset="0" sl="454" sc="29" el="454" ec="30" bec="0" bev="0" fileid="35" />
                <SequencePoint vc="0" uspid="1575" ordinal="1" offset="1" sl="455" sc="33" el="455" ec="69" bec="0" bev="0" fileid="35" />
                <SequencePoint vc="0" uspid="1576" ordinal="2" offset="19" sl="456" sc="33" el="456" ec="74" bec="0" bev="0" fileid="35" />
                <SequencePoint vc="0" uspid="1577" ordinal="3" offset="50" sl="457" sc="33" el="457" ec="63" bec="0" bev="0" fileid="35" />
                <SequencePoint vc="0" uspid="1578" ordinal="4" offset="63" sl="458" sc="29" el="458" ec="30" bec="0" bev="0" fileid="35" />
              </SequencePoints>
              <BranchPoints />
              <MethodPoint xsi:type="SequencePoint" vc="0" uspid="1574" ordinal="0" offset="0" sl="454" sc="29" el="454" ec="30" bec="0" bev="0" fileid="35" />
            </Method>
            <Method visited="false" cyclomaticComplexity="1" nPathComplexity="0" sequenceCoverage="0" branchCoverage="0" crapScore="2" isConstructor="false" isStatic="false" isGetter="false" isSetter="false">
              <Summary numSequencePoints="5" visitedSequencePoints="0" numBranchPoints="1" visitedBranchPoints="0" sequenceCoverage="0" branchCoverage="0" maxCyclomaticComplexity="1" minCyclomaticComplexity="1" maxCrapScore="2" minCrapScore="2" visitedClasses="0" numClasses="0" visitedMethods="0" numMethods="1" />
              <MetadataToken>100663625</MetadataToken>
              <Name>System.Collections.Generic.ICollection`1&lt;System.Object&gt; Test.Paging.PhysicalLevel.Configurations.ConfigurationBuilderTest/&lt;&gt;c__DisplayClass21_0::&lt;CommonHeaderDefinition&gt;b__5(FakeItEasy.Core.IFakeObjectCall)</Name>
              <FileRef uid="35" />
              <SequencePoints>
                <SequencePoint vc="0" uspid="1579" ordinal="0" offset="0" sl="461" sc="13" el="461" ec="14" bec="0" bev="0" fileid="35" />
                <SequencePoint vc="0" uspid="1580" ordinal="1" offset="1" sl="462" sc="17" el="462" ec="53" bec="0" bev="0" fileid="35" />
                <SequencePoint vc="0" uspid="1581" ordinal="2" offset="19" sl="463" sc="17" el="463" ec="58" bec="0" bev="0" fileid="35" />
                <SequencePoint vc="0" uspid="1582" ordinal="3" offset="50" sl="464" sc="17" el="464" ec="47" bec="0" bev="0" fileid="35" />
                <SequencePoint vc="0" uspid="1583" ordinal="4" offset="63" sl="465" sc="13" el="465" ec="14" bec="0" bev="0" fileid="35" />
              </SequencePoints>
              <BranchPoints />
              <MethodPoint xsi:type="SequencePoint" vc="0" uspid="1579" ordinal="0" offset="0" sl="461" sc="13" el="461" ec="14" bec="0" bev="0" fileid="35" />
            </Method>
          </Methods>
        </Class>
        <Class>
          <Summary numSequencePoints="10" visitedSequencePoints="0" numBranchPoints="2" visitedBranchPoints="0" sequenceCoverage="0" branchCoverage="0" maxCyclomaticComplexity="1" minCyclomaticComplexity="1" maxCrapScore="2" minCrapScore="2" visitedClasses="0" numClasses="1" visitedMethods="0" numMethods="2" />
          <FullName>Test.Paging.PhysicalLevel.Configurations.ConfigurationBuilderTest/&lt;&gt;c__DisplayClass22_0</FullName>
          <Methods>
            <Method visited="false" cyclomaticComplexity="1" nPathComplexity="0" sequenceCoverage="0" branchCoverage="0" crapScore="2" isConstructor="true" isStatic="false" isGetter="false" isSetter="false">
              <Summary numSequencePoints="0" visitedSequencePoints="0" numBranchPoints="0" visitedBranchPoints="0" sequenceCoverage="0" branchCoverage="0" maxCyclomaticComplexity="1" minCyclomaticComplexity="1" maxCrapScore="2" minCrapScore="2" visitedClasses="0" numClasses="0" visitedMethods="0" numMethods="0" />
              <MetadataToken>100663626</MetadataToken>
              <Name>System.Void Test.Paging.PhysicalLevel.Configurations.ConfigurationBuilderTest/&lt;&gt;c__DisplayClass22_0::.ctor()</Name>
              <SequencePoints />
              <BranchPoints />
              <MethodPoint vc="0" uspid="1584" ordinal="0" offset="0" />
            </Method>
            <Method visited="false" cyclomaticComplexity="1" nPathComplexity="0" sequenceCoverage="0" branchCoverage="0" crapScore="2" isConstructor="false" isStatic="false" isGetter="false" isSetter="false">
              <Summary numSequencePoints="5" visitedSequencePoints="0" numBranchPoints="1" visitedBranchPoints="0" sequenceCoverage="0" branchCoverage="0" maxCyclomaticComplexity="1" minCyclomaticComplexity="1" maxCrapScore="2" minCrapScore="2" visitedClasses="0" numClasses="0" visitedMethods="0" numMethods="1" />
              <MetadataToken>100663627</MetadataToken>
              <Name>System.Collections.Generic.ICollection`1&lt;System.Object&gt; Test.Paging.PhysicalLevel.Configurations.ConfigurationBuilderTest/&lt;&gt;c__DisplayClass22_0::&lt;CommonFixedRecordDefinition&gt;b__3(FakeItEasy.Core.IFakeObjectCall)</Name>
              <FileRef uid="35" />
              <SequencePoints>
                <SequencePoint vc="0" uspid="1585" ordinal="0" offset="0" sl="478" sc="29" el="478" ec="30" bec="0" bev="0" fileid="35" />
                <SequencePoint vc="0" uspid="1586" ordinal="1" offset="1" sl="479" sc="33" el="479" ec="69" bec="0" bev="0" fileid="35" />
                <SequencePoint vc="0" uspid="1587" ordinal="2" offset="19" sl="480" sc="33" el="480" ec="74" bec="0" bev="0" fileid="35" />
                <SequencePoint vc="0" uspid="1588" ordinal="3" offset="50" sl="481" sc="33" el="481" ec="63" bec="0" bev="0" fileid="35" />
                <SequencePoint vc="0" uspid="1589" ordinal="4" offset="68" sl="482" sc="29" el="482" ec="30" bec="0" bev="0" fileid="35" />
              </SequencePoints>
              <BranchPoints />
              <MethodPoint xsi:type="SequencePoint" vc="0" uspid="1585" ordinal="0" offset="0" sl="478" sc="29" el="478" ec="30" bec="0" bev="0" fileid="35" />
            </Method>
            <Method visited="false" cyclomaticComplexity="1" nPathComplexity="0" sequenceCoverage="0" branchCoverage="0" crapScore="2" isConstructor="false" isStatic="false" isGetter="false" isSetter="false">
              <Summary numSequencePoints="5" visitedSequencePoints="0" numBranchPoints="1" visitedBranchPoints="0" sequenceCoverage="0" branchCoverage="0" maxCyclomaticComplexity="1" minCyclomaticComplexity="1" maxCrapScore="2" minCrapScore="2" visitedClasses="0" numClasses="0" visitedMethods="0" numMethods="1" />
              <MetadataToken>100663628</MetadataToken>
              <Name>System.Collections.Generic.ICollection`1&lt;System.Object&gt; Test.Paging.PhysicalLevel.Configurations.ConfigurationBuilderTest/&lt;&gt;c__DisplayClass22_0::&lt;CommonFixedRecordDefinition&gt;b__5(FakeItEasy.Core.IFakeObjectCall)</Name>
              <FileRef uid="35" />
              <SequencePoints>
                <SequencePoint vc="0" uspid="1590" ordinal="0" offset="0" sl="485" sc="13" el="485" ec="14" bec="0" bev="0" fileid="35" />
                <SequencePoint vc="0" uspid="1591" ordinal="1" offset="1" sl="486" sc="17" el="486" ec="53" bec="0" bev="0" fileid="35" />
                <SequencePoint vc="0" uspid="1592" ordinal="2" offset="19" sl="487" sc="17" el="487" ec="58" bec="0" bev="0" fileid="35" />
                <SequencePoint vc="0" uspid="1593" ordinal="3" offset="50" sl="488" sc="17" el="488" ec="47" bec="0" bev="0" fileid="35" />
                <SequencePoint vc="0" uspid="1594" ordinal="4" offset="68" sl="489" sc="13" el="489" ec="14" bec="0" bev="0" fileid="35" />
              </SequencePoints>
              <BranchPoints />
              <MethodPoint xsi:type="SequencePoint" vc="0" uspid="1590" ordinal="0" offset="0" sl="485" sc="13" el="485" ec="14" bec="0" bev="0" fileid="35" />
            </Method>
          </Methods>
        </Class>
        <Class>
          <Summary numSequencePoints="0" visitedSequencePoints="0" numBranchPoints="0" visitedBranchPoints="0" sequenceCoverage="0" branchCoverage="0" maxCyclomaticComplexity="0" minCyclomaticComplexity="0" maxCrapScore="0" minCrapScore="0" visitedClasses="0" numClasses="0" visitedMethods="0" numMethods="0" />
          <FullName>&lt;PrivateImplementationDetails&gt;</FullName>
          <Methods />
        </Class>
      </Classes>
    </Module>
  </Modules>
</CoverageSession>